<?xml version="1.0" encoding="UTF-8"?>
<testsuite xmlns:xsi="http://www.w3.org/2001/XMLSchema-instance" xsi:noNamespaceSchemaLocation="https://maven.apache.org/surefire/maven-surefire-plugin/xsd/surefire-test-report-3.0.xsd" version="3.0" name="com.digitiumitservices.boc.ProcessScenarioTest" time="8.289" tests="1" errors="0" skipped="0" failures="0">
  <properties>
    <property name="java.specification.version" value="21"/>
    <property name="sun.cpu.isalist" value="amd64"/>
    <property name="sun.jnu.encoding" value="Cp1252"/>
    <property name="java.class.path" value="C:\Users\mubee\Documents\workspace-spring-tool-suite-4-4.26.0.RELEASE\order-creation\target\test-classes;C:\Users\mubee\Documents\workspace-spring-tool-suite-4-4.26.0.RELEASE\order-creation\target\classes;C:\Users\mubee\.m2\repository\org\camunda\bpm\springboot\camunda-bpm-spring-boot-starter-webapp\7.23.0\camunda-bpm-spring-boot-starter-webapp-7.23.0.jar;C:\Users\mubee\.m2\repository\org\camunda\bpm\springboot\camunda-bpm-spring-boot-starter-webapp-core\7.23.0\camunda-bpm-spring-boot-starter-webapp-core-7.23.0.jar;C:\Users\mubee\.m2\repository\org\camunda\bpm\webapp\camunda-webapp-jakarta\7.23.0\camunda-webapp-jakarta-7.23.0-classes.jar;C:\Users\mubee\.m2\repository\org\springframework\boot\spring-boot-starter-web\3.4.4\spring-boot-starter-web-3.4.4.jar;C:\Users\mubee\.m2\repository\org\camunda\bpm\webapp\camunda-webapp-webjar\7.23.0\camunda-webapp-webjar-7.23.0.jar;C:\Users\mubee\.m2\repository\org\camunda\bpm\springboot\camunda-bpm-spring-boot-starter-rest\7.23.0\camunda-bpm-spring-boot-starter-rest-7.23.0.jar;C:\Users\mubee\.m2\repository\org\camunda\bpm\springboot\camunda-bpm-spring-boot-starter\7.23.0\camunda-bpm-spring-boot-starter-7.23.0.jar;C:\Users\mubee\.m2\repository\org\camunda\bpm\camunda-engine-spring-6\7.23.0\camunda-engine-spring-6-7.23.0.jar;C:\Users\mubee\.m2\repository\org\camunda\bpm\camunda-engine\7.23.0\camunda-engine-7.23.0.jar;C:\Users\mubee\.m2\repository\org\camunda\bpm\model\camunda-bpmn-model\7.23.0\camunda-bpmn-model-7.23.0.jar;C:\Users\mubee\.m2\repository\org\camunda\bpm\model\camunda-xml-model\7.23.0\camunda-xml-model-7.23.0.jar;C:\Users\mubee\.m2\repository\org\camunda\bpm\model\camunda-cmmn-model\7.23.0\camunda-cmmn-model-7.23.0.jar;C:\Users\mubee\.m2\repository\org\camunda\bpm\juel\camunda-juel\7.23.0\camunda-juel-7.23.0.jar;C:\Users\mubee\.m2\repository\org\camunda\bpm\dmn\camunda-engine-dmn\7.23.0\camunda-engine-dmn-7.23.0.jar;C:\Users\mubee\.m2\repository\org\camunda\bpm\model\camunda-dmn-model\7.23.0\camunda-dmn-model-7.23.0.jar;C:\Users\mubee\.m2\repository\org\camunda\bpm\dmn\camunda-engine-feel-api\7.23.0\camunda-engine-feel-api-7.23.0.jar;C:\Users\mubee\.m2\repository\org\camunda\bpm\dmn\camunda-engine-feel-juel\7.23.0\camunda-engine-feel-juel-7.23.0.jar;C:\Users\mubee\.m2\repository\org\camunda\bpm\dmn\camunda-engine-feel-scala\7.23.0\camunda-engine-feel-scala-7.23.0.jar;C:\Users\mubee\.m2\repository\org\camunda\feel\feel-engine\1.19.1\feel-engine-1.19.1-scala-shaded.jar;C:\Users\mubee\.m2\repository\org\camunda\commons\camunda-commons-typed-values\7.23.0\camunda-commons-typed-values-7.23.0.jar;C:\Users\mubee\.m2\repository\org\mybatis\mybatis\3.5.15\mybatis-3.5.15.jar;C:\Users\mubee\.m2\repository\joda-time\joda-time\2.12.5\joda-time-2.12.5.jar;C:\Users\mubee\.m2\repository\org\springframework\spring-tx\6.2.5\spring-tx-6.2.5.jar;C:\Users\mubee\.m2\repository\org\springframework\spring-orm\6.2.5\spring-orm-6.2.5.jar;C:\Users\mubee\.m2\repository\org\springframework\boot\spring-boot-autoconfigure\3.4.4\spring-boot-autoconfigure-3.4.4.jar;C:\Users\mubee\.m2\repository\org\apache\commons\commons-lang3\3.17.0\commons-lang3-3.17.0.jar;C:\Users\mubee\.m2\repository\com\fasterxml\uuid\java-uuid-generator\4.3.0\java-uuid-generator-4.3.0.jar;C:\Users\mubee\.m2\repository\com\sun\xml\bind\jaxb-impl\4.0.5\jaxb-impl-4.0.5.jar;C:\Users\mubee\.m2\repository\com\sun\xml\bind\jaxb-core\4.0.5\jaxb-core-4.0.5.jar;C:\Users\mubee\.m2\repository\org\eclipse\angus\angus-activation\2.0.2\angus-activation-2.0.2.jar;C:\Users\mubee\.m2\repository\org\camunda\bpm\camunda-engine-rest-core-jakarta\7.23.0\camunda-engine-rest-core-jakarta-7.23.0.jar;C:\Users\mubee\.m2\repository\commons-fileupload\commons-fileupload\1.5\commons-fileupload-1.5.jar;C:\Users\mubee\.m2\repository\commons-io\commons-io\2.17.0\commons-io-2.17.0.jar;C:\Users\mubee\.m2\repository\com\fasterxml\jackson\jakarta\rs\jackson-jakarta-rs-json-provider\2.18.3\jackson-jakarta-rs-json-provider-2.18.3.jar;C:\Users\mubee\.m2\repository\com\fasterxml\jackson\jakarta\rs\jackson-jakarta-rs-base\2.18.3\jackson-jakarta-rs-base-2.18.3.jar;C:\Users\mubee\.m2\repository\com\fasterxml\jackson\module\jackson-module-jakarta-xmlbind-annotations\2.18.3\jackson-module-jakarta-xmlbind-annotations-2.18.3.jar;C:\Users\mubee\.m2\repository\com\fasterxml\jackson\core\jackson-databind\2.18.3\jackson-databind-2.18.3.jar;C:\Users\mubee\.m2\repository\com\fasterxml\jackson\core\jackson-annotations\2.18.3\jackson-annotations-2.18.3.jar;C:\Users\mubee\.m2\repository\com\fasterxml\jackson\core\jackson-core\2.18.3\jackson-core-2.18.3.jar;C:\Users\mubee\.m2\repository\com\fasterxml\jackson\datatype\jackson-datatype-jsr310\2.18.3\jackson-datatype-jsr310-2.18.3.jar;C:\Users\mubee\.m2\repository\org\springframework\boot\spring-boot-starter-jersey\3.4.4\spring-boot-starter-jersey-3.4.4.jar;C:\Users\mubee\.m2\repository\org\springframework\boot\spring-boot-starter-json\3.4.4\spring-boot-starter-json-3.4.4.jar;C:\Users\mubee\.m2\repository\com\fasterxml\jackson\datatype\jackson-datatype-jdk8\2.18.3\jackson-datatype-jdk8-2.18.3.jar;C:\Users\mubee\.m2\repository\com\fasterxml\jackson\module\jackson-module-parameter-names\2.18.3\jackson-module-parameter-names-2.18.3.jar;C:\Users\mubee\.m2\repository\org\springframework\boot\spring-boot-starter-tomcat\3.4.4\spring-boot-starter-tomcat-3.4.4.jar;C:\Users\mubee\.m2\repository\org\apache\tomcat\embed\tomcat-embed-core\10.1.39\tomcat-embed-core-10.1.39.jar;C:\Users\mubee\.m2\repository\org\apache\tomcat\embed\tomcat-embed-el\10.1.39\tomcat-embed-el-10.1.39.jar;C:\Users\mubee\.m2\repository\org\apache\tomcat\embed\tomcat-embed-websocket\10.1.39\tomcat-embed-websocket-10.1.39.jar;C:\Users\mubee\.m2\repository\org\springframework\boot\spring-boot-starter-validation\3.4.4\spring-boot-starter-validation-3.4.4.jar;C:\Users\mubee\.m2\repository\org\hibernate\validator\hibernate-validator\8.0.2.Final\hibernate-validator-8.0.2.Final.jar;C:\Users\mubee\.m2\repository\org\glassfish\jersey\containers\jersey-container-servlet-core\3.1.10\jersey-container-servlet-core-3.1.10.jar;C:\Users\mubee\.m2\repository\org\glassfish\jersey\core\jersey-common\3.1.10\jersey-common-3.1.10.jar;C:\Users\mubee\.m2\repository\org\glassfish\hk2\osgi-resource-locator\1.0.3\osgi-resource-locator-1.0.3.jar;C:\Users\mubee\.m2\repository\jakarta\ws\rs\jakarta.ws.rs-api\3.1.0\jakarta.ws.rs-api-3.1.0.jar;C:\Users\mubee\.m2\repository\org\glassfish\jersey\containers\jersey-container-servlet\3.1.10\jersey-container-servlet-3.1.10.jar;C:\Users\mubee\.m2\repository\org\glassfish\jersey\core\jersey-server\3.1.10\jersey-server-3.1.10.jar;C:\Users\mubee\.m2\repository\org\glassfish\jersey\core\jersey-client\3.1.10\jersey-client-3.1.10.jar;C:\Users\mubee\.m2\repository\jakarta\validation\jakarta.validation-api\3.0.2\jakarta.validation-api-3.0.2.jar;C:\Users\mubee\.m2\repository\org\glassfish\jersey\ext\jersey-bean-validation\3.1.10\jersey-bean-validation-3.1.10.jar;C:\Users\mubee\.m2\repository\org\glassfish\expressly\expressly\5.0.0\expressly-5.0.0.jar;C:\Users\mubee\.m2\repository\org\glassfish\jersey\ext\jersey-spring6\3.1.10\jersey-spring6-3.1.10.jar;C:\Users\mubee\.m2\repository\org\glassfish\jersey\inject\jersey-hk2\3.1.10\jersey-hk2-3.1.10.jar;C:\Users\mubee\.m2\repository\org\glassfish\hk2\hk2-locator\3.0.6\hk2-locator-3.0.6.jar;C:\Users\mubee\.m2\repository\org\glassfish\hk2\external\aopalliance-repackaged\3.0.6\aopalliance-repackaged-3.0.6.jar;C:\Users\mubee\.m2\repository\org\javassist\javassist\3.30.2-GA\javassist-3.30.2-GA.jar;C:\Users\mubee\.m2\repository\org\glassfish\hk2\hk2\3.0.6\hk2-3.0.6.jar;C:\Users\mubee\.m2\repository\org\glassfish\hk2\hk2-utils\3.0.6\hk2-utils-3.0.6.jar;C:\Users\mubee\.m2\repository\org\glassfish\hk2\hk2-api\3.0.6\hk2-api-3.0.6.jar;C:\Users\mubee\.m2\repository\org\glassfish\hk2\hk2-core\3.0.6\hk2-core-3.0.6.jar;C:\Users\mubee\.m2\repository\org\glassfish\hk2\hk2-runlevel\3.0.6\hk2-runlevel-3.0.6.jar;C:\Users\mubee\.m2\repository\org\glassfish\hk2\class-model\3.0.6\class-model-3.0.6.jar;C:\Users\mubee\.m2\repository\org\ow2\asm\asm-commons\9.6\asm-commons-9.6.jar;C:\Users\mubee\.m2\repository\org\glassfish\hk2\spring-bridge\3.0.6\spring-bridge-3.0.6.jar;C:\Users\mubee\.m2\repository\org\glassfish\jersey\media\jersey-media-json-jackson\3.1.10\jersey-media-json-jackson-3.1.10.jar;C:\Users\mubee\.m2\repository\org\glassfish\jersey\ext\jersey-entity-filtering\3.1.10\jersey-entity-filtering-3.1.10.jar;C:\Users\mubee\.m2\repository\org\springframework\boot\spring-boot-starter-data-jpa\3.4.4\spring-boot-starter-data-jpa-3.4.4.jar;C:\Users\mubee\.m2\repository\org\springframework\boot\spring-boot-starter\3.4.4\spring-boot-starter-3.4.4.jar;C:\Users\mubee\.m2\repository\org\springframework\boot\spring-boot\3.4.4\spring-boot-3.4.4.jar;C:\Users\mubee\.m2\repository\org\springframework\boot\spring-boot-starter-logging\3.4.4\spring-boot-starter-logging-3.4.4.jar;C:\Users\mubee\.m2\repository\ch\qos\logback\logback-classic\1.5.18\logback-classic-1.5.18.jar;C:\Users\mubee\.m2\repository\ch\qos\logback\logback-core\1.5.18\logback-core-1.5.18.jar;C:\Users\mubee\.m2\repository\org\apache\logging\log4j\log4j-to-slf4j\2.24.3\log4j-to-slf4j-2.24.3.jar;C:\Users\mubee\.m2\repository\org\apache\logging\log4j\log4j-api\2.24.3\log4j-api-2.24.3.jar;C:\Users\mubee\.m2\repository\jakarta\annotation\jakarta.annotation-api\2.1.1\jakarta.annotation-api-2.1.1.jar;C:\Users\mubee\.m2\repository\org\yaml\snakeyaml\2.3\snakeyaml-2.3.jar;C:\Users\mubee\.m2\repository\org\hibernate\orm\hibernate-core\6.6.11.Final\hibernate-core-6.6.11.Final.jar;C:\Users\mubee\.m2\repository\jakarta\persistence\jakarta.persistence-api\3.1.0\jakarta.persistence-api-3.1.0.jar;C:\Users\mubee\.m2\repository\jakarta\transaction\jakarta.transaction-api\2.0.1\jakarta.transaction-api-2.0.1.jar;C:\Users\mubee\.m2\repository\org\jboss\logging\jboss-logging\3.6.1.Final\jboss-logging-3.6.1.Final.jar;C:\Users\mubee\.m2\repository\org\hibernate\common\hibernate-commons-annotations\7.0.3.Final\hibernate-commons-annotations-7.0.3.Final.jar;C:\Users\mubee\.m2\repository\io\smallrye\jandex\3.2.0\jandex-3.2.0.jar;C:\Users\mubee\.m2\repository\com\fasterxml\classmate\1.7.0\classmate-1.7.0.jar;C:\Users\mubee\.m2\repository\net\bytebuddy\byte-buddy\1.15.11\byte-buddy-1.15.11.jar;C:\Users\mubee\.m2\repository\org\glassfish\jaxb\jaxb-runtime\4.0.5\jaxb-runtime-4.0.5.jar;C:\Users\mubee\.m2\repository\org\glassfish\jaxb\jaxb-core\4.0.5\jaxb-core-4.0.5.jar;C:\Users\mubee\.m2\repository\org\glassfish\jaxb\txw2\4.0.5\txw2-4.0.5.jar;C:\Users\mubee\.m2\repository\com\sun\istack\istack-commons-runtime\4.1.2\istack-commons-runtime-4.1.2.jar;C:\Users\mubee\.m2\repository\jakarta\inject\jakarta.inject-api\2.0.1\jakarta.inject-api-2.0.1.jar;C:\Users\mubee\.m2\repository\org\antlr\antlr4-runtime\4.13.0\antlr4-runtime-4.13.0.jar;C:\Users\mubee\.m2\repository\org\springframework\data\spring-data-jpa\3.4.4\spring-data-jpa-3.4.4.jar;C:\Users\mubee\.m2\repository\org\springframework\data\spring-data-commons\3.4.4\spring-data-commons-3.4.4.jar;C:\Users\mubee\.m2\repository\org\springframework\spring-aspects\6.2.5\spring-aspects-6.2.5.jar;C:\Users\mubee\.m2\repository\org\aspectj\aspectjweaver\1.9.23\aspectjweaver-1.9.23.jar;C:\Users\mubee\.m2\repository\mysql\mysql-connector-java\8.0.30\mysql-connector-java-8.0.30.jar;C:\Users\mubee\.m2\repository\com\google\protobuf\protobuf-java\3.19.4\protobuf-java-3.19.4.jar;C:\Users\mubee\.m2\repository\com\h2database\h2\2.3.232\h2-2.3.232.jar;C:\Users\mubee\.m2\repository\org\springframework\boot\spring-boot-starter-jdbc\3.4.4\spring-boot-starter-jdbc-3.4.4.jar;C:\Users\mubee\.m2\repository\com\zaxxer\HikariCP\5.1.0\HikariCP-5.1.0.jar;C:\Users\mubee\.m2\repository\org\springframework\spring-jdbc\6.2.5\spring-jdbc-6.2.5.jar;C:\Users\mubee\.m2\repository\org\camunda\spin\camunda-spin-dataformat-all\7.23.0\camunda-spin-dataformat-all-7.23.0.jar;C:\Users\mubee\.m2\repository\org\camunda\spin\camunda-spin-core\7.23.0\camunda-spin-core-7.23.0.jar;C:\Users\mubee\.m2\repository\org\camunda\commons\camunda-commons-logging\7.23.0\camunda-commons-logging-7.23.0.jar;C:\Users\mubee\.m2\repository\org\slf4j\slf4j-api\2.0.17\slf4j-api-2.0.17.jar;C:\Users\mubee\.m2\repository\org\camunda\commons\camunda-commons-utils\7.23.0\camunda-commons-utils-7.23.0.jar;C:\Users\mubee\.m2\repository\org\camunda\bpm\camunda-engine-plugin-spin\7.23.0\camunda-engine-plugin-spin-7.23.0.jar;C:\Users\mubee\.m2\repository\org\springframework\boot\spring-boot-starter-test\3.4.4\spring-boot-starter-test-3.4.4.jar;C:\Users\mubee\.m2\repository\org\springframework\boot\spring-boot-test\3.4.4\spring-boot-test-3.4.4.jar;C:\Users\mubee\.m2\repository\org\springframework\boot\spring-boot-test-autoconfigure\3.4.4\spring-boot-test-autoconfigure-3.4.4.jar;C:\Users\mubee\.m2\repository\com\jayway\jsonpath\json-path\2.9.0\json-path-2.9.0.jar;C:\Users\mubee\.m2\repository\jakarta\xml\bind\jakarta.xml.bind-api\4.0.2\jakarta.xml.bind-api-4.0.2.jar;C:\Users\mubee\.m2\repository\jakarta\activation\jakarta.activation-api\2.1.3\jakarta.activation-api-2.1.3.jar;C:\Users\mubee\.m2\repository\net\minidev\json-smart\2.5.2\json-smart-2.5.2.jar;C:\Users\mubee\.m2\repository\net\minidev\accessors-smart\2.5.2\accessors-smart-2.5.2.jar;C:\Users\mubee\.m2\repository\org\ow2\asm\asm\9.7.1\asm-9.7.1.jar;C:\Users\mubee\.m2\repository\org\assertj\assertj-core\3.26.3\assertj-core-3.26.3.jar;C:\Users\mubee\.m2\repository\org\awaitility\awaitility\4.2.2\awaitility-4.2.2.jar;C:\Users\mubee\.m2\repository\org\hamcrest\hamcrest\2.2\hamcrest-2.2.jar;C:\Users\mubee\.m2\repository\org\junit\jupiter\junit-jupiter\5.11.4\junit-jupiter-5.11.4.jar;C:\Users\mubee\.m2\repository\org\junit\jupiter\junit-jupiter-api\5.11.4\junit-jupiter-api-5.11.4.jar;C:\Users\mubee\.m2\repository\org\opentest4j\opentest4j\1.3.0\opentest4j-1.3.0.jar;C:\Users\mubee\.m2\repository\org\junit\platform\junit-platform-commons\1.11.4\junit-platform-commons-1.11.4.jar;C:\Users\mubee\.m2\repository\org\apiguardian\apiguardian-api\1.1.2\apiguardian-api-1.1.2.jar;C:\Users\mubee\.m2\repository\org\junit\jupiter\junit-jupiter-params\5.11.4\junit-jupiter-params-5.11.4.jar;C:\Users\mubee\.m2\repository\org\junit\jupiter\junit-jupiter-engine\5.11.4\junit-jupiter-engine-5.11.4.jar;C:\Users\mubee\.m2\repository\org\junit\platform\junit-platform-engine\1.11.4\junit-platform-engine-1.11.4.jar;C:\Users\mubee\.m2\repository\org\mockito\mockito-core\5.14.2\mockito-core-5.14.2.jar;C:\Users\mubee\.m2\repository\net\bytebuddy\byte-buddy-agent\1.15.11\byte-buddy-agent-1.15.11.jar;C:\Users\mubee\.m2\repository\org\objenesis\objenesis\3.3\objenesis-3.3.jar;C:\Users\mubee\.m2\repository\org\mockito\mockito-junit-jupiter\5.14.2\mockito-junit-jupiter-5.14.2.jar;C:\Users\mubee\.m2\repository\org\skyscreamer\jsonassert\1.5.3\jsonassert-1.5.3.jar;C:\Users\mubee\.m2\repository\com\vaadin\external\google\android-json\0.0.20131108.vaadin1\android-json-0.0.20131108.vaadin1.jar;C:\Users\mubee\.m2\repository\org\springframework\spring-core\6.2.5\spring-core-6.2.5.jar;C:\Users\mubee\.m2\repository\org\springframework\spring-jcl\6.2.5\spring-jcl-6.2.5.jar;C:\Users\mubee\.m2\repository\org\springframework\spring-test\6.2.5\spring-test-6.2.5.jar;C:\Users\mubee\.m2\repository\org\xmlunit\xmlunit-core\2.10.0\xmlunit-core-2.10.0.jar;C:\Users\mubee\.m2\repository\org\camunda\bpm\camunda-bpm-junit5\7.23.0\camunda-bpm-junit5-7.23.0.jar;C:\Users\mubee\.m2\repository\org\camunda\bpm\dmn\camunda-dmn-junit5\7.23.0\camunda-dmn-junit5-7.23.0.jar;C:\Users\mubee\.m2\repository\org\camunda\bpm\camunda-bpm-assert\7.23.0\camunda-bpm-assert-7.23.0.jar;C:\Users\mubee\.m2\repository\org\camunda\community\process_test_coverage\camunda-process-test-coverage-junit5-platform-7\2.1.0\camunda-process-test-coverage-junit5-platform-7-2.1.0.jar;C:\Users\mubee\.m2\repository\org\camunda\community\process_test_coverage\camunda-process-test-coverage-engine-platform-7\2.1.0\camunda-process-test-coverage-engine-platform-7-2.1.0.jar;C:\Users\mubee\.m2\repository\org\camunda\community\process_test_coverage\camunda-process-test-coverage-core\2.1.0\camunda-process-test-coverage-core-2.1.0.jar;C:\Users\mubee\.m2\repository\com\google\code\gson\gson\2.11.0\gson-2.11.0.jar;C:\Users\mubee\.m2\repository\com\google\errorprone\error_prone_annotations\2.27.0\error_prone_annotations-2.27.0.jar;C:\Users\mubee\.m2\repository\org\camunda\community\process_test_coverage\camunda-process-test-coverage-report-generator\2.1.0\camunda-process-test-coverage-report-generator-2.1.0.jar;C:\Users\mubee\.m2\repository\io\github\microutils\kotlin-logging-jvm\3.0.0\kotlin-logging-jvm-3.0.0.jar;C:\Users\mubee\.m2\repository\org\jetbrains\kotlin\kotlin-stdlib-common\1.9.25\kotlin-stdlib-common-1.9.25.jar;C:\Users\mubee\.m2\repository\org\jetbrains\kotlin\kotlin-stdlib-jdk8\1.9.25\kotlin-stdlib-jdk8-1.9.25.jar;C:\Users\mubee\.m2\repository\org\jetbrains\kotlin\kotlin-stdlib\1.9.25\kotlin-stdlib-1.9.25.jar;C:\Users\mubee\.m2\repository\org\jetbrains\annotations\13.0\annotations-13.0.jar;C:\Users\mubee\.m2\repository\org\jetbrains\kotlin\kotlin-stdlib-jdk7\1.9.25\kotlin-stdlib-jdk7-1.9.25.jar;C:\Users\mubee\.m2\repository\org\camunda\bpm\extension\camunda-bpm-junit5\1.1.0\camunda-bpm-junit5-1.1.0.jar;C:\Users\mubee\.m2\repository\org\camunda\community\process_test_coverage\camunda-process-test-coverage-spring-test-platform-7\2.1.0\camunda-process-test-coverage-spring-test-platform-7-2.1.0.jar;C:\Users\mubee\.m2\repository\org\camunda\bpm\extension\camunda-bpm-assert-scenario\1.1.1\camunda-bpm-assert-scenario-1.1.1.jar;C:\Users\mubee\.m2\repository\org\slf4j\jul-to-slf4j\2.0.17\jul-to-slf4j-2.0.17.jar;C:\Users\mubee\.m2\repository\javax\xml\bind\jaxb-api\2.3.1\jaxb-api-2.3.1.jar;C:\Users\mubee\.m2\repository\javax\activation\javax.activation-api\1.2.0\javax.activation-api-1.2.0.jar;C:\Users\mubee\.m2\repository\org\springframework\spring-webmvc\6.2.5\spring-webmvc-6.2.5.jar;C:\Users\mubee\.m2\repository\org\springframework\spring-aop\6.2.5\spring-aop-6.2.5.jar;C:\Users\mubee\.m2\repository\org\springframework\spring-beans\6.2.5\spring-beans-6.2.5.jar;C:\Users\mubee\.m2\repository\org\springframework\spring-context\6.2.5\spring-context-6.2.5.jar;C:\Users\mubee\.m2\repository\io\micrometer\micrometer-observation\1.14.5\micrometer-observation-1.14.5.jar;C:\Users\mubee\.m2\repository\io\micrometer\micrometer-commons\1.14.5\micrometer-commons-1.14.5.jar;C:\Users\mubee\.m2\repository\org\springframework\spring-expression\6.2.5\spring-expression-6.2.5.jar;C:\Users\mubee\.m2\repository\org\springframework\spring-web\6.2.5\spring-web-6.2.5.jar;"/>
    <property name="java.vm.vendor" value="Eclipse Adoptium"/>
    <property name="sun.arch.data.model" value="64"/>
    <property name="user.variant" value=""/>
    <property name="java.vendor.url" value="https://adoptium.net/"/>
    <property name="user.timezone" value="Asia/Calcutta"/>
    <property name="org.jboss.logging.provider" value="slf4j"/>
    <property name="os.name" value="Windows 11"/>
    <property name="java.vm.specification.version" value="21"/>
    <property name="sun.java.launcher" value="SUN_STANDARD"/>
    <property name="user.country" value="IN"/>
    <property name="sun.boot.library.path" value="C:\sts-4.26.0.RELEASE\plugins\org.eclipse.justj.openjdk.hotspot.jre.full.win32.x86_64_21.0.4.v20240802-1551\jre\bin"/>
    <property name="sun.java.command" value="C:\Users\mubee\AppData\Local\Temp\surefire4274895907747244452\surefirebooter-20250503124815800_3.jar C:\Users\mubee\AppData\Local\Temp\surefire4274895907747244452 2025-05-03T12-48-15_705-jvmRun1 surefire-20250503124815800_1tmp surefire_0-20250503124815800_2tmp"/>
    <property name="jdk.debug" value="release"/>
    <property name="surefire.test.class.path" value="C:\Users\mubee\Documents\workspace-spring-tool-suite-4-4.26.0.RELEASE\order-creation\target\test-classes;C:\Users\mubee\Documents\workspace-spring-tool-suite-4-4.26.0.RELEASE\order-creation\target\classes;C:\Users\mubee\.m2\repository\org\camunda\bpm\springboot\camunda-bpm-spring-boot-starter-webapp\7.23.0\camunda-bpm-spring-boot-starter-webapp-7.23.0.jar;C:\Users\mubee\.m2\repository\org\camunda\bpm\springboot\camunda-bpm-spring-boot-starter-webapp-core\7.23.0\camunda-bpm-spring-boot-starter-webapp-core-7.23.0.jar;C:\Users\mubee\.m2\repository\org\camunda\bpm\webapp\camunda-webapp-jakarta\7.23.0\camunda-webapp-jakarta-7.23.0-classes.jar;C:\Users\mubee\.m2\repository\org\springframework\boot\spring-boot-starter-web\3.4.4\spring-boot-starter-web-3.4.4.jar;C:\Users\mubee\.m2\repository\org\camunda\bpm\webapp\camunda-webapp-webjar\7.23.0\camunda-webapp-webjar-7.23.0.jar;C:\Users\mubee\.m2\repository\org\camunda\bpm\springboot\camunda-bpm-spring-boot-starter-rest\7.23.0\camunda-bpm-spring-boot-starter-rest-7.23.0.jar;C:\Users\mubee\.m2\repository\org\camunda\bpm\springboot\camunda-bpm-spring-boot-starter\7.23.0\camunda-bpm-spring-boot-starter-7.23.0.jar;C:\Users\mubee\.m2\repository\org\camunda\bpm\camunda-engine-spring-6\7.23.0\camunda-engine-spring-6-7.23.0.jar;C:\Users\mubee\.m2\repository\org\camunda\bpm\camunda-engine\7.23.0\camunda-engine-7.23.0.jar;C:\Users\mubee\.m2\repository\org\camunda\bpm\model\camunda-bpmn-model\7.23.0\camunda-bpmn-model-7.23.0.jar;C:\Users\mubee\.m2\repository\org\camunda\bpm\model\camunda-xml-model\7.23.0\camunda-xml-model-7.23.0.jar;C:\Users\mubee\.m2\repository\org\camunda\bpm\model\camunda-cmmn-model\7.23.0\camunda-cmmn-model-7.23.0.jar;C:\Users\mubee\.m2\repository\org\camunda\bpm\juel\camunda-juel\7.23.0\camunda-juel-7.23.0.jar;C:\Users\mubee\.m2\repository\org\camunda\bpm\dmn\camunda-engine-dmn\7.23.0\camunda-engine-dmn-7.23.0.jar;C:\Users\mubee\.m2\repository\org\camunda\bpm\model\camunda-dmn-model\7.23.0\camunda-dmn-model-7.23.0.jar;C:\Users\mubee\.m2\repository\org\camunda\bpm\dmn\camunda-engine-feel-api\7.23.0\camunda-engine-feel-api-7.23.0.jar;C:\Users\mubee\.m2\repository\org\camunda\bpm\dmn\camunda-engine-feel-juel\7.23.0\camunda-engine-feel-juel-7.23.0.jar;C:\Users\mubee\.m2\repository\org\camunda\bpm\dmn\camunda-engine-feel-scala\7.23.0\camunda-engine-feel-scala-7.23.0.jar;C:\Users\mubee\.m2\repository\org\camunda\feel\feel-engine\1.19.1\feel-engine-1.19.1-scala-shaded.jar;C:\Users\mubee\.m2\repository\org\camunda\commons\camunda-commons-typed-values\7.23.0\camunda-commons-typed-values-7.23.0.jar;C:\Users\mubee\.m2\repository\org\mybatis\mybatis\3.5.15\mybatis-3.5.15.jar;C:\Users\mubee\.m2\repository\joda-time\joda-time\2.12.5\joda-time-2.12.5.jar;C:\Users\mubee\.m2\repository\org\springframework\spring-tx\6.2.5\spring-tx-6.2.5.jar;C:\Users\mubee\.m2\repository\org\springframework\spring-orm\6.2.5\spring-orm-6.2.5.jar;C:\Users\mubee\.m2\repository\org\springframework\boot\spring-boot-autoconfigure\3.4.4\spring-boot-autoconfigure-3.4.4.jar;C:\Users\mubee\.m2\repository\org\apache\commons\commons-lang3\3.17.0\commons-lang3-3.17.0.jar;C:\Users\mubee\.m2\repository\com\fasterxml\uuid\java-uuid-generator\4.3.0\java-uuid-generator-4.3.0.jar;C:\Users\mubee\.m2\repository\com\sun\xml\bind\jaxb-impl\4.0.5\jaxb-impl-4.0.5.jar;C:\Users\mubee\.m2\repository\com\sun\xml\bind\jaxb-core\4.0.5\jaxb-core-4.0.5.jar;C:\Users\mubee\.m2\repository\org\eclipse\angus\angus-activation\2.0.2\angus-activation-2.0.2.jar;C:\Users\mubee\.m2\repository\org\camunda\bpm\camunda-engine-rest-core-jakarta\7.23.0\camunda-engine-rest-core-jakarta-7.23.0.jar;C:\Users\mubee\.m2\repository\commons-fileupload\commons-fileupload\1.5\commons-fileupload-1.5.jar;C:\Users\mubee\.m2\repository\commons-io\commons-io\2.17.0\commons-io-2.17.0.jar;C:\Users\mubee\.m2\repository\com\fasterxml\jackson\jakarta\rs\jackson-jakarta-rs-json-provider\2.18.3\jackson-jakarta-rs-json-provider-2.18.3.jar;C:\Users\mubee\.m2\repository\com\fasterxml\jackson\jakarta\rs\jackson-jakarta-rs-base\2.18.3\jackson-jakarta-rs-base-2.18.3.jar;C:\Users\mubee\.m2\repository\com\fasterxml\jackson\module\jackson-module-jakarta-xmlbind-annotations\2.18.3\jackson-module-jakarta-xmlbind-annotations-2.18.3.jar;C:\Users\mubee\.m2\repository\com\fasterxml\jackson\core\jackson-databind\2.18.3\jackson-databind-2.18.3.jar;C:\Users\mubee\.m2\repository\com\fasterxml\jackson\core\jackson-annotations\2.18.3\jackson-annotations-2.18.3.jar;C:\Users\mubee\.m2\repository\com\fasterxml\jackson\core\jackson-core\2.18.3\jackson-core-2.18.3.jar;C:\Users\mubee\.m2\repository\com\fasterxml\jackson\datatype\jackson-datatype-jsr310\2.18.3\jackson-datatype-jsr310-2.18.3.jar;C:\Users\mubee\.m2\repository\org\springframework\boot\spring-boot-starter-jersey\3.4.4\spring-boot-starter-jersey-3.4.4.jar;C:\Users\mubee\.m2\repository\org\springframework\boot\spring-boot-starter-json\3.4.4\spring-boot-starter-json-3.4.4.jar;C:\Users\mubee\.m2\repository\com\fasterxml\jackson\datatype\jackson-datatype-jdk8\2.18.3\jackson-datatype-jdk8-2.18.3.jar;C:\Users\mubee\.m2\repository\com\fasterxml\jackson\module\jackson-module-parameter-names\2.18.3\jackson-module-parameter-names-2.18.3.jar;C:\Users\mubee\.m2\repository\org\springframework\boot\spring-boot-starter-tomcat\3.4.4\spring-boot-starter-tomcat-3.4.4.jar;C:\Users\mubee\.m2\repository\org\apache\tomcat\embed\tomcat-embed-core\10.1.39\tomcat-embed-core-10.1.39.jar;C:\Users\mubee\.m2\repository\org\apache\tomcat\embed\tomcat-embed-el\10.1.39\tomcat-embed-el-10.1.39.jar;C:\Users\mubee\.m2\repository\org\apache\tomcat\embed\tomcat-embed-websocket\10.1.39\tomcat-embed-websocket-10.1.39.jar;C:\Users\mubee\.m2\repository\org\springframework\boot\spring-boot-starter-validation\3.4.4\spring-boot-starter-validation-3.4.4.jar;C:\Users\mubee\.m2\repository\org\hibernate\validator\hibernate-validator\8.0.2.Final\hibernate-validator-8.0.2.Final.jar;C:\Users\mubee\.m2\repository\org\glassfish\jersey\containers\jersey-container-servlet-core\3.1.10\jersey-container-servlet-core-3.1.10.jar;C:\Users\mubee\.m2\repository\org\glassfish\jersey\core\jersey-common\3.1.10\jersey-common-3.1.10.jar;C:\Users\mubee\.m2\repository\org\glassfish\hk2\osgi-resource-locator\1.0.3\osgi-resource-locator-1.0.3.jar;C:\Users\mubee\.m2\repository\jakarta\ws\rs\jakarta.ws.rs-api\3.1.0\jakarta.ws.rs-api-3.1.0.jar;C:\Users\mubee\.m2\repository\org\glassfish\jersey\containers\jersey-container-servlet\3.1.10\jersey-container-servlet-3.1.10.jar;C:\Users\mubee\.m2\repository\org\glassfish\jersey\core\jersey-server\3.1.10\jersey-server-3.1.10.jar;C:\Users\mubee\.m2\repository\org\glassfish\jersey\core\jersey-client\3.1.10\jersey-client-3.1.10.jar;C:\Users\mubee\.m2\repository\jakarta\validation\jakarta.validation-api\3.0.2\jakarta.validation-api-3.0.2.jar;C:\Users\mubee\.m2\repository\org\glassfish\jersey\ext\jersey-bean-validation\3.1.10\jersey-bean-validation-3.1.10.jar;C:\Users\mubee\.m2\repository\org\glassfish\expressly\expressly\5.0.0\expressly-5.0.0.jar;C:\Users\mubee\.m2\repository\org\glassfish\jersey\ext\jersey-spring6\3.1.10\jersey-spring6-3.1.10.jar;C:\Users\mubee\.m2\repository\org\glassfish\jersey\inject\jersey-hk2\3.1.10\jersey-hk2-3.1.10.jar;C:\Users\mubee\.m2\repository\org\glassfish\hk2\hk2-locator\3.0.6\hk2-locator-3.0.6.jar;C:\Users\mubee\.m2\repository\org\glassfish\hk2\external\aopalliance-repackaged\3.0.6\aopalliance-repackaged-3.0.6.jar;C:\Users\mubee\.m2\repository\org\javassist\javassist\3.30.2-GA\javassist-3.30.2-GA.jar;C:\Users\mubee\.m2\repository\org\glassfish\hk2\hk2\3.0.6\hk2-3.0.6.jar;C:\Users\mubee\.m2\repository\org\glassfish\hk2\hk2-utils\3.0.6\hk2-utils-3.0.6.jar;C:\Users\mubee\.m2\repository\org\glassfish\hk2\hk2-api\3.0.6\hk2-api-3.0.6.jar;C:\Users\mubee\.m2\repository\org\glassfish\hk2\hk2-core\3.0.6\hk2-core-3.0.6.jar;C:\Users\mubee\.m2\repository\org\glassfish\hk2\hk2-runlevel\3.0.6\hk2-runlevel-3.0.6.jar;C:\Users\mubee\.m2\repository\org\glassfish\hk2\class-model\3.0.6\class-model-3.0.6.jar;C:\Users\mubee\.m2\repository\org\ow2\asm\asm-commons\9.6\asm-commons-9.6.jar;C:\Users\mubee\.m2\repository\org\glassfish\hk2\spring-bridge\3.0.6\spring-bridge-3.0.6.jar;C:\Users\mubee\.m2\repository\org\glassfish\jersey\media\jersey-media-json-jackson\3.1.10\jersey-media-json-jackson-3.1.10.jar;C:\Users\mubee\.m2\repository\org\glassfish\jersey\ext\jersey-entity-filtering\3.1.10\jersey-entity-filtering-3.1.10.jar;C:\Users\mubee\.m2\repository\org\springframework\boot\spring-boot-starter-data-jpa\3.4.4\spring-boot-starter-data-jpa-3.4.4.jar;C:\Users\mubee\.m2\repository\org\springframework\boot\spring-boot-starter\3.4.4\spring-boot-starter-3.4.4.jar;C:\Users\mubee\.m2\repository\org\springframework\boot\spring-boot\3.4.4\spring-boot-3.4.4.jar;C:\Users\mubee\.m2\repository\org\springframework\boot\spring-boot-starter-logging\3.4.4\spring-boot-starter-logging-3.4.4.jar;C:\Users\mubee\.m2\repository\ch\qos\logback\logback-classic\1.5.18\logback-classic-1.5.18.jar;C:\Users\mubee\.m2\repository\ch\qos\logback\logback-core\1.5.18\logback-core-1.5.18.jar;C:\Users\mubee\.m2\repository\org\apache\logging\log4j\log4j-to-slf4j\2.24.3\log4j-to-slf4j-2.24.3.jar;C:\Users\mubee\.m2\repository\org\apache\logging\log4j\log4j-api\2.24.3\log4j-api-2.24.3.jar;C:\Users\mubee\.m2\repository\jakarta\annotation\jakarta.annotation-api\2.1.1\jakarta.annotation-api-2.1.1.jar;C:\Users\mubee\.m2\repository\org\yaml\snakeyaml\2.3\snakeyaml-2.3.jar;C:\Users\mubee\.m2\repository\org\hibernate\orm\hibernate-core\6.6.11.Final\hibernate-core-6.6.11.Final.jar;C:\Users\mubee\.m2\repository\jakarta\persistence\jakarta.persistence-api\3.1.0\jakarta.persistence-api-3.1.0.jar;C:\Users\mubee\.m2\repository\jakarta\transaction\jakarta.transaction-api\2.0.1\jakarta.transaction-api-2.0.1.jar;C:\Users\mubee\.m2\repository\org\jboss\logging\jboss-logging\3.6.1.Final\jboss-logging-3.6.1.Final.jar;C:\Users\mubee\.m2\repository\org\hibernate\common\hibernate-commons-annotations\7.0.3.Final\hibernate-commons-annotations-7.0.3.Final.jar;C:\Users\mubee\.m2\repository\io\smallrye\jandex\3.2.0\jandex-3.2.0.jar;C:\Users\mubee\.m2\repository\com\fasterxml\classmate\1.7.0\classmate-1.7.0.jar;C:\Users\mubee\.m2\repository\net\bytebuddy\byte-buddy\1.15.11\byte-buddy-1.15.11.jar;C:\Users\mubee\.m2\repository\org\glassfish\jaxb\jaxb-runtime\4.0.5\jaxb-runtime-4.0.5.jar;C:\Users\mubee\.m2\repository\org\glassfish\jaxb\jaxb-core\4.0.5\jaxb-core-4.0.5.jar;C:\Users\mubee\.m2\repository\org\glassfish\jaxb\txw2\4.0.5\txw2-4.0.5.jar;C:\Users\mubee\.m2\repository\com\sun\istack\istack-commons-runtime\4.1.2\istack-commons-runtime-4.1.2.jar;C:\Users\mubee\.m2\repository\jakarta\inject\jakarta.inject-api\2.0.1\jakarta.inject-api-2.0.1.jar;C:\Users\mubee\.m2\repository\org\antlr\antlr4-runtime\4.13.0\antlr4-runtime-4.13.0.jar;C:\Users\mubee\.m2\repository\org\springframework\data\spring-data-jpa\3.4.4\spring-data-jpa-3.4.4.jar;C:\Users\mubee\.m2\repository\org\springframework\data\spring-data-commons\3.4.4\spring-data-commons-3.4.4.jar;C:\Users\mubee\.m2\repository\org\springframework\spring-aspects\6.2.5\spring-aspects-6.2.5.jar;C:\Users\mubee\.m2\repository\org\aspectj\aspectjweaver\1.9.23\aspectjweaver-1.9.23.jar;C:\Users\mubee\.m2\repository\mysql\mysql-connector-java\8.0.30\mysql-connector-java-8.0.30.jar;C:\Users\mubee\.m2\repository\com\google\protobuf\protobuf-java\3.19.4\protobuf-java-3.19.4.jar;C:\Users\mubee\.m2\repository\com\h2database\h2\2.3.232\h2-2.3.232.jar;C:\Users\mubee\.m2\repository\org\springframework\boot\spring-boot-starter-jdbc\3.4.4\spring-boot-starter-jdbc-3.4.4.jar;C:\Users\mubee\.m2\repository\com\zaxxer\HikariCP\5.1.0\HikariCP-5.1.0.jar;C:\Users\mubee\.m2\repository\org\springframework\spring-jdbc\6.2.5\spring-jdbc-6.2.5.jar;C:\Users\mubee\.m2\repository\org\camunda\spin\camunda-spin-dataformat-all\7.23.0\camunda-spin-dataformat-all-7.23.0.jar;C:\Users\mubee\.m2\repository\org\camunda\spin\camunda-spin-core\7.23.0\camunda-spin-core-7.23.0.jar;C:\Users\mubee\.m2\repository\org\camunda\commons\camunda-commons-logging\7.23.0\camunda-commons-logging-7.23.0.jar;C:\Users\mubee\.m2\repository\org\slf4j\slf4j-api\2.0.17\slf4j-api-2.0.17.jar;C:\Users\mubee\.m2\repository\org\camunda\commons\camunda-commons-utils\7.23.0\camunda-commons-utils-7.23.0.jar;C:\Users\mubee\.m2\repository\org\camunda\bpm\camunda-engine-plugin-spin\7.23.0\camunda-engine-plugin-spin-7.23.0.jar;C:\Users\mubee\.m2\repository\org\springframework\boot\spring-boot-starter-test\3.4.4\spring-boot-starter-test-3.4.4.jar;C:\Users\mubee\.m2\repository\org\springframework\boot\spring-boot-test\3.4.4\spring-boot-test-3.4.4.jar;C:\Users\mubee\.m2\repository\org\springframework\boot\spring-boot-test-autoconfigure\3.4.4\spring-boot-test-autoconfigure-3.4.4.jar;C:\Users\mubee\.m2\repository\com\jayway\jsonpath\json-path\2.9.0\json-path-2.9.0.jar;C:\Users\mubee\.m2\repository\jakarta\xml\bind\jakarta.xml.bind-api\4.0.2\jakarta.xml.bind-api-4.0.2.jar;C:\Users\mubee\.m2\repository\jakarta\activation\jakarta.activation-api\2.1.3\jakarta.activation-api-2.1.3.jar;C:\Users\mubee\.m2\repository\net\minidev\json-smart\2.5.2\json-smart-2.5.2.jar;C:\Users\mubee\.m2\repository\net\minidev\accessors-smart\2.5.2\accessors-smart-2.5.2.jar;C:\Users\mubee\.m2\repository\org\ow2\asm\asm\9.7.1\asm-9.7.1.jar;C:\Users\mubee\.m2\repository\org\assertj\assertj-core\3.26.3\assertj-core-3.26.3.jar;C:\Users\mubee\.m2\repository\org\awaitility\awaitility\4.2.2\awaitility-4.2.2.jar;C:\Users\mubee\.m2\repository\org\hamcrest\hamcrest\2.2\hamcrest-2.2.jar;C:\Users\mubee\.m2\repository\org\junit\jupiter\junit-jupiter\5.11.4\junit-jupiter-5.11.4.jar;C:\Users\mubee\.m2\repository\org\junit\jupiter\junit-jupiter-api\5.11.4\junit-jupiter-api-5.11.4.jar;C:\Users\mubee\.m2\repository\org\opentest4j\opentest4j\1.3.0\opentest4j-1.3.0.jar;C:\Users\mubee\.m2\repository\org\junit\platform\junit-platform-commons\1.11.4\junit-platform-commons-1.11.4.jar;C:\Users\mubee\.m2\repository\org\apiguardian\apiguardian-api\1.1.2\apiguardian-api-1.1.2.jar;C:\Users\mubee\.m2\repository\org\junit\jupiter\junit-jupiter-params\5.11.4\junit-jupiter-params-5.11.4.jar;C:\Users\mubee\.m2\repository\org\junit\jupiter\junit-jupiter-engine\5.11.4\junit-jupiter-engine-5.11.4.jar;C:\Users\mubee\.m2\repository\org\junit\platform\junit-platform-engine\1.11.4\junit-platform-engine-1.11.4.jar;C:\Users\mubee\.m2\repository\org\mockito\mockito-core\5.14.2\mockito-core-5.14.2.jar;C:\Users\mubee\.m2\repository\net\bytebuddy\byte-buddy-agent\1.15.11\byte-buddy-agent-1.15.11.jar;C:\Users\mubee\.m2\repository\org\objenesis\objenesis\3.3\objenesis-3.3.jar;C:\Users\mubee\.m2\repository\org\mockito\mockito-junit-jupiter\5.14.2\mockito-junit-jupiter-5.14.2.jar;C:\Users\mubee\.m2\repository\org\skyscreamer\jsonassert\1.5.3\jsonassert-1.5.3.jar;C:\Users\mubee\.m2\repository\com\vaadin\external\google\android-json\0.0.20131108.vaadin1\android-json-0.0.20131108.vaadin1.jar;C:\Users\mubee\.m2\repository\org\springframework\spring-core\6.2.5\spring-core-6.2.5.jar;C:\Users\mubee\.m2\repository\org\springframework\spring-jcl\6.2.5\spring-jcl-6.2.5.jar;C:\Users\mubee\.m2\repository\org\springframework\spring-test\6.2.5\spring-test-6.2.5.jar;C:\Users\mubee\.m2\repository\org\xmlunit\xmlunit-core\2.10.0\xmlunit-core-2.10.0.jar;C:\Users\mubee\.m2\repository\org\camunda\bpm\camunda-bpm-junit5\7.23.0\camunda-bpm-junit5-7.23.0.jar;C:\Users\mubee\.m2\repository\org\camunda\bpm\dmn\camunda-dmn-junit5\7.23.0\camunda-dmn-junit5-7.23.0.jar;C:\Users\mubee\.m2\repository\org\camunda\bpm\camunda-bpm-assert\7.23.0\camunda-bpm-assert-7.23.0.jar;C:\Users\mubee\.m2\repository\org\camunda\community\process_test_coverage\camunda-process-test-coverage-junit5-platform-7\2.1.0\camunda-process-test-coverage-junit5-platform-7-2.1.0.jar;C:\Users\mubee\.m2\repository\org\camunda\community\process_test_coverage\camunda-process-test-coverage-engine-platform-7\2.1.0\camunda-process-test-coverage-engine-platform-7-2.1.0.jar;C:\Users\mubee\.m2\repository\org\camunda\community\process_test_coverage\camunda-process-test-coverage-core\2.1.0\camunda-process-test-coverage-core-2.1.0.jar;C:\Users\mubee\.m2\repository\com\google\code\gson\gson\2.11.0\gson-2.11.0.jar;C:\Users\mubee\.m2\repository\com\google\errorprone\error_prone_annotations\2.27.0\error_prone_annotations-2.27.0.jar;C:\Users\mubee\.m2\repository\org\camunda\community\process_test_coverage\camunda-process-test-coverage-report-generator\2.1.0\camunda-process-test-coverage-report-generator-2.1.0.jar;C:\Users\mubee\.m2\repository\io\github\microutils\kotlin-logging-jvm\3.0.0\kotlin-logging-jvm-3.0.0.jar;C:\Users\mubee\.m2\repository\org\jetbrains\kotlin\kotlin-stdlib-common\1.9.25\kotlin-stdlib-common-1.9.25.jar;C:\Users\mubee\.m2\repository\org\jetbrains\kotlin\kotlin-stdlib-jdk8\1.9.25\kotlin-stdlib-jdk8-1.9.25.jar;C:\Users\mubee\.m2\repository\org\jetbrains\kotlin\kotlin-stdlib\1.9.25\kotlin-stdlib-1.9.25.jar;C:\Users\mubee\.m2\repository\org\jetbrains\annotations\13.0\annotations-13.0.jar;C:\Users\mubee\.m2\repository\org\jetbrains\kotlin\kotlin-stdlib-jdk7\1.9.25\kotlin-stdlib-jdk7-1.9.25.jar;C:\Users\mubee\.m2\repository\org\camunda\bpm\extension\camunda-bpm-junit5\1.1.0\camunda-bpm-junit5-1.1.0.jar;C:\Users\mubee\.m2\repository\org\camunda\community\process_test_coverage\camunda-process-test-coverage-spring-test-platform-7\2.1.0\camunda-process-test-coverage-spring-test-platform-7-2.1.0.jar;C:\Users\mubee\.m2\repository\org\camunda\bpm\extension\camunda-bpm-assert-scenario\1.1.1\camunda-bpm-assert-scenario-1.1.1.jar;C:\Users\mubee\.m2\repository\org\slf4j\jul-to-slf4j\2.0.17\jul-to-slf4j-2.0.17.jar;C:\Users\mubee\.m2\repository\javax\xml\bind\jaxb-api\2.3.1\jaxb-api-2.3.1.jar;C:\Users\mubee\.m2\repository\javax\activation\javax.activation-api\1.2.0\javax.activation-api-1.2.0.jar;C:\Users\mubee\.m2\repository\org\springframework\spring-webmvc\6.2.5\spring-webmvc-6.2.5.jar;C:\Users\mubee\.m2\repository\org\springframework\spring-aop\6.2.5\spring-aop-6.2.5.jar;C:\Users\mubee\.m2\repository\org\springframework\spring-beans\6.2.5\spring-beans-6.2.5.jar;C:\Users\mubee\.m2\repository\org\springframework\spring-context\6.2.5\spring-context-6.2.5.jar;C:\Users\mubee\.m2\repository\io\micrometer\micrometer-observation\1.14.5\micrometer-observation-1.14.5.jar;C:\Users\mubee\.m2\repository\io\micrometer\micrometer-commons\1.14.5\micrometer-commons-1.14.5.jar;C:\Users\mubee\.m2\repository\org\springframework\spring-expression\6.2.5\spring-expression-6.2.5.jar;C:\Users\mubee\.m2\repository\org\springframework\spring-web\6.2.5\spring-web-6.2.5.jar;"/>
    <property name="sun.cpu.endian" value="little"/>
    <property name="user.home" value="C:\Users\mubee"/>
    <property name="user.language" value="en"/>
    <property name="java.specification.vendor" value="Oracle Corporation"/>
    <property name="java.version.date" value="2024-07-16"/>
    <property name="java.home" value="C:\sts-4.26.0.RELEASE\plugins\org.eclipse.justj.openjdk.hotspot.jre.full.win32.x86_64_21.0.4.v20240802-1551\jre"/>
    <property name="file.separator" value="\"/>
    <property name="basedir" value="C:\Users\mubee\Documents\workspace-spring-tool-suite-4-4.26.0.RELEASE\order-creation"/>
    <property name="style.color" value="always"/>
    <property name="java.vm.compressedOopsMode" value="Zero based"/>
    <property name="line.separator" value="&#10;"/>
    <property name="java.vm.specification.vendor" value="Oracle Corporation"/>
    <property name="java.specification.name" value="Java Platform API Specification"/>
    <property name="FILE_LOG_CHARSET" value="UTF-8"/>
    <property name="java.awt.headless" value="true"/>
    <property name="surefire.real.class.path" value="C:\Users\mubee\AppData\Local\Temp\surefire4274895907747244452\surefirebooter-20250503124815800_3.jar"/>
    <property name="user.script" value=""/>
    <property name="sun.management.compiler" value="HotSpot 64-Bit Tiered Compilers"/>
    <property name="java.runtime.version" value="21.0.4+7-LTS"/>
    <property name="user.name" value="mubee"/>
    <property name="stdout.encoding" value="Cp1252"/>
    <property name="path.separator" value=";"/>
    <property name="os.version" value="10.0"/>
    <property name="java.runtime.name" value="OpenJDK Runtime Environment"/>
    <property name="file.encoding" value="UTF-8"/>
    <property name="java.vm.name" value="OpenJDK 64-Bit Server VM"/>
    <property name="java.vendor.version" value="Temurin-21.0.4+7"/>
    <property name="localRepository" value="C:\Users\mubee\.m2\repository"/>
    <property name="java.vendor.url.bug" value="https://github.com/adoptium/adoptium-support/issues"/>
    <property name="java.io.tmpdir" value="C:\Users\mubee\AppData\Local\Temp\"/>
    <property name="com.zaxxer.hikari.pool_number" value="1"/>
    <property name="java.version" value="21.0.4"/>
    <property name="user.dir" value="C:\Users\mubee\Documents\workspace-spring-tool-suite-4-4.26.0.RELEASE\order-creation"/>
    <property name="os.arch" value="amd64"/>
    <property name="java.vm.specification.name" value="Java Virtual Machine Specification"/>
    <property name="PID" value="20360"/>
    <property name="sun.os.patch.level" value=""/>
    <property name="CONSOLE_LOG_CHARSET" value="UTF-8"/>
    <property name="native.encoding" value="Cp1252"/>
    <property name="java.library.path" value="C:\sts-4.26.0.RELEASE\plugins\org.eclipse.justj.openjdk.hotspot.jre.full.win32.x86_64_21.0.4.v20240802-1551\jre\bin;C:\WINDOWS\Sun\Java\bin;C:\WINDOWS\system32;C:\WINDOWS;C:/sts-4.26.0.RELEASE//plugins/org.eclipse.justj.openjdk.hotspot.jre.full.win32.x86_64_21.0.4.v20240802-1551/jre/bin/server;C:/sts-4.26.0.RELEASE//plugins/org.eclipse.justj.openjdk.hotspot.jre.full.win32.x86_64_21.0.4.v20240802-1551/jre/bin;C:\Users\mubee\Downloads\apache-maven-3.9.9-bin\apache-maven-3.9.9\bin;C:\Program Files\Java\jdk-21\bin;C:\Program Files\Git\cmd;C:\Program Files\nodejs\;C:\Program Files\dotnet\;C:\WINDOWS\system32;C:\WINDOWS;C:\WINDOWS\System32\Wbem;C:\WINDOWS\System32\WindowsPowerShell\v1.0\;C:\WINDOWS\System32\OpenSSH\;C:\Program Files\MySQL\MySQL Shell 8.0\bin\;C:\Users\mubee\AppData\Local\Microsoft\WindowsApps;C:\Users\mubee\AppData\Local\Programs\Microsoft VS Code\bin;C:\Program Files\MySQL\MySQL Server 8.0\bin;C:\Users\mubee\AppData\Roaming\npm;;C:\sts-4.26.0.RELEASE;;."/>
    <property name="java.vm.info" value="mixed mode"/>
    <property name="stderr.encoding" value="Cp1252"/>
    <property name="java.vendor" value="Eclipse Adoptium"/>
    <property name="java.vm.version" value="21.0.4+7-LTS"/>
    <property name="sun.io.unicode.encoding" value="UnicodeLittle"/>
    <property name="java.class.version" value="65.0"/>
  </properties>
  <testcase name="testHappyPath" classname="com.digitiumitservices.boc.ProcessScenarioTest" time="0.043">
    <system-out><![CDATA[12:48:23.224 [main] INFO  o.s.t.c.s.AnnotationConfigContextLoaderUtils - Could not detect default configuration classes for test class [com.digitiumitservices.boc.ProcessScenarioTest]: ProcessScenarioTest does not declare any static, non-private, non-final, nested classes annotated with @Configuration.
12:48:23.376 [main] INFO  o.s.b.t.c.SpringBootTestContextBootstrapper - Found @SpringBootConfiguration com.digitiumitservices.boc.CamundaApplication for test class com.digitiumitservices.boc.ProcessScenarioTest

 ____                                 _         ____  _       _    __                      
/ ___| __ _ _ __ ___  _   _ _ __   __| | __ _  |  _ \| | __ _| |_ / _| ___  _ __ _ __ ___  
| |   / _` | '_ ` _ \| | | | '_ \ / _` |/ _` | | |_) | |/ _` | __| |_ / _ \| '__| '_ ` _ \ 
| |__| (_| | | | | | | |_| | | | | (_| | (_| | |  __/| | (_| | |_|  _| (_) | |  | | | | | |
\____/\__,_|_| |_| |_|\__,_|_| |_|\__,_|\__,_| |_|   |_|\__,_|\__|_|  \___/|_|  |_| |_| |_|

  Spring-Boot:  (v3.4.4)
  Camunda Platform: (v7.23.0)
  Camunda Platform Spring Boot Starter: (v7.23.0)

12:48:23.928 [background-preinit] DEBUG org.jboss.logging - Logging Provider: org.jboss.logging.Slf4jLoggerProvider found via system property
12:48:23.928 [background-preinit] INFO  o.h.validator.internal.util.Version - HV000001: Hibernate Validator 8.0.2.Final
12:48:23.940 [background-preinit] DEBUG o.h.v.i.x.config.ValidationXmlParser - Trying to load META-INF/validation.xml for XML based Validator configuration.
12:48:23.941 [background-preinit] DEBUG o.h.v.i.x.c.ResourceLoaderHelper - Trying to load META-INF/validation.xml via TCCL
12:48:23.942 [background-preinit] DEBUG o.h.v.i.x.c.ResourceLoaderHelper - Trying to load META-INF/validation.xml via Hibernate Validator's class loader
12:48:23.942 [background-preinit] DEBUG o.h.v.i.x.config.ValidationXmlParser - No META-INF/validation.xml found. Using annotation based configuration only.
12:48:23.953 [background-preinit] DEBUG o.h.v.i.e.r.TraversableResolvers - Found jakarta.persistence.Persistence on classpath containing 'getPersistenceUtil'. Assuming JPA 2 environment. Trying to instantiate JPA aware TraversableResolver
12:48:23.955 [background-preinit] DEBUG o.h.v.i.e.r.TraversableResolvers - Instantiated JPA aware TraversableResolver of type org.hibernate.validator.internal.engine.resolver.JPATraversableResolver.
12:48:23.992 [background-preinit] DEBUG o.h.v.m.ResourceBundleMessageInterpolator - Loaded expression factory via original TCCL
12:48:23.994 [main] INFO  c.d.boc.ProcessScenarioTest - Starting ProcessScenarioTest using Java 21.0.4 with PID 20360 (started by mubee in C:\Users\mubee\Documents\workspace-spring-tool-suite-4-4.26.0.RELEASE\order-creation)
12:48:23.995 [main] DEBUG c.d.boc.ProcessScenarioTest - Running with Spring Boot v3.4.4, Spring v6.2.5
12:48:23.996 [main] INFO  c.d.boc.ProcessScenarioTest - No active profile set, falling back to 1 default profile: "default"
12:48:24.184 [background-preinit] DEBUG o.h.v.i.e.ValidatorFactoryConfigurationHelper - HV000252: Using org.hibernate.validator.internal.engine.DefaultPropertyNodeNameProvider as property node name provider.
12:48:24.200 [background-preinit] DEBUG o.h.v.i.e.ValidatorFactoryConfigurationHelper - HV000234: Using org.hibernate.validator.messageinterpolation.ResourceBundleMessageInterpolator as ValidatorFactory-scoped message interpolator.
12:48:24.201 [background-preinit] DEBUG o.h.v.i.e.ValidatorFactoryConfigurationHelper - HV000234: Using org.hibernate.validator.internal.engine.resolver.JPATraversableResolver as ValidatorFactory-scoped traversable resolver.
12:48:24.201 [background-preinit] DEBUG o.h.v.i.e.ValidatorFactoryConfigurationHelper - HV000234: Using org.hibernate.validator.internal.util.ExecutableParameterNameProvider as ValidatorFactory-scoped parameter name provider.
12:48:24.201 [background-preinit] DEBUG o.h.v.i.e.ValidatorFactoryConfigurationHelper - HV000234: Using org.hibernate.validator.internal.engine.DefaultClockProvider as ValidatorFactory-scoped clock provider.
12:48:24.201 [background-preinit] DEBUG o.h.v.i.e.ValidatorFactoryConfigurationHelper - HV000234: Using org.hibernate.validator.internal.engine.scripting.DefaultScriptEvaluatorFactory as ValidatorFactory-scoped script evaluator factory.
12:48:25.110 [main] INFO  o.s.d.r.c.RepositoryConfigurationDelegate - Bootstrapping Spring Data JPA repositories in DEFAULT mode.
12:48:25.182 [main] INFO  o.s.d.r.c.RepositoryConfigurationDelegate - Finished Spring Data repository scanning in 53 ms. Found 2 JPA repository interfaces.
12:48:25.764 [main] DEBUG com.zaxxer.hikari.HikariConfig - Driver class org.h2.Driver found in Thread context class loader jdk.internal.loader.ClassLoaders$AppClassLoader@1376c05c
12:48:25.878 [main] DEBUG com.zaxxer.hikari.HikariConfig - HikariPool-1 - configuration:
12:48:25.884 [main] DEBUG com.zaxxer.hikari.HikariConfig - allowPoolSuspension.............false
12:48:25.885 [main] DEBUG com.zaxxer.hikari.HikariConfig - autoCommit......................true
12:48:25.885 [main] DEBUG com.zaxxer.hikari.HikariConfig - catalog.........................none
12:48:25.885 [main] DEBUG com.zaxxer.hikari.HikariConfig - connectionInitSql...............none
12:48:25.885 [main] DEBUG com.zaxxer.hikari.HikariConfig - connectionTestQuery.............none
12:48:25.885 [main] DEBUG com.zaxxer.hikari.HikariConfig - connectionTimeout...............30000
12:48:25.885 [main] DEBUG com.zaxxer.hikari.HikariConfig - dataSource......................none
12:48:25.885 [main] DEBUG com.zaxxer.hikari.HikariConfig - dataSourceClassName.............none
12:48:25.885 [main] DEBUG com.zaxxer.hikari.HikariConfig - dataSourceJNDI..................none
12:48:25.886 [main] DEBUG com.zaxxer.hikari.HikariConfig - dataSourceProperties............{password=<masked>}
12:48:25.886 [main] DEBUG com.zaxxer.hikari.HikariConfig - driverClassName................."org.h2.Driver"
12:48:25.886 [main] DEBUG com.zaxxer.hikari.HikariConfig - exceptionOverrideClassName......none
12:48:25.886 [main] DEBUG com.zaxxer.hikari.HikariConfig - healthCheckProperties...........{}
12:48:25.886 [main] DEBUG com.zaxxer.hikari.HikariConfig - healthCheckRegistry.............none
12:48:25.886 [main] DEBUG com.zaxxer.hikari.HikariConfig - idleTimeout.....................600000
12:48:25.886 [main] DEBUG com.zaxxer.hikari.HikariConfig - initializationFailTimeout.......1
12:48:25.886 [main] DEBUG com.zaxxer.hikari.HikariConfig - isolateInternalQueries..........false
12:48:25.887 [main] DEBUG com.zaxxer.hikari.HikariConfig - jdbcUrl.........................jdbc:h2:mem:camunda-spring-boot-test;DB_CLOSE_ON_EXIT=false
12:48:25.887 [main] DEBUG com.zaxxer.hikari.HikariConfig - keepaliveTime...................0
12:48:25.887 [main] DEBUG com.zaxxer.hikari.HikariConfig - leakDetectionThreshold..........0
12:48:25.887 [main] DEBUG com.zaxxer.hikari.HikariConfig - maxLifetime.....................1800000
12:48:25.887 [main] DEBUG com.zaxxer.hikari.HikariConfig - maximumPoolSize.................10
12:48:25.887 [main] DEBUG com.zaxxer.hikari.HikariConfig - metricRegistry..................none
12:48:25.887 [main] DEBUG com.zaxxer.hikari.HikariConfig - metricsTrackerFactory...........none
12:48:25.887 [main] DEBUG com.zaxxer.hikari.HikariConfig - minimumIdle.....................10
12:48:25.887 [main] DEBUG com.zaxxer.hikari.HikariConfig - password........................<masked>
12:48:25.887 [main] DEBUG com.zaxxer.hikari.HikariConfig - poolName........................"HikariPool-1"
12:48:25.887 [main] DEBUG com.zaxxer.hikari.HikariConfig - readOnly........................false
12:48:25.887 [main] DEBUG com.zaxxer.hikari.HikariConfig - registerMbeans..................false
12:48:25.888 [main] DEBUG com.zaxxer.hikari.HikariConfig - scheduledExecutor...............none
12:48:25.888 [main] DEBUG com.zaxxer.hikari.HikariConfig - schema..........................none
12:48:25.888 [main] DEBUG com.zaxxer.hikari.HikariConfig - threadFactory...................internal
12:48:25.888 [main] DEBUG com.zaxxer.hikari.HikariConfig - transactionIsolation............default
12:48:25.888 [main] DEBUG com.zaxxer.hikari.HikariConfig - username........................"sa"
12:48:25.888 [main] DEBUG com.zaxxer.hikari.HikariConfig - validationTimeout...............5000
12:48:25.888 [main] INFO  com.zaxxer.hikari.HikariDataSource - HikariPool-1 - Starting...
12:48:25.909 [main] INFO  com.zaxxer.hikari.pool.HikariPool - HikariPool-1 - Added connection conn1: url=jdbc:h2:mem:camunda-spring-boot-test user=SA
12:48:25.912 [main] INFO  com.zaxxer.hikari.HikariDataSource - HikariPool-1 - Start completed.
12:48:25.979 [main] DEBUG o.h.jpa.internal.util.LogHelper - PersistenceUnitInfo [
	name: default
	persistence provider classname: null
	classloader: jdk.internal.loader.ClassLoaders$AppClassLoader@1376c05c
	excludeUnlistedClasses: true
	JTA datasource: null
	Non JTA datasource: HikariDataSource (HikariPool-1)
	Transaction type: RESOURCE_LOCAL
	PU root URL: file:/C:/Users/mubee/Documents/workspace-spring-tool-suite-4-4.26.0.RELEASE/order-creation/target/test-classes/
	Shared Cache Mode: UNSPECIFIED
	Validation Mode: AUTO
	Jar files URLs []
	Managed classes names [
		com.digitiumitservices.boc.entity.Order]
	Mapping files names []
	Properties []
12:48:25.991 [main] DEBUG o.h.i.internal.IntegratorServiceImpl - Adding Integrator [org.hibernate.boot.beanvalidation.BeanValidationIntegrator].
12:48:25.994 [main] DEBUG o.h.i.internal.IntegratorServiceImpl - Adding Integrator [org.hibernate.cache.internal.CollectionCacheInvalidator].
12:48:26.015 [HikariPool-1 housekeeper] DEBUG com.zaxxer.hikari.pool.HikariPool - HikariPool-1 - Pool stats (total=1, active=0, idle=1, waiting=0)
12:48:26.019 [HikariPool-1 connection adder] DEBUG com.zaxxer.hikari.pool.HikariPool - HikariPool-1 - Added connection conn2: url=jdbc:h2:mem:camunda-spring-boot-test user=SA
12:48:26.051 [HikariPool-1 connection adder] DEBUG com.zaxxer.hikari.pool.HikariPool - HikariPool-1 - After adding stats (total=2, active=0, idle=2, waiting=0)
12:48:26.052 [HikariPool-1 connection adder] DEBUG com.zaxxer.hikari.pool.HikariPool - HikariPool-1 - Added connection conn3: url=jdbc:h2:mem:camunda-spring-boot-test user=SA
12:48:26.083 [HikariPool-1 connection adder] DEBUG com.zaxxer.hikari.pool.HikariPool - HikariPool-1 - After adding stats (total=3, active=0, idle=3, waiting=0)
12:48:26.084 [HikariPool-1 connection adder] DEBUG com.zaxxer.hikari.pool.HikariPool - HikariPool-1 - Added connection conn4: url=jdbc:h2:mem:camunda-spring-boot-test user=SA
12:48:26.108 [main] INFO  org.hibernate.Version - HHH000412: Hibernate ORM core version 6.6.11.Final
12:48:26.110 [main] DEBUG org.hibernate.cfg.Environment - HHH000206: 'hibernate.properties' not found
12:48:26.116 [HikariPool-1 connection adder] DEBUG com.zaxxer.hikari.pool.HikariPool - HikariPool-1 - After adding stats (total=4, active=0, idle=4, waiting=0)
12:48:26.117 [HikariPool-1 connection adder] DEBUG com.zaxxer.hikari.pool.HikariPool - HikariPool-1 - Added connection conn5: url=jdbc:h2:mem:camunda-spring-boot-test user=SA
12:48:26.148 [HikariPool-1 connection adder] DEBUG com.zaxxer.hikari.pool.HikariPool - HikariPool-1 - After adding stats (total=5, active=0, idle=5, waiting=0)
12:48:26.148 [HikariPool-1 connection adder] DEBUG com.zaxxer.hikari.pool.HikariPool - HikariPool-1 - Added connection conn6: url=jdbc:h2:mem:camunda-spring-boot-test user=SA
12:48:26.155 [main] DEBUG org.hibernate.orm.idgen.factory - Registering IdentifierGenerator strategy [uuid2] -> [org.hibernate.id.UUIDGenerator]
12:48:26.156 [main] DEBUG org.hibernate.orm.idgen.factory - Registering IdentifierGenerator strategy [guid] -> [org.hibernate.id.GUIDGenerator]
12:48:26.157 [main] DEBUG org.hibernate.orm.idgen.factory - Registering IdentifierGenerator strategy [uuid] -> [org.hibernate.id.UUIDHexGenerator]
12:48:26.157 [main] DEBUG org.hibernate.orm.idgen.factory - Registering IdentifierGenerator strategy [uuid.hex] -> [org.hibernate.id.UUIDHexGenerator]
12:48:26.157 [main] DEBUG org.hibernate.orm.idgen.factory - Registering IdentifierGenerator strategy [assigned] -> [org.hibernate.id.Assigned]
12:48:26.158 [main] DEBUG org.hibernate.orm.idgen.factory - Registering IdentifierGenerator strategy [identity] -> [org.hibernate.id.IdentityGenerator]
12:48:26.159 [main] DEBUG org.hibernate.orm.idgen.factory - Registering IdentifierGenerator strategy [select] -> [org.hibernate.id.SelectGenerator]
12:48:26.161 [main] DEBUG org.hibernate.orm.idgen.factory - Registering IdentifierGenerator strategy [sequence] -> [org.hibernate.id.enhanced.SequenceStyleGenerator]
12:48:26.162 [main] DEBUG org.hibernate.orm.idgen.factory - Registering IdentifierGenerator strategy [increment] -> [org.hibernate.id.IncrementGenerator]
12:48:26.162 [main] DEBUG org.hibernate.orm.idgen.factory - Registering IdentifierGenerator strategy [foreign] -> [org.hibernate.id.ForeignGenerator]
12:48:26.162 [main] DEBUG org.hibernate.orm.idgen.factory - Registering IdentifierGenerator strategy [enhanced-sequence] -> [org.hibernate.id.enhanced.SequenceStyleGenerator]
12:48:26.164 [main] DEBUG org.hibernate.orm.idgen.factory - Registering IdentifierGenerator strategy [enhanced-table] -> [org.hibernate.id.enhanced.TableGenerator]
12:48:26.176 [main] DEBUG o.h.c.i.RegionFactoryInitiator - Cannot default RegionFactory based on registered strategies as `[]` RegionFactory strategies were registered
12:48:26.178 [main] INFO  o.h.c.i.RegionFactoryInitiator - HHH000026: Second-level cache disabled
12:48:26.180 [HikariPool-1 connection adder] DEBUG com.zaxxer.hikari.pool.HikariPool - HikariPool-1 - After adding stats (total=6, active=0, idle=6, waiting=0)
12:48:26.181 [HikariPool-1 connection adder] DEBUG com.zaxxer.hikari.pool.HikariPool - HikariPool-1 - Added connection conn7: url=jdbc:h2:mem:camunda-spring-boot-test user=SA
12:48:26.212 [HikariPool-1 connection adder] DEBUG com.zaxxer.hikari.pool.HikariPool - HikariPool-1 - After adding stats (total=7, active=0, idle=7, waiting=0)
12:48:26.212 [HikariPool-1 connection adder] DEBUG com.zaxxer.hikari.pool.HikariPool - HikariPool-1 - Added connection conn8: url=jdbc:h2:mem:camunda-spring-boot-test user=SA
12:48:26.244 [HikariPool-1 connection adder] DEBUG com.zaxxer.hikari.pool.HikariPool - HikariPool-1 - After adding stats (total=8, active=0, idle=8, waiting=0)
12:48:26.244 [HikariPool-1 connection adder] DEBUG com.zaxxer.hikari.pool.HikariPool - HikariPool-1 - Added connection conn9: url=jdbc:h2:mem:camunda-spring-boot-test user=SA
12:48:26.266 [main] DEBUG o.hibernate.type.BasicTypeRegistry - Adding type registration boolean -> org.hibernate.type.BasicTypeReference@1a632663
12:48:26.266 [main] DEBUG o.hibernate.type.BasicTypeRegistry - Adding type registration boolean -> org.hibernate.type.BasicTypeReference@1a632663
12:48:26.266 [main] DEBUG o.hibernate.type.BasicTypeRegistry - Adding type registration java.lang.Boolean -> org.hibernate.type.BasicTypeReference@1a632663
12:48:26.266 [main] DEBUG o.hibernate.type.BasicTypeRegistry - Adding type registration numeric_boolean -> org.hibernate.type.BasicTypeReference@1147ab09
12:48:26.267 [main] DEBUG o.hibernate.type.BasicTypeRegistry - Adding type registration org.hibernate.type.NumericBooleanConverter -> org.hibernate.type.BasicTypeReference@1147ab09
12:48:26.267 [main] DEBUG o.hibernate.type.BasicTypeRegistry - Adding type registration true_false -> org.hibernate.type.BasicTypeReference@503b5337
12:48:26.267 [main] DEBUG o.hibernate.type.BasicTypeRegistry - Adding type registration org.hibernate.type.TrueFalseConverter -> org.hibernate.type.BasicTypeReference@503b5337
12:48:26.267 [main] DEBUG o.hibernate.type.BasicTypeRegistry - Adding type registration yes_no -> org.hibernate.type.BasicTypeReference@265361a
12:48:26.267 [main] DEBUG o.hibernate.type.BasicTypeRegistry - Adding type registration org.hibernate.type.YesNoConverter -> org.hibernate.type.BasicTypeReference@265361a
12:48:26.267 [main] DEBUG o.hibernate.type.BasicTypeRegistry - Adding type registration byte -> org.hibernate.type.BasicTypeReference@136480b
12:48:26.268 [main] DEBUG o.hibernate.type.BasicTypeRegistry - Adding type registration byte -> org.hibernate.type.BasicTypeReference@136480b
12:48:26.268 [main] DEBUG o.hibernate.type.BasicTypeRegistry - Adding type registration java.lang.Byte -> org.hibernate.type.BasicTypeReference@136480b
12:48:26.268 [main] DEBUG o.hibernate.type.BasicTypeRegistry - Adding type registration binary -> org.hibernate.type.BasicTypeReference@2d85a4c7
12:48:26.268 [main] DEBUG o.hibernate.type.BasicTypeRegistry - Adding type registration byte[] -> org.hibernate.type.BasicTypeReference@2d85a4c7
12:48:26.268 [main] DEBUG o.hibernate.type.BasicTypeRegistry - Adding type registration [B -> org.hibernate.type.BasicTypeReference@2d85a4c7
12:48:26.268 [main] DEBUG o.hibernate.type.BasicTypeRegistry - Adding type registration binary_wrapper -> org.hibernate.type.BasicTypeReference@272de8ab
12:48:26.268 [main] DEBUG o.hibernate.type.BasicTypeRegistry - Adding type registration wrapper-binary -> org.hibernate.type.BasicTypeReference@272de8ab
12:48:26.268 [main] DEBUG o.hibernate.type.BasicTypeRegistry - Adding type registration image -> org.hibernate.type.BasicTypeReference@c53dfb2
12:48:26.268 [main] DEBUG o.hibernate.type.BasicTypeRegistry - Adding type registration blob -> org.hibernate.type.BasicTypeReference@3f16a823
12:48:26.268 [main] DEBUG o.hibernate.type.BasicTypeRegistry - Adding type registration java.sql.Blob -> org.hibernate.type.BasicTypeReference@3f16a823
12:48:26.268 [main] DEBUG o.hibernate.type.BasicTypeRegistry - Adding type registration materialized_blob -> org.hibernate.type.BasicTypeReference@3fb5809a
12:48:26.269 [main] DEBUG o.hibernate.type.BasicTypeRegistry - Adding type registration materialized_blob_wrapper -> org.hibernate.type.BasicTypeReference@77954f77
12:48:26.269 [main] DEBUG o.hibernate.type.BasicTypeRegistry - Adding type registration short -> org.hibernate.type.BasicTypeReference@6529b078
12:48:26.269 [main] DEBUG o.hibernate.type.BasicTypeRegistry - Adding type registration short -> org.hibernate.type.BasicTypeReference@6529b078
12:48:26.269 [main] DEBUG o.hibernate.type.BasicTypeRegistry - Adding type registration java.lang.Short -> org.hibernate.type.BasicTypeReference@6529b078
12:48:26.269 [main] DEBUG o.hibernate.type.BasicTypeRegistry - Adding type registration integer -> org.hibernate.type.BasicTypeReference@6f744b4e
12:48:26.269 [main] DEBUG o.hibernate.type.BasicTypeRegistry - Adding type registration int -> org.hibernate.type.BasicTypeReference@6f744b4e
12:48:26.269 [main] DEBUG o.hibernate.type.BasicTypeRegistry - Adding type registration java.lang.Integer -> org.hibernate.type.BasicTypeReference@6f744b4e
12:48:26.269 [main] DEBUG o.hibernate.type.BasicTypeRegistry - Adding type registration long -> org.hibernate.type.BasicTypeReference@7cd6b76a
12:48:26.269 [main] DEBUG o.hibernate.type.BasicTypeRegistry - Adding type registration long -> org.hibernate.type.BasicTypeReference@7cd6b76a
12:48:26.269 [main] DEBUG o.hibernate.type.BasicTypeRegistry - Adding type registration java.lang.Long -> org.hibernate.type.BasicTypeReference@7cd6b76a
12:48:26.269 [main] DEBUG o.hibernate.type.BasicTypeRegistry - Adding type registration float -> org.hibernate.type.BasicTypeReference@2165b170
12:48:26.270 [main] DEBUG o.hibernate.type.BasicTypeRegistry - Adding type registration float -> org.hibernate.type.BasicTypeReference@2165b170
12:48:26.270 [main] DEBUG o.hibernate.type.BasicTypeRegistry - Adding type registration java.lang.Float -> org.hibernate.type.BasicTypeReference@2165b170
12:48:26.270 [main] DEBUG o.hibernate.type.BasicTypeRegistry - Adding type registration double -> org.hibernate.type.BasicTypeReference@9677f54
12:48:26.270 [main] DEBUG o.hibernate.type.BasicTypeRegistry - Adding type registration double -> org.hibernate.type.BasicTypeReference@9677f54
12:48:26.270 [main] DEBUG o.hibernate.type.BasicTypeRegistry - Adding type registration java.lang.Double -> org.hibernate.type.BasicTypeReference@9677f54
12:48:26.270 [main] DEBUG o.hibernate.type.BasicTypeRegistry - Adding type registration big_integer -> org.hibernate.type.BasicTypeReference@44046b0d
12:48:26.270 [main] DEBUG o.hibernate.type.BasicTypeRegistry - Adding type registration java.math.BigInteger -> org.hibernate.type.BasicTypeReference@44046b0d
12:48:26.270 [main] DEBUG o.hibernate.type.BasicTypeRegistry - Adding type registration big_decimal -> org.hibernate.type.BasicTypeReference@d20e900
12:48:26.270 [main] DEBUG o.hibernate.type.BasicTypeRegistry - Adding type registration java.math.BigDecimal -> org.hibernate.type.BasicTypeReference@d20e900
12:48:26.270 [main] DEBUG o.hibernate.type.BasicTypeRegistry - Adding type registration character -> org.hibernate.type.BasicTypeReference@14237e5
12:48:26.270 [main] DEBUG o.hibernate.type.BasicTypeRegistry - Adding type registration char -> org.hibernate.type.BasicTypeReference@14237e5
12:48:26.270 [main] DEBUG o.hibernate.type.BasicTypeRegistry - Adding type registration java.lang.Character -> org.hibernate.type.BasicTypeReference@14237e5
12:48:26.270 [main] DEBUG o.hibernate.type.BasicTypeRegistry - Adding type registration character_nchar -> org.hibernate.type.BasicTypeReference@33ed6546
12:48:26.270 [main] DEBUG o.hibernate.type.BasicTypeRegistry - Adding type registration string -> org.hibernate.type.BasicTypeReference@54d62c35
12:48:26.270 [main] DEBUG o.hibernate.type.BasicTypeRegistry - Adding type registration java.lang.String -> org.hibernate.type.BasicTypeReference@54d62c35
12:48:26.270 [main] DEBUG o.hibernate.type.BasicTypeRegistry - Adding type registration nstring -> org.hibernate.type.BasicTypeReference@5eb4b746
12:48:26.270 [main] DEBUG o.hibernate.type.BasicTypeRegistry - Adding type registration characters -> org.hibernate.type.BasicTypeReference@4ed94e6a
12:48:26.270 [main] DEBUG o.hibernate.type.BasicTypeRegistry - Adding type registration char[] -> org.hibernate.type.BasicTypeReference@4ed94e6a
12:48:26.270 [main] DEBUG o.hibernate.type.BasicTypeRegistry - Adding type registration [C -> org.hibernate.type.BasicTypeReference@4ed94e6a
12:48:26.270 [main] DEBUG o.hibernate.type.BasicTypeRegistry - Adding type registration wrapper-characters -> org.hibernate.type.BasicTypeReference@16c6d5a2
12:48:26.270 [main] DEBUG o.hibernate.type.BasicTypeRegistry - Adding type registration text -> org.hibernate.type.BasicTypeReference@7314f4cb
12:48:26.271 [main] DEBUG o.hibernate.type.BasicTypeRegistry - Adding type registration ntext -> org.hibernate.type.BasicTypeReference@8616368
12:48:26.271 [main] DEBUG o.hibernate.type.BasicTypeRegistry - Adding type registration clob -> org.hibernate.type.BasicTypeReference@c4fc610
12:48:26.271 [main] DEBUG o.hibernate.type.BasicTypeRegistry - Adding type registration java.sql.Clob -> org.hibernate.type.BasicTypeReference@c4fc610
12:48:26.271 [main] DEBUG o.hibernate.type.BasicTypeRegistry - Adding type registration nclob -> org.hibernate.type.BasicTypeReference@2c8469fe
12:48:26.271 [main] DEBUG o.hibernate.type.BasicTypeRegistry - Adding type registration java.sql.NClob -> org.hibernate.type.BasicTypeReference@2c8469fe
12:48:26.271 [main] DEBUG o.hibernate.type.BasicTypeRegistry - Adding type registration materialized_clob -> org.hibernate.type.BasicTypeReference@78626209
12:48:26.271 [main] DEBUG o.hibernate.type.BasicTypeRegistry - Adding type registration materialized_clob_char_array -> org.hibernate.type.BasicTypeReference@7b9b244e
12:48:26.271 [main] DEBUG o.hibernate.type.BasicTypeRegistry - Adding type registration materialized_clob_character_array -> org.hibernate.type.BasicTypeReference@996126b
12:48:26.271 [main] DEBUG o.hibernate.type.BasicTypeRegistry - Adding type registration materialized_nclob -> org.hibernate.type.BasicTypeReference@6d2413e
12:48:26.271 [main] DEBUG o.hibernate.type.BasicTypeRegistry - Adding type registration materialized_nclob_character_array -> org.hibernate.type.BasicTypeReference@6d4b09c7
12:48:26.271 [main] DEBUG o.hibernate.type.BasicTypeRegistry - Adding type registration materialized_nclob_char_array -> org.hibernate.type.BasicTypeReference@4f50e974
12:48:26.271 [main] DEBUG o.hibernate.type.BasicTypeRegistry - Adding type registration Duration -> org.hibernate.type.BasicTypeReference@76ecbfbf
12:48:26.271 [main] DEBUG o.hibernate.type.BasicTypeRegistry - Adding type registration java.time.Duration -> org.hibernate.type.BasicTypeReference@76ecbfbf
12:48:26.271 [main] DEBUG o.hibernate.type.BasicTypeRegistry - Adding type registration LocalDateTime -> org.hibernate.type.BasicTypeReference@6223dbed
12:48:26.272 [main] DEBUG o.hibernate.type.BasicTypeRegistry - Adding type registration java.time.LocalDateTime -> org.hibernate.type.BasicTypeReference@6223dbed
12:48:26.272 [main] DEBUG o.hibernate.type.BasicTypeRegistry - Adding type registration LocalDate -> org.hibernate.type.BasicTypeReference@5713e35f
12:48:26.272 [main] DEBUG o.hibernate.type.BasicTypeRegistry - Adding type registration java.time.LocalDate -> org.hibernate.type.BasicTypeReference@5713e35f
12:48:26.272 [main] DEBUG o.hibernate.type.BasicTypeRegistry - Adding type registration LocalTime -> org.hibernate.type.BasicTypeReference@1f40bb80
12:48:26.272 [main] DEBUG o.hibernate.type.BasicTypeRegistry - Adding type registration java.time.LocalTime -> org.hibernate.type.BasicTypeReference@1f40bb80
12:48:26.272 [main] DEBUG o.hibernate.type.BasicTypeRegistry - Adding type registration OffsetDateTime -> org.hibernate.type.BasicTypeReference@c42ee90
12:48:26.272 [main] DEBUG o.hibernate.type.BasicTypeRegistry - Adding type registration java.time.OffsetDateTime -> org.hibernate.type.BasicTypeReference@c42ee90
12:48:26.273 [main] DEBUG o.hibernate.type.BasicTypeRegistry - Adding type registration OffsetDateTimeWithTimezone -> org.hibernate.type.BasicTypeReference@70c2a046
12:48:26.273 [main] DEBUG o.hibernate.type.BasicTypeRegistry - Adding type registration OffsetDateTimeWithoutTimezone -> org.hibernate.type.BasicTypeReference@3803bc1a
12:48:26.273 [main] DEBUG o.hibernate.type.BasicTypeRegistry - Adding type registration OffsetTime -> org.hibernate.type.BasicTypeReference@22858c21
12:48:26.273 [main] DEBUG o.hibernate.type.BasicTypeRegistry - Adding type registration java.time.OffsetTime -> org.hibernate.type.BasicTypeReference@22858c21
12:48:26.273 [main] DEBUG o.hibernate.type.BasicTypeRegistry - Adding type registration OffsetTimeUtc -> org.hibernate.type.BasicTypeReference@39a8c08f
12:48:26.274 [main] DEBUG o.hibernate.type.BasicTypeRegistry - Adding type registration OffsetTimeWithTimezone -> org.hibernate.type.BasicTypeReference@5c0d876c
12:48:26.274 [main] DEBUG o.hibernate.type.BasicTypeRegistry - Adding type registration OffsetTimeWithoutTimezone -> org.hibernate.type.BasicTypeReference@794b139b
12:48:26.274 [main] DEBUG o.hibernate.type.BasicTypeRegistry - Adding type registration ZonedDateTime -> org.hibernate.type.BasicTypeReference@77217c17
12:48:26.274 [main] DEBUG o.hibernate.type.BasicTypeRegistry - Adding type registration java.time.ZonedDateTime -> org.hibernate.type.BasicTypeReference@77217c17
12:48:26.274 [main] DEBUG o.hibernate.type.BasicTypeRegistry - Adding type registration ZonedDateTimeWithTimezone -> org.hibernate.type.BasicTypeReference@87276c4
12:48:26.274 [main] DEBUG o.hibernate.type.BasicTypeRegistry - Adding type registration ZonedDateTimeWithoutTimezone -> org.hibernate.type.BasicTypeReference@38f4a641
12:48:26.274 [main] DEBUG o.hibernate.type.BasicTypeRegistry - Adding type registration date -> org.hibernate.type.BasicTypeReference@1902ad0f
12:48:26.274 [main] DEBUG o.hibernate.type.BasicTypeRegistry - Adding type registration java.sql.Date -> org.hibernate.type.BasicTypeReference@1902ad0f
12:48:26.274 [main] DEBUG o.hibernate.type.BasicTypeRegistry - Adding type registration time -> org.hibernate.type.BasicTypeReference@653fbbfc
12:48:26.274 [main] DEBUG o.hibernate.type.BasicTypeRegistry - Adding type registration java.sql.Time -> org.hibernate.type.BasicTypeReference@653fbbfc
12:48:26.274 [main] DEBUG o.hibernate.type.BasicTypeRegistry - Adding type registration timestamp -> org.hibernate.type.BasicTypeReference@7e6025c9
12:48:26.274 [main] DEBUG o.hibernate.type.BasicTypeRegistry - Adding type registration java.sql.Timestamp -> org.hibernate.type.BasicTypeReference@7e6025c9
12:48:26.274 [main] DEBUG o.hibernate.type.BasicTypeRegistry - Adding type registration java.util.Date -> org.hibernate.type.BasicTypeReference@7e6025c9
12:48:26.274 [main] DEBUG o.hibernate.type.BasicTypeRegistry - Adding type registration calendar -> org.hibernate.type.BasicTypeReference@63bb52ea
12:48:26.275 [HikariPool-1 connection adder] DEBUG com.zaxxer.hikari.pool.HikariPool - HikariPool-1 - After adding stats (total=9, active=0, idle=9, waiting=0)
12:48:26.275 [main] DEBUG o.hibernate.type.BasicTypeRegistry - Adding type registration java.util.Calendar -> org.hibernate.type.BasicTypeReference@63bb52ea
12:48:26.275 [main] DEBUG o.hibernate.type.BasicTypeRegistry - Adding type registration java.util.GregorianCalendar -> org.hibernate.type.BasicTypeReference@63bb52ea
12:48:26.275 [main] DEBUG o.hibernate.type.BasicTypeRegistry - Adding type registration calendar_date -> org.hibernate.type.BasicTypeReference@7725470b
12:48:26.275 [main] DEBUG o.hibernate.type.BasicTypeRegistry - Adding type registration calendar_time -> org.hibernate.type.BasicTypeReference@8947a4b
12:48:26.276 [main] DEBUG o.hibernate.type.BasicTypeRegistry - Adding type registration instant -> org.hibernate.type.BasicTypeReference@318155b1
12:48:26.276 [HikariPool-1 connection adder] DEBUG com.zaxxer.hikari.pool.HikariPool - HikariPool-1 - Added connection conn10: url=jdbc:h2:mem:camunda-spring-boot-test user=SA
12:48:26.276 [main] DEBUG o.hibernate.type.BasicTypeRegistry - Adding type registration java.time.Instant -> org.hibernate.type.BasicTypeReference@318155b1
12:48:26.276 [main] DEBUG o.hibernate.type.BasicTypeRegistry - Adding type registration uuid -> org.hibernate.type.BasicTypeReference@31d64d0f
12:48:26.276 [main] DEBUG o.hibernate.type.BasicTypeRegistry - Adding type registration java.util.UUID -> org.hibernate.type.BasicTypeReference@31d64d0f
12:48:26.276 [main] DEBUG o.hibernate.type.BasicTypeRegistry - Adding type registration pg-uuid -> org.hibernate.type.BasicTypeReference@31d64d0f
12:48:26.277 [main] DEBUG o.hibernate.type.BasicTypeRegistry - Adding type registration uuid-binary -> org.hibernate.type.BasicTypeReference@6c165921
12:48:26.277 [main] DEBUG o.hibernate.type.BasicTypeRegistry - Adding type registration uuid-char -> org.hibernate.type.BasicTypeReference@47fb30ca
12:48:26.277 [main] DEBUG o.hibernate.type.BasicTypeRegistry - Adding type registration class -> org.hibernate.type.BasicTypeReference@7cecd959
12:48:26.277 [main] DEBUG o.hibernate.type.BasicTypeRegistry - Adding type registration java.lang.Class -> org.hibernate.type.BasicTypeReference@7cecd959
12:48:26.277 [main] DEBUG o.hibernate.type.BasicTypeRegistry - Adding type registration currency -> org.hibernate.type.BasicTypeReference@7f514dfe
12:48:26.277 [main] DEBUG o.hibernate.type.BasicTypeRegistry - Adding type registration Currency -> org.hibernate.type.BasicTypeReference@7f514dfe
12:48:26.277 [main] DEBUG o.hibernate.type.BasicTypeRegistry - Adding type registration java.util.Currency -> org.hibernate.type.BasicTypeReference@7f514dfe
12:48:26.277 [main] DEBUG o.hibernate.type.BasicTypeRegistry - Adding type registration locale -> org.hibernate.type.BasicTypeReference@2150dc64
12:48:26.277 [main] DEBUG o.hibernate.type.BasicTypeRegistry - Adding type registration java.util.Locale -> org.hibernate.type.BasicTypeReference@2150dc64
12:48:26.277 [main] DEBUG o.hibernate.type.BasicTypeRegistry - Adding type registration serializable -> org.hibernate.type.BasicTypeReference@3f33c5e4
12:48:26.277 [main] DEBUG o.hibernate.type.BasicTypeRegistry - Adding type registration java.io.Serializable -> org.hibernate.type.BasicTypeReference@3f33c5e4
12:48:26.278 [main] DEBUG o.hibernate.type.BasicTypeRegistry - Adding type registration timezone -> org.hibernate.type.BasicTypeReference@258ff54a
12:48:26.278 [main] DEBUG o.hibernate.type.BasicTypeRegistry - Adding type registration java.util.TimeZone -> org.hibernate.type.BasicTypeReference@258ff54a
12:48:26.278 [main] DEBUG o.hibernate.type.BasicTypeRegistry - Adding type registration ZoneOffset -> org.hibernate.type.BasicTypeReference@50c462b8
12:48:26.278 [main] DEBUG o.hibernate.type.BasicTypeRegistry - Adding type registration java.time.ZoneOffset -> org.hibernate.type.BasicTypeReference@50c462b8
12:48:26.278 [main] DEBUG o.hibernate.type.BasicTypeRegistry - Adding type registration url -> org.hibernate.type.BasicTypeReference@77d03738
12:48:26.278 [main] DEBUG o.hibernate.type.BasicTypeRegistry - Adding type registration java.net.URL -> org.hibernate.type.BasicTypeReference@77d03738
12:48:26.278 [main] DEBUG o.hibernate.type.BasicTypeRegistry - Adding type registration vector -> org.hibernate.type.BasicTypeReference@566dc0c3
12:48:26.278 [main] DEBUG o.hibernate.type.BasicTypeRegistry - Adding type registration float_vector -> org.hibernate.type.BasicTypeReference@c925ae1
12:48:26.278 [main] DEBUG o.hibernate.type.BasicTypeRegistry - Adding type registration double_vector -> org.hibernate.type.BasicTypeReference@7fb02869
12:48:26.278 [main] DEBUG o.hibernate.type.BasicTypeRegistry - Adding type registration byte_vector -> org.hibernate.type.BasicTypeReference@92fa950
12:48:26.278 [main] DEBUG o.hibernate.type.BasicTypeRegistry - Adding type registration row_version -> org.hibernate.type.BasicTypeReference@31fc1b6e
12:48:26.283 [main] DEBUG o.hibernate.type.BasicTypeRegistry - Adding type registration object -> org.hibernate.type.JavaObjectType@2f318251
12:48:26.283 [main] DEBUG o.hibernate.type.BasicTypeRegistry - Adding type registration java.lang.Object -> org.hibernate.type.JavaObjectType@2f318251
12:48:26.284 [main] DEBUG o.hibernate.type.BasicTypeRegistry - Adding type registration null -> org.hibernate.type.NullType@44252e9b
12:48:26.285 [main] DEBUG o.hibernate.type.BasicTypeRegistry - Adding type registration imm_date -> org.hibernate.type.BasicTypeReference@7f88c53
12:48:26.285 [main] DEBUG o.hibernate.type.BasicTypeRegistry - Adding type registration imm_time -> org.hibernate.type.BasicTypeReference@788a7567
12:48:26.285 [main] DEBUG o.hibernate.type.BasicTypeRegistry - Adding type registration imm_timestamp -> org.hibernate.type.BasicTypeReference@62672ad5
12:48:26.285 [main] DEBUG o.hibernate.type.BasicTypeRegistry - Adding type registration imm_calendar -> org.hibernate.type.BasicTypeReference@f5b81f4
12:48:26.285 [main] DEBUG o.hibernate.type.BasicTypeRegistry - Adding type registration imm_calendar_date -> org.hibernate.type.BasicTypeReference@4c020e58
12:48:26.285 [main] DEBUG o.hibernate.type.BasicTypeRegistry - Adding type registration imm_calendar_time -> org.hibernate.type.BasicTypeReference@67887bf2
12:48:26.285 [main] DEBUG o.hibernate.type.BasicTypeRegistry - Adding type registration imm_binary -> org.hibernate.type.BasicTypeReference@3ce2c454
12:48:26.285 [main] DEBUG o.hibernate.type.BasicTypeRegistry - Adding type registration imm_serializable -> org.hibernate.type.BasicTypeReference@6f65b61d
12:48:26.290 [main] DEBUG o.h.b.internal.BootstrapContextImpl - Injecting JPA temp ClassLoader [org.springframework.instrument.classloading.SimpleThrowawayClassLoader@1aaa3406] into BootstrapContext; was [null]
12:48:26.290 [main] DEBUG o.h.b.internal.ClassLoaderAccessImpl - ClassLoaderAccessImpl#injectTempClassLoader(org.springframework.instrument.classloading.SimpleThrowawayClassLoader@1aaa3406) [was null]
12:48:26.290 [main] DEBUG o.h.b.internal.BootstrapContextImpl - Injecting ScanEnvironment [org.hibernate.jpa.boot.internal.StandardJpaScanEnvironmentImpl@548e70f0] into BootstrapContext; was [null]
12:48:26.290 [main] DEBUG o.h.b.internal.BootstrapContextImpl - Injecting ScanOptions [org.hibernate.boot.archive.scan.internal.StandardScanOptions@2b14628b] into BootstrapContext; was [org.hibernate.boot.archive.scan.internal.StandardScanOptions@64657b13]
12:48:26.307 [main] DEBUG o.h.j.b.i.PersistenceUnitInfoDescriptor - Pushing class transformers for PU named 'default' on loading classloader jdk.internal.loader.ClassLoaders$AppClassLoader@1376c05c
12:48:26.307 [HikariPool-1 connection adder] DEBUG com.zaxxer.hikari.pool.HikariPool - HikariPool-1 - After adding stats (total=10, active=0, idle=10, waiting=0)
12:48:26.501 [main] INFO  o.s.o.j.p.SpringPersistenceUnitInfo - No LoadTimeWeaver setup: ignoring JPA class transformer
12:48:26.502 [main] DEBUG o.h.b.internal.BootstrapContextImpl - Injecting JPA temp ClassLoader [null] into BootstrapContext; was [org.springframework.instrument.classloading.SimpleThrowawayClassLoader@1aaa3406]
12:48:26.502 [main] DEBUG o.h.b.internal.ClassLoaderAccessImpl - ClassLoaderAccessImpl#injectTempClassLoader(null) [was org.springframework.instrument.classloading.SimpleThrowawayClassLoader@1aaa3406]
12:48:26.532 [main] DEBUG o.h.e.j.e.i.JdbcEnvironmentInitiator - Database ->
	   name : H2
	version : 2.3.232 (2024-08-11)
	  major : 2
	  minor : 3
12:48:26.533 [main] DEBUG o.h.e.j.e.i.JdbcEnvironmentInitiator - Driver ->
	   name : H2 JDBC Driver
	version : 2.3.232 (2024-08-11)
	  major : 2
	  minor : 3
12:48:26.533 [main] DEBUG o.h.e.j.e.i.JdbcEnvironmentInitiator - JDBC version : 4.3
12:48:26.570 [main] DEBUG org.hibernate.orm.dialect - HHH035001: Using dialect: org.hibernate.dialect.H2Dialect, version: 2.3.232
12:48:26.574 [main] DEBUG o.h.e.j.e.s.IdentifierHelperBuilder - JDBC driver metadata reported database stores quoted identifiers in neither upper, lower nor mixed case
12:48:26.582 [main] INFO  o.hibernate.orm.connections.pooling - HHH10001005: Database info:
	Database JDBC URL [Connecting through datasource 'HikariDataSource (HikariPool-1)']
	Database driver: undefined/unknown
	Database version: 2.3.232
	Autocommit mode: undefined/unknown
	Isolation level: undefined/unknown
	Minimum pool size: undefined/unknown
	Maximum pool size: undefined/unknown
12:48:26.594 [main] DEBUG o.h.t.d.jdbc.spi.JdbcTypeRegistry - addDescriptor(NCharTypeDescriptor) replaced previous registration(CharTypeDescriptor)
12:48:26.594 [main] DEBUG o.h.t.d.jdbc.spi.JdbcTypeRegistry - addDescriptor(NVarcharTypeDescriptor) replaced previous registration(VarcharTypeDescriptor)
12:48:26.595 [main] DEBUG o.h.t.d.jdbc.spi.JdbcTypeRegistry - addDescriptor(LongNVarcharTypeDescriptor) replaced previous registration(LongVarcharTypeDescriptor)
12:48:26.598 [main] DEBUG o.h.t.d.jdbc.spi.JdbcTypeRegistry - addDescriptor(NClobTypeDescriptor(DEFAULT)) replaced previous registration(ClobTypeDescriptor(DEFAULT))
12:48:26.600 [main] DEBUG o.h.t.d.jdbc.spi.JdbcTypeRegistry - addDescriptor(TimestampUtcDescriptor) replaced previous registration(TimestampUtcDescriptor)
12:48:26.606 [main] DEBUG o.hibernate.type.BasicTypeRegistry - Adding type registration org.hibernate.type.DurationType -> basicType@1(java.time.Duration,3015)
12:48:26.606 [main] DEBUG o.hibernate.type.BasicTypeRegistry - Adding type registration Duration -> basicType@1(java.time.Duration,3015)
12:48:26.606 [main] DEBUG o.hibernate.type.BasicTypeRegistry - Adding type registration java.time.Duration -> basicType@1(java.time.Duration,3015)
12:48:26.610 [main] DEBUG o.h.type.spi.TypeConfiguration$Scope - Scoping TypeConfiguration [org.hibernate.type.spi.TypeConfiguration@41a940a9] to MetadataBuildingContext [org.hibernate.boot.internal.MetadataBuildingContextRootImpl@423e35f0]
12:48:26.654 [main] DEBUG o.h.boot.model.relational.Namespace - Created database namespace [logicalName=Name{catalog=null, schema=null}, physicalName=Name{catalog=null, schema=null}]
12:48:26.683 [main] DEBUG o.h.boot.model.internal.EntityBinder - Binding entity from annotated class: com.digitiumitservices.boc.entity.Order
12:48:26.693 [main] DEBUG o.h.boot.model.internal.EntityBinder - Import with entity name Order
12:48:26.702 [main] DEBUG o.h.boot.model.internal.EntityBinder - Bind entity com.digitiumitservices.boc.entity.Order on table orders_list
12:48:26.715 [main] DEBUG o.h.b.model.internal.AnnotatedColumn - Binding column: AnnotatedDiscriminatorColumn(column='DTYPE')
12:48:26.730 [main] DEBUG o.h.b.model.internal.AnnotatedColumn - Binding column: AnnotatedColumn()
12:48:26.731 [main] DEBUG o.h.b.internal.ClassLoaderAccessImpl - Not known whether passed class name [com.digitiumitservices.boc.entity.Order] is safe
12:48:26.731 [main] DEBUG o.h.b.internal.ClassLoaderAccessImpl - No temp ClassLoader provided; using live ClassLoader for loading potentially unsafe class : com.digitiumitservices.boc.entity.Order
12:48:26.734 [main] DEBUG o.h.b.model.internal.PropertyBinder - MetadataSourceProcessor property orderId with lazy=false
12:48:26.739 [main] DEBUG o.h.b.m.i.AbstractPropertyHolder - Attempting to locate auto-apply AttributeConverter for property [com.digitiumitservices.boc.entity.Order:orderId]
12:48:26.745 [main] DEBUG o.h.b.m.internal.BasicValueBinder - building BasicValue for orderId
12:48:26.749 [main] DEBUG org.hibernate.mapping.BasicValue - Skipping column re-registration: orders_list.order_id
12:48:26.751 [main] DEBUG o.h.b.model.internal.PropertyBinder - Building property orderId
12:48:26.753 [main] DEBUG o.h.b.model.internal.AnnotatedColumn - Binding column: AnnotatedColumn()
12:48:26.753 [main] DEBUG o.h.b.model.internal.PropertyBinder - MetadataSourceProcessor property customer with lazy=false
12:48:26.753 [main] DEBUG o.h.b.m.i.AbstractPropertyHolder - Attempting to locate auto-apply AttributeConverter for property [com.digitiumitservices.boc.entity.Order:customer]
12:48:26.753 [main] DEBUG o.h.b.m.internal.BasicValueBinder - building BasicValue for customer
12:48:26.753 [main] DEBUG org.hibernate.mapping.BasicValue - Skipping column re-registration: orders_list.customer
12:48:26.753 [main] DEBUG o.h.b.model.internal.PropertyBinder - Building property customer
12:48:26.754 [main] DEBUG o.h.b.model.internal.AnnotatedColumn - Binding column: AnnotatedColumn()
12:48:26.754 [main] DEBUG o.h.b.model.internal.PropertyBinder - MetadataSourceProcessor property product with lazy=false
12:48:26.754 [main] DEBUG o.h.b.m.i.AbstractPropertyHolder - Attempting to locate auto-apply AttributeConverter for property [com.digitiumitservices.boc.entity.Order:product]
12:48:26.755 [main] DEBUG o.h.b.m.internal.BasicValueBinder - building BasicValue for product
12:48:26.755 [main] DEBUG org.hibernate.mapping.BasicValue - Skipping column re-registration: orders_list.product
12:48:26.755 [main] DEBUG o.h.b.model.internal.PropertyBinder - Building property product
12:48:26.755 [main] DEBUG o.h.b.model.internal.AnnotatedColumn - Binding column: AnnotatedColumn()
12:48:26.755 [main] DEBUG o.h.b.model.internal.PropertyBinder - MetadataSourceProcessor property quantity with lazy=false
12:48:26.755 [main] DEBUG o.h.b.m.i.AbstractPropertyHolder - Attempting to locate auto-apply AttributeConverter for property [com.digitiumitservices.boc.entity.Order:quantity]
12:48:26.755 [main] DEBUG o.h.b.m.internal.BasicValueBinder - building BasicValue for quantity
12:48:26.755 [main] DEBUG org.hibernate.mapping.BasicValue - Skipping column re-registration: orders_list.quantity
12:48:26.755 [main] DEBUG o.h.b.model.internal.PropertyBinder - Building property quantity
12:48:26.757 [main] DEBUG o.h.b.r.c.i.ClassLoaderServiceImpl - HHH000194: Package not found or no package-info.java: com.digitiumitservices.boc.entity
12:48:26.763 [main] DEBUG o.h.b.m.internal.BasicValueBinder - Starting `BasicValueBinder#fillSimpleValue` for orderId
12:48:26.765 [main] DEBUG o.h.b.m.internal.BasicValueBinder - Starting `BasicValueBinder#fillSimpleValue` for customer
12:48:26.766 [main] DEBUG o.h.b.m.internal.BasicValueBinder - Starting `BasicValueBinder#fillSimpleValue` for product
12:48:26.766 [main] DEBUG o.h.b.m.internal.BasicValueBinder - Starting `BasicValueBinder#fillSimpleValue` for quantity
12:48:26.771 [main] DEBUG org.hibernate.mapping.PrimaryKey - Forcing column [order_id] to be non-null as it is part of the primary key for table [orders_list]
12:48:26.855 [main] DEBUG o.h.internal.SessionFactoryImpl - Building session factory
12:48:26.906 [main] DEBUG o.h.s.i.SessionFactoryServiceRegistryImpl - EventListenerRegistry access via ServiceRegistry is deprecated.  Use `sessionFactory.getEventEngine().getListenerRegistry()` instead
12:48:26.906 [main] DEBUG o.h.internal.SessionFactoryImpl - Instantiating SessionFactory with settings: {java.specification.version=21, sun.cpu.isalist=amd64, hibernate.resource.beans.container=org.springframework.orm.hibernate5.SpringBeanContainer@48446968, hibernate.connection.handling_mode=DELAYED_ACQUISITION_AND_HOLD, sun.jnu.encoding=Cp1252, hibernate.implicit_naming_strategy=org.springframework.boot.orm.jpa.hibernate.SpringImplicitNamingStrategy, java.class.path=C:\Users\mubee\Documents\workspace-spring-tool-suite-4-4.26.0.RELEASE\order-creation\target\test-classes;C:\Users\mubee\Documents\workspace-spring-tool-suite-4-4.26.0.RELEASE\order-creation\target\classes;C:\Users\mubee\.m2\repository\org\camunda\bpm\springboot\camunda-bpm-spring-boot-starter-webapp\7.23.0\camunda-bpm-spring-boot-starter-webapp-7.23.0.jar;C:\Users\mubee\.m2\repository\org\camunda\bpm\springboot\camunda-bpm-spring-boot-starter-webapp-core\7.23.0\camunda-bpm-spring-boot-starter-webapp-core-7.23.0.jar;C:\Users\mubee\.m2\repository\org\camunda\bpm\webapp\camunda-webapp-jakarta\7.23.0\camunda-webapp-jakarta-7.23.0-classes.jar;C:\Users\mubee\.m2\repository\org\springframework\boot\spring-boot-starter-web\3.4.4\spring-boot-starter-web-3.4.4.jar;C:\Users\mubee\.m2\repository\org\camunda\bpm\webapp\camunda-webapp-webjar\7.23.0\camunda-webapp-webjar-7.23.0.jar;C:\Users\mubee\.m2\repository\org\camunda\bpm\springboot\camunda-bpm-spring-boot-starter-rest\7.23.0\camunda-bpm-spring-boot-starter-rest-7.23.0.jar;C:\Users\mubee\.m2\repository\org\camunda\bpm\springboot\camunda-bpm-spring-boot-starter\7.23.0\camunda-bpm-spring-boot-starter-7.23.0.jar;C:\Users\mubee\.m2\repository\org\camunda\bpm\camunda-engine-spring-6\7.23.0\camunda-engine-spring-6-7.23.0.jar;C:\Users\mubee\.m2\repository\org\camunda\bpm\camunda-engine\7.23.0\camunda-engine-7.23.0.jar;C:\Users\mubee\.m2\repository\org\camunda\bpm\model\camunda-bpmn-model\7.23.0\camunda-bpmn-model-7.23.0.jar;C:\Users\mubee\.m2\repository\org\camunda\bpm\model\camunda-xml-model\7.23.0\camunda-xml-model-7.23.0.jar;C:\Users\mubee\.m2\repository\org\camunda\bpm\model\camunda-cmmn-model\7.23.0\camunda-cmmn-model-7.23.0.jar;C:\Users\mubee\.m2\repository\org\camunda\bpm\juel\camunda-juel\7.23.0\camunda-juel-7.23.0.jar;C:\Users\mubee\.m2\repository\org\camunda\bpm\dmn\camunda-engine-dmn\7.23.0\camunda-engine-dmn-7.23.0.jar;C:\Users\mubee\.m2\repository\org\camunda\bpm\model\camunda-dmn-model\7.23.0\camunda-dmn-model-7.23.0.jar;C:\Users\mubee\.m2\repository\org\camunda\bpm\dmn\camunda-engine-feel-api\7.23.0\camunda-engine-feel-api-7.23.0.jar;C:\Users\mubee\.m2\repository\org\camunda\bpm\dmn\camunda-engine-feel-juel\7.23.0\camunda-engine-feel-juel-7.23.0.jar;C:\Users\mubee\.m2\repository\org\camunda\bpm\dmn\camunda-engine-feel-scala\7.23.0\camunda-engine-feel-scala-7.23.0.jar;C:\Users\mubee\.m2\repository\org\camunda\feel\feel-engine\1.19.1\feel-engine-1.19.1-scala-shaded.jar;C:\Users\mubee\.m2\repository\org\camunda\commons\camunda-commons-typed-values\7.23.0\camunda-commons-typed-values-7.23.0.jar;C:\Users\mubee\.m2\repository\org\mybatis\mybatis\3.5.15\mybatis-3.5.15.jar;C:\Users\mubee\.m2\repository\joda-time\joda-time\2.12.5\joda-time-2.12.5.jar;C:\Users\mubee\.m2\repository\org\springframework\spring-tx\6.2.5\spring-tx-6.2.5.jar;C:\Users\mubee\.m2\repository\org\springframework\spring-orm\6.2.5\spring-orm-6.2.5.jar;C:\Users\mubee\.m2\repository\org\springframework\boot\spring-boot-autoconfigure\3.4.4\spring-boot-autoconfigure-3.4.4.jar;C:\Users\mubee\.m2\repository\org\apache\commons\commons-lang3\3.17.0\commons-lang3-3.17.0.jar;C:\Users\mubee\.m2\repository\com\fasterxml\uuid\java-uuid-generator\4.3.0\java-uuid-generator-4.3.0.jar;C:\Users\mubee\.m2\repository\com\sun\xml\bind\jaxb-impl\4.0.5\jaxb-impl-4.0.5.jar;C:\Users\mubee\.m2\repository\com\sun\xml\bind\jaxb-core\4.0.5\jaxb-core-4.0.5.jar;C:\Users\mubee\.m2\repository\org\eclipse\angus\angus-activation\2.0.2\angus-activation-2.0.2.jar;C:\Users\mubee\.m2\repository\org\camunda\bpm\camunda-engine-rest-core-jakarta\7.23.0\camunda-engine-rest-core-jakarta-7.23.0.jar;C:\Users\mubee\.m2\repository\commons-fileupload\commons-fileupload\1.5\commons-fileupload-1.5.jar;C:\Users\mubee\.m2\repository\commons-io\commons-io\2.17.0\commons-io-2.17.0.jar;C:\Users\mubee\.m2\repository\com\fasterxml\jackson\jakarta\rs\jackson-jakarta-rs-json-provider\2.18.3\jackson-jakarta-rs-json-provider-2.18.3.jar;C:\Users\mubee\.m2\repository\com\fasterxml\jackson\jakarta\rs\jackson-jakarta-rs-base\2.18.3\jackson-jakarta-rs-base-2.18.3.jar;C:\Users\mubee\.m2\repository\com\fasterxml\jackson\module\jackson-module-jakarta-xmlbind-annotations\2.18.3\jackson-module-jakarta-xmlbind-annotations-2.18.3.jar;C:\Users\mubee\.m2\repository\com\fasterxml\jackson\core\jackson-databind\2.18.3\jackson-databind-2.18.3.jar;C:\Users\mubee\.m2\repository\com\fasterxml\jackson\core\jackson-annotations\2.18.3\jackson-annotations-2.18.3.jar;C:\Users\mubee\.m2\repository\com\fasterxml\jackson\core\jackson-core\2.18.3\jackson-core-2.18.3.jar;C:\Users\mubee\.m2\repository\com\fasterxml\jackson\datatype\jackson-datatype-jsr310\2.18.3\jackson-datatype-jsr310-2.18.3.jar;C:\Users\mubee\.m2\repository\org\springframework\boot\spring-boot-starter-jersey\3.4.4\spring-boot-starter-jersey-3.4.4.jar;C:\Users\mubee\.m2\repository\org\springframework\boot\spring-boot-starter-json\3.4.4\spring-boot-starter-json-3.4.4.jar;C:\Users\mubee\.m2\repository\com\fasterxml\jackson\datatype\jackson-datatype-jdk8\2.18.3\jackson-datatype-jdk8-2.18.3.jar;C:\Users\mubee\.m2\repository\com\fasterxml\jackson\module\jackson-module-parameter-names\2.18.3\jackson-module-parameter-names-2.18.3.jar;C:\Users\mubee\.m2\repository\org\springframework\boot\spring-boot-starter-tomcat\3.4.4\spring-boot-starter-tomcat-3.4.4.jar;C:\Users\mubee\.m2\repository\org\apache\tomcat\embed\tomcat-embed-core\10.1.39\tomcat-embed-core-10.1.39.jar;C:\Users\mubee\.m2\repository\org\apache\tomcat\embed\tomcat-embed-el\10.1.39\tomcat-embed-el-10.1.39.jar;C:\Users\mubee\.m2\repository\org\apache\tomcat\embed\tomcat-embed-websocket\10.1.39\tomcat-embed-websocket-10.1.39.jar;C:\Users\mubee\.m2\repository\org\springframework\boot\spring-boot-starter-validation\3.4.4\spring-boot-starter-validation-3.4.4.jar;C:\Users\mubee\.m2\repository\org\hibernate\validator\hibernate-validator\8.0.2.Final\hibernate-validator-8.0.2.Final.jar;C:\Users\mubee\.m2\repository\org\glassfish\jersey\containers\jersey-container-servlet-core\3.1.10\jersey-container-servlet-core-3.1.10.jar;C:\Users\mubee\.m2\repository\org\glassfish\jersey\core\jersey-common\3.1.10\jersey-common-3.1.10.jar;C:\Users\mubee\.m2\repository\org\glassfish\hk2\osgi-resource-locator\1.0.3\osgi-resource-locator-1.0.3.jar;C:\Users\mubee\.m2\repository\jakarta\ws\rs\jakarta.ws.rs-api\3.1.0\jakarta.ws.rs-api-3.1.0.jar;C:\Users\mubee\.m2\repository\org\glassfish\jersey\containers\jersey-container-servlet\3.1.10\jersey-container-servlet-3.1.10.jar;C:\Users\mubee\.m2\repository\org\glassfish\jersey\core\jersey-server\3.1.10\jersey-server-3.1.10.jar;C:\Users\mubee\.m2\repository\org\glassfish\jersey\core\jersey-client\3.1.10\jersey-client-3.1.10.jar;C:\Users\mubee\.m2\repository\jakarta\validation\jakarta.validation-api\3.0.2\jakarta.validation-api-3.0.2.jar;C:\Users\mubee\.m2\repository\org\glassfish\jersey\ext\jersey-bean-validation\3.1.10\jersey-bean-validation-3.1.10.jar;C:\Users\mubee\.m2\repository\org\glassfish\expressly\expressly\5.0.0\expressly-5.0.0.jar;C:\Users\mubee\.m2\repository\org\glassfish\jersey\ext\jersey-spring6\3.1.10\jersey-spring6-3.1.10.jar;C:\Users\mubee\.m2\repository\org\glassfish\jersey\inject\jersey-hk2\3.1.10\jersey-hk2-3.1.10.jar;C:\Users\mubee\.m2\repository\org\glassfish\hk2\hk2-locator\3.0.6\hk2-locator-3.0.6.jar;C:\Users\mubee\.m2\repository\org\glassfish\hk2\external\aopalliance-repackaged\3.0.6\aopalliance-repackaged-3.0.6.jar;C:\Users\mubee\.m2\repository\org\javassist\javassist\3.30.2-GA\javassist-3.30.2-GA.jar;C:\Users\mubee\.m2\repository\org\glassfish\hk2\hk2\3.0.6\hk2-3.0.6.jar;C:\Users\mubee\.m2\repository\org\glassfish\hk2\hk2-utils\3.0.6\hk2-utils-3.0.6.jar;C:\Users\mubee\.m2\repository\org\glassfish\hk2\hk2-api\3.0.6\hk2-api-3.0.6.jar;C:\Users\mubee\.m2\repository\org\glassfish\hk2\hk2-core\3.0.6\hk2-core-3.0.6.jar;C:\Users\mubee\.m2\repository\org\glassfish\hk2\hk2-runlevel\3.0.6\hk2-runlevel-3.0.6.jar;C:\Users\mubee\.m2\repository\org\glassfish\hk2\class-model\3.0.6\class-model-3.0.6.jar;C:\Users\mubee\.m2\repository\org\ow2\asm\asm-commons\9.6\asm-commons-9.6.jar;C:\Users\mubee\.m2\repository\org\glassfish\hk2\spring-bridge\3.0.6\spring-bridge-3.0.6.jar;C:\Users\mubee\.m2\repository\org\glassfish\jersey\media\jersey-media-json-jackson\3.1.10\jersey-media-json-jackson-3.1.10.jar;C:\Users\mubee\.m2\repository\org\glassfish\jersey\ext\jersey-entity-filtering\3.1.10\jersey-entity-filtering-3.1.10.jar;C:\Users\mubee\.m2\repository\org\springframework\boot\spring-boot-starter-data-jpa\3.4.4\spring-boot-starter-data-jpa-3.4.4.jar;C:\Users\mubee\.m2\repository\org\springframework\boot\spring-boot-starter\3.4.4\spring-boot-starter-3.4.4.jar;C:\Users\mubee\.m2\repository\org\springframework\boot\spring-boot\3.4.4\spring-boot-3.4.4.jar;C:\Users\mubee\.m2\repository\org\springframework\boot\spring-boot-starter-logging\3.4.4\spring-boot-starter-logging-3.4.4.jar;C:\Users\mubee\.m2\repository\ch\qos\logback\logback-classic\1.5.18\logback-classic-1.5.18.jar;C:\Users\mubee\.m2\repository\ch\qos\logback\logback-core\1.5.18\logback-core-1.5.18.jar;C:\Users\mubee\.m2\repository\org\apache\logging\log4j\log4j-to-slf4j\2.24.3\log4j-to-slf4j-2.24.3.jar;C:\Users\mubee\.m2\repository\org\apache\logging\log4j\log4j-api\2.24.3\log4j-api-2.24.3.jar;C:\Users\mubee\.m2\repository\jakarta\annotation\jakarta.annotation-api\2.1.1\jakarta.annotation-api-2.1.1.jar;C:\Users\mubee\.m2\repository\org\yaml\snakeyaml\2.3\snakeyaml-2.3.jar;C:\Users\mubee\.m2\repository\org\hibernate\orm\hibernate-core\6.6.11.Final\hibernate-core-6.6.11.Final.jar;C:\Users\mubee\.m2\repository\jakarta\persistence\jakarta.persistence-api\3.1.0\jakarta.persistence-api-3.1.0.jar;C:\Users\mubee\.m2\repository\jakarta\transaction\jakarta.transaction-api\2.0.1\jakarta.transaction-api-2.0.1.jar;C:\Users\mubee\.m2\repository\org\jboss\logging\jboss-logging\3.6.1.Final\jboss-logging-3.6.1.Final.jar;C:\Users\mubee\.m2\repository\org\hibernate\common\hibernate-commons-annotations\7.0.3.Final\hibernate-commons-annotations-7.0.3.Final.jar;C:\Users\mubee\.m2\repository\io\smallrye\jandex\3.2.0\jandex-3.2.0.jar;C:\Users\mubee\.m2\repository\com\fasterxml\classmate\1.7.0\classmate-1.7.0.jar;C:\Users\mubee\.m2\repository\net\bytebuddy\byte-buddy\1.15.11\byte-buddy-1.15.11.jar;C:\Users\mubee\.m2\repository\org\glassfish\jaxb\jaxb-runtime\4.0.5\jaxb-runtime-4.0.5.jar;C:\Users\mubee\.m2\repository\org\glassfish\jaxb\jaxb-core\4.0.5\jaxb-core-4.0.5.jar;C:\Users\mubee\.m2\repository\org\glassfish\jaxb\txw2\4.0.5\txw2-4.0.5.jar;C:\Users\mubee\.m2\repository\com\sun\istack\istack-commons-runtime\4.1.2\istack-commons-runtime-4.1.2.jar;C:\Users\mubee\.m2\repository\jakarta\inject\jakarta.inject-api\2.0.1\jakarta.inject-api-2.0.1.jar;C:\Users\mubee\.m2\repository\org\antlr\antlr4-runtime\4.13.0\antlr4-runtime-4.13.0.jar;C:\Users\mubee\.m2\repository\org\springframework\data\spring-data-jpa\3.4.4\spring-data-jpa-3.4.4.jar;C:\Users\mubee\.m2\repository\org\springframework\data\spring-data-commons\3.4.4\spring-data-commons-3.4.4.jar;C:\Users\mubee\.m2\repository\org\springframework\spring-aspects\6.2.5\spring-aspects-6.2.5.jar;C:\Users\mubee\.m2\repository\org\aspectj\aspectjweaver\1.9.23\aspectjweaver-1.9.23.jar;C:\Users\mubee\.m2\repository\mysql\mysql-connector-java\8.0.30\mysql-connector-java-8.0.30.jar;C:\Users\mubee\.m2\repository\com\google\protobuf\protobuf-java\3.19.4\protobuf-java-3.19.4.jar;C:\Users\mubee\.m2\repository\com\h2database\h2\2.3.232\h2-2.3.232.jar;C:\Users\mubee\.m2\repository\org\springframework\boot\spring-boot-starter-jdbc\3.4.4\spring-boot-starter-jdbc-3.4.4.jar;C:\Users\mubee\.m2\repository\com\zaxxer\HikariCP\5.1.0\HikariCP-5.1.0.jar;C:\Users\mubee\.m2\repository\org\springframework\spring-jdbc\6.2.5\spring-jdbc-6.2.5.jar;C:\Users\mubee\.m2\repository\org\camunda\spin\camunda-spin-dataformat-all\7.23.0\camunda-spin-dataformat-all-7.23.0.jar;C:\Users\mubee\.m2\repository\org\camunda\spin\camunda-spin-core\7.23.0\camunda-spin-core-7.23.0.jar;C:\Users\mubee\.m2\repository\org\camunda\commons\camunda-commons-logging\7.23.0\camunda-commons-logging-7.23.0.jar;C:\Users\mubee\.m2\repository\org\slf4j\slf4j-api\2.0.17\slf4j-api-2.0.17.jar;C:\Users\mubee\.m2\repository\org\camunda\commons\camunda-commons-utils\7.23.0\camunda-commons-utils-7.23.0.jar;C:\Users\mubee\.m2\repository\org\camunda\bpm\camunda-engine-plugin-spin\7.23.0\camunda-engine-plugin-spin-7.23.0.jar;C:\Users\mubee\.m2\repository\org\springframework\boot\spring-boot-starter-test\3.4.4\spring-boot-starter-test-3.4.4.jar;C:\Users\mubee\.m2\repository\org\springframework\boot\spring-boot-test\3.4.4\spring-boot-test-3.4.4.jar;C:\Users\mubee\.m2\repository\org\springframework\boot\spring-boot-test-autoconfigure\3.4.4\spring-boot-test-autoconfigure-3.4.4.jar;C:\Users\mubee\.m2\repository\com\jayway\jsonpath\json-path\2.9.0\json-path-2.9.0.jar;C:\Users\mubee\.m2\repository\jakarta\xml\bind\jakarta.xml.bind-api\4.0.2\jakarta.xml.bind-api-4.0.2.jar;C:\Users\mubee\.m2\repository\jakarta\activation\jakarta.activation-api\2.1.3\jakarta.activation-api-2.1.3.jar;C:\Users\mubee\.m2\repository\net\minidev\json-smart\2.5.2\json-smart-2.5.2.jar;C:\Users\mubee\.m2\repository\net\minidev\accessors-smart\2.5.2\accessors-smart-2.5.2.jar;C:\Users\mubee\.m2\repository\org\ow2\asm\asm\9.7.1\asm-9.7.1.jar;C:\Users\mubee\.m2\repository\org\assertj\assertj-core\3.26.3\assertj-core-3.26.3.jar;C:\Users\mubee\.m2\repository\org\awaitility\awaitility\4.2.2\awaitility-4.2.2.jar;C:\Users\mubee\.m2\repository\org\hamcrest\hamcrest\2.2\hamcrest-2.2.jar;C:\Users\mubee\.m2\repository\org\junit\jupiter\junit-jupiter\5.11.4\junit-jupiter-5.11.4.jar;C:\Users\mubee\.m2\repository\org\junit\jupiter\junit-jupiter-api\5.11.4\junit-jupiter-api-5.11.4.jar;C:\Users\mubee\.m2\repository\org\opentest4j\opentest4j\1.3.0\opentest4j-1.3.0.jar;C:\Users\mubee\.m2\repository\org\junit\platform\junit-platform-commons\1.11.4\junit-platform-commons-1.11.4.jar;C:\Users\mubee\.m2\repository\org\apiguardian\apiguardian-api\1.1.2\apiguardian-api-1.1.2.jar;C:\Users\mubee\.m2\repository\org\junit\jupiter\junit-jupiter-params\5.11.4\junit-jupiter-params-5.11.4.jar;C:\Users\mubee\.m2\repository\org\junit\jupiter\junit-jupiter-engine\5.11.4\junit-jupiter-engine-5.11.4.jar;C:\Users\mubee\.m2\repository\org\junit\platform\junit-platform-engine\1.11.4\junit-platform-engine-1.11.4.jar;C:\Users\mubee\.m2\repository\org\mockito\mockito-core\5.14.2\mockito-core-5.14.2.jar;C:\Users\mubee\.m2\repository\net\bytebuddy\byte-buddy-agent\1.15.11\byte-buddy-agent-1.15.11.jar;C:\Users\mubee\.m2\repository\org\objenesis\objenesis\3.3\objenesis-3.3.jar;C:\Users\mubee\.m2\repository\org\mockito\mockito-junit-jupiter\5.14.2\mockito-junit-jupiter-5.14.2.jar;C:\Users\mubee\.m2\repository\org\skyscreamer\jsonassert\1.5.3\jsonassert-1.5.3.jar;C:\Users\mubee\.m2\repository\com\vaadin\external\google\android-json\0.0.20131108.vaadin1\android-json-0.0.20131108.vaadin1.jar;C:\Users\mubee\.m2\repository\org\springframework\spring-core\6.2.5\spring-core-6.2.5.jar;C:\Users\mubee\.m2\repository\org\springframework\spring-jcl\6.2.5\spring-jcl-6.2.5.jar;C:\Users\mubee\.m2\repository\org\springframework\spring-test\6.2.5\spring-test-6.2.5.jar;C:\Users\mubee\.m2\repository\org\xmlunit\xmlunit-core\2.10.0\xmlunit-core-2.10.0.jar;C:\Users\mubee\.m2\repository\org\camunda\bpm\camunda-bpm-junit5\7.23.0\camunda-bpm-junit5-7.23.0.jar;C:\Users\mubee\.m2\repository\org\camunda\bpm\dmn\camunda-dmn-junit5\7.23.0\camunda-dmn-junit5-7.23.0.jar;C:\Users\mubee\.m2\repository\org\camunda\bpm\camunda-bpm-assert\7.23.0\camunda-bpm-assert-7.23.0.jar;C:\Users\mubee\.m2\repository\org\camunda\community\process_test_coverage\camunda-process-test-coverage-junit5-platform-7\2.1.0\camunda-process-test-coverage-junit5-platform-7-2.1.0.jar;C:\Users\mubee\.m2\repository\org\camunda\community\process_test_coverage\camunda-process-test-coverage-engine-platform-7\2.1.0\camunda-process-test-coverage-engine-platform-7-2.1.0.jar;C:\Users\mubee\.m2\repository\org\camunda\community\process_test_coverage\camunda-process-test-coverage-core\2.1.0\camunda-process-test-coverage-core-2.1.0.jar;C:\Users\mubee\.m2\repository\com\google\code\gson\gson\2.11.0\gson-2.11.0.jar;C:\Users\mubee\.m2\repository\com\google\errorprone\error_prone_annotations\2.27.0\error_prone_annotations-2.27.0.jar;C:\Users\mubee\.m2\repository\org\camunda\community\process_test_coverage\camunda-process-test-coverage-report-generator\2.1.0\camunda-process-test-coverage-report-generator-2.1.0.jar;C:\Users\mubee\.m2\repository\io\github\microutils\kotlin-logging-jvm\3.0.0\kotlin-logging-jvm-3.0.0.jar;C:\Users\mubee\.m2\repository\org\jetbrains\kotlin\kotlin-stdlib-common\1.9.25\kotlin-stdlib-common-1.9.25.jar;C:\Users\mubee\.m2\repository\org\jetbrains\kotlin\kotlin-stdlib-jdk8\1.9.25\kotlin-stdlib-jdk8-1.9.25.jar;C:\Users\mubee\.m2\repository\org\jetbrains\kotlin\kotlin-stdlib\1.9.25\kotlin-stdlib-1.9.25.jar;C:\Users\mubee\.m2\repository\org\jetbrains\annotations\13.0\annotations-13.0.jar;C:\Users\mubee\.m2\repository\org\jetbrains\kotlin\kotlin-stdlib-jdk7\1.9.25\kotlin-stdlib-jdk7-1.9.25.jar;C:\Users\mubee\.m2\repository\org\camunda\bpm\extension\camunda-bpm-junit5\1.1.0\camunda-bpm-junit5-1.1.0.jar;C:\Users\mubee\.m2\repository\org\camunda\community\process_test_coverage\camunda-process-test-coverage-spring-test-platform-7\2.1.0\camunda-process-test-coverage-spring-test-platform-7-2.1.0.jar;C:\Users\mubee\.m2\repository\org\camunda\bpm\extension\camunda-bpm-assert-scenario\1.1.1\camunda-bpm-assert-scenario-1.1.1.jar;C:\Users\mubee\.m2\repository\org\slf4j\jul-to-slf4j\2.0.17\jul-to-slf4j-2.0.17.jar;C:\Users\mubee\.m2\repository\javax\xml\bind\jaxb-api\2.3.1\jaxb-api-2.3.1.jar;C:\Users\mubee\.m2\repository\javax\activation\javax.activation-api\1.2.0\javax.activation-api-1.2.0.jar;C:\Users\mubee\.m2\repository\org\springframework\spring-webmvc\6.2.5\spring-webmvc-6.2.5.jar;C:\Users\mubee\.m2\repository\org\springframework\spring-aop\6.2.5\spring-aop-6.2.5.jar;C:\Users\mubee\.m2\repository\org\springframework\spring-beans\6.2.5\spring-beans-6.2.5.jar;C:\Users\mubee\.m2\repository\org\springframework\spring-context\6.2.5\spring-context-6.2.5.jar;C:\Users\mubee\.m2\repository\io\micrometer\micrometer-observation\1.14.5\micrometer-observation-1.14.5.jar;C:\Users\mubee\.m2\repository\io\micrometer\micrometer-commons\1.14.5\micrometer-commons-1.14.5.jar;C:\Users\mubee\.m2\repository\org\springframework\spring-expression\6.2.5\spring-expression-6.2.5.jar;C:\Users\mubee\.m2\repository\org\springframework\spring-web\6.2.5\spring-web-6.2.5.jar;, java.vm.vendor=Eclipse Adoptium, sun.arch.data.model=64, user.variant=, java.vendor.url=https://adoptium.net/, user.timezone=Asia/Calcutta, jakarta.persistence.sharedCache.mode=UNSPECIFIED, org.jboss.logging.provider=slf4j, java.vm.specification.version=21, os.name=Windows 11, jakarta.persistence.nonJtaDataSource=HikariDataSource (HikariPool-1), sun.java.launcher=SUN_STANDARD, user.country=IN, sun.boot.library.path=C:\sts-4.26.0.RELEASE\plugins\org.eclipse.justj.openjdk.hotspot.jre.full.win32.x86_64_21.0.4.v20240802-1551\jre\bin, sun.java.command=C:\Users\mubee\AppData\Local\Temp\surefire4274895907747244452\surefirebooter-20250503124815800_3.jar C:\Users\mubee\AppData\Local\Temp\surefire4274895907747244452 2025-05-03T12-48-15_705-jvmRun1 surefire-20250503124815800_1tmp surefire_0-20250503124815800_2tmp, javax.persistence.nonJtaDataSource=HikariDataSource (HikariPool-1), hibernate.transaction.jta.platform=org.hibernate.engine.transaction.jta.platform.internal.NoJtaPlatform@7ddf7e77, jdk.debug=release, surefire.test.class.path=C:\Users\mubee\Documents\workspace-spring-tool-suite-4-4.26.0.RELEASE\order-creation\target\test-classes;C:\Users\mubee\Documents\workspace-spring-tool-suite-4-4.26.0.RELEASE\order-creation\target\classes;C:\Users\mubee\.m2\repository\org\camunda\bpm\springboot\camunda-bpm-spring-boot-starter-webapp\7.23.0\camunda-bpm-spring-boot-starter-webapp-7.23.0.jar;C:\Users\mubee\.m2\repository\org\camunda\bpm\springboot\camunda-bpm-spring-boot-starter-webapp-core\7.23.0\camunda-bpm-spring-boot-starter-webapp-core-7.23.0.jar;C:\Users\mubee\.m2\repository\org\camunda\bpm\webapp\camunda-webapp-jakarta\7.23.0\camunda-webapp-jakarta-7.23.0-classes.jar;C:\Users\mubee\.m2\repository\org\springframework\boot\spring-boot-starter-web\3.4.4\spring-boot-starter-web-3.4.4.jar;C:\Users\mubee\.m2\repository\org\camunda\bpm\webapp\camunda-webapp-webjar\7.23.0\camunda-webapp-webjar-7.23.0.jar;C:\Users\mubee\.m2\repository\org\camunda\bpm\springboot\camunda-bpm-spring-boot-starter-rest\7.23.0\camunda-bpm-spring-boot-starter-rest-7.23.0.jar;C:\Users\mubee\.m2\repository\org\camunda\bpm\springboot\camunda-bpm-spring-boot-starter\7.23.0\camunda-bpm-spring-boot-starter-7.23.0.jar;C:\Users\mubee\.m2\repository\org\camunda\bpm\camunda-engine-spring-6\7.23.0\camunda-engine-spring-6-7.23.0.jar;C:\Users\mubee\.m2\repository\org\camunda\bpm\camunda-engine\7.23.0\camunda-engine-7.23.0.jar;C:\Users\mubee\.m2\repository\org\camunda\bpm\model\camunda-bpmn-model\7.23.0\camunda-bpmn-model-7.23.0.jar;C:\Users\mubee\.m2\repository\org\camunda\bpm\model\camunda-xml-model\7.23.0\camunda-xml-model-7.23.0.jar;C:\Users\mubee\.m2\repository\org\camunda\bpm\model\camunda-cmmn-model\7.23.0\camunda-cmmn-model-7.23.0.jar;C:\Users\mubee\.m2\repository\org\camunda\bpm\juel\camunda-juel\7.23.0\camunda-juel-7.23.0.jar;C:\Users\mubee\.m2\repository\org\camunda\bpm\dmn\camunda-engine-dmn\7.23.0\camunda-engine-dmn-7.23.0.jar;C:\Users\mubee\.m2\repository\org\camunda\bpm\model\camunda-dmn-model\7.23.0\camunda-dmn-model-7.23.0.jar;C:\Users\mubee\.m2\repository\org\camunda\bpm\dmn\camunda-engine-feel-api\7.23.0\camunda-engine-feel-api-7.23.0.jar;C:\Users\mubee\.m2\repository\org\camunda\bpm\dmn\camunda-engine-feel-juel\7.23.0\camunda-engine-feel-juel-7.23.0.jar;C:\Users\mubee\.m2\repository\org\camunda\bpm\dmn\camunda-engine-feel-scala\7.23.0\camunda-engine-feel-scala-7.23.0.jar;C:\Users\mubee\.m2\repository\org\camunda\feel\feel-engine\1.19.1\feel-engine-1.19.1-scala-shaded.jar;C:\Users\mubee\.m2\repository\org\camunda\commons\camunda-commons-typed-values\7.23.0\camunda-commons-typed-values-7.23.0.jar;C:\Users\mubee\.m2\repository\org\mybatis\mybatis\3.5.15\mybatis-3.5.15.jar;C:\Users\mubee\.m2\repository\joda-time\joda-time\2.12.5\joda-time-2.12.5.jar;C:\Users\mubee\.m2\repository\org\springframework\spring-tx\6.2.5\spring-tx-6.2.5.jar;C:\Users\mubee\.m2\repository\org\springframework\spring-orm\6.2.5\spring-orm-6.2.5.jar;C:\Users\mubee\.m2\repository\org\springframework\boot\spring-boot-autoconfigure\3.4.4\spring-boot-autoconfigure-3.4.4.jar;C:\Users\mubee\.m2\repository\org\apache\commons\commons-lang3\3.17.0\commons-lang3-3.17.0.jar;C:\Users\mubee\.m2\repository\com\fasterxml\uuid\java-uuid-generator\4.3.0\java-uuid-generator-4.3.0.jar;C:\Users\mubee\.m2\repository\com\sun\xml\bind\jaxb-impl\4.0.5\jaxb-impl-4.0.5.jar;C:\Users\mubee\.m2\repository\com\sun\xml\bind\jaxb-core\4.0.5\jaxb-core-4.0.5.jar;C:\Users\mubee\.m2\repository\org\eclipse\angus\angus-activation\2.0.2\angus-activation-2.0.2.jar;C:\Users\mubee\.m2\repository\org\camunda\bpm\camunda-engine-rest-core-jakarta\7.23.0\camunda-engine-rest-core-jakarta-7.23.0.jar;C:\Users\mubee\.m2\repository\commons-fileupload\commons-fileupload\1.5\commons-fileupload-1.5.jar;C:\Users\mubee\.m2\repository\commons-io\commons-io\2.17.0\commons-io-2.17.0.jar;C:\Users\mubee\.m2\repository\com\fasterxml\jackson\jakarta\rs\jackson-jakarta-rs-json-provider\2.18.3\jackson-jakarta-rs-json-provider-2.18.3.jar;C:\Users\mubee\.m2\repository\com\fasterxml\jackson\jakarta\rs\jackson-jakarta-rs-base\2.18.3\jackson-jakarta-rs-base-2.18.3.jar;C:\Users\mubee\.m2\repository\com\fasterxml\jackson\module\jackson-module-jakarta-xmlbind-annotations\2.18.3\jackson-module-jakarta-xmlbind-annotations-2.18.3.jar;C:\Users\mubee\.m2\repository\com\fasterxml\jackson\core\jackson-databind\2.18.3\jackson-databind-2.18.3.jar;C:\Users\mubee\.m2\repository\com\fasterxml\jackson\core\jackson-annotations\2.18.3\jackson-annotations-2.18.3.jar;C:\Users\mubee\.m2\repository\com\fasterxml\jackson\core\jackson-core\2.18.3\jackson-core-2.18.3.jar;C:\Users\mubee\.m2\repository\com\fasterxml\jackson\datatype\jackson-datatype-jsr310\2.18.3\jackson-datatype-jsr310-2.18.3.jar;C:\Users\mubee\.m2\repository\org\springframework\boot\spring-boot-starter-jersey\3.4.4\spring-boot-starter-jersey-3.4.4.jar;C:\Users\mubee\.m2\repository\org\springframework\boot\spring-boot-starter-json\3.4.4\spring-boot-starter-json-3.4.4.jar;C:\Users\mubee\.m2\repository\com\fasterxml\jackson\datatype\jackson-datatype-jdk8\2.18.3\jackson-datatype-jdk8-2.18.3.jar;C:\Users\mubee\.m2\repository\com\fasterxml\jackson\module\jackson-module-parameter-names\2.18.3\jackson-module-parameter-names-2.18.3.jar;C:\Users\mubee\.m2\repository\org\springframework\boot\spring-boot-starter-tomcat\3.4.4\spring-boot-starter-tomcat-3.4.4.jar;C:\Users\mubee\.m2\repository\org\apache\tomcat\embed\tomcat-embed-core\10.1.39\tomcat-embed-core-10.1.39.jar;C:\Users\mubee\.m2\repository\org\apache\tomcat\embed\tomcat-embed-el\10.1.39\tomcat-embed-el-10.1.39.jar;C:\Users\mubee\.m2\repository\org\apache\tomcat\embed\tomcat-embed-websocket\10.1.39\tomcat-embed-websocket-10.1.39.jar;C:\Users\mubee\.m2\repository\org\springframework\boot\spring-boot-starter-validation\3.4.4\spring-boot-starter-validation-3.4.4.jar;C:\Users\mubee\.m2\repository\org\hibernate\validator\hibernate-validator\8.0.2.Final\hibernate-validator-8.0.2.Final.jar;C:\Users\mubee\.m2\repository\org\glassfish\jersey\containers\jersey-container-servlet-core\3.1.10\jersey-container-servlet-core-3.1.10.jar;C:\Users\mubee\.m2\repository\org\glassfish\jersey\core\jersey-common\3.1.10\jersey-common-3.1.10.jar;C:\Users\mubee\.m2\repository\org\glassfish\hk2\osgi-resource-locator\1.0.3\osgi-resource-locator-1.0.3.jar;C:\Users\mubee\.m2\repository\jakarta\ws\rs\jakarta.ws.rs-api\3.1.0\jakarta.ws.rs-api-3.1.0.jar;C:\Users\mubee\.m2\repository\org\glassfish\jersey\containers\jersey-container-servlet\3.1.10\jersey-container-servlet-3.1.10.jar;C:\Users\mubee\.m2\repository\org\glassfish\jersey\core\jersey-server\3.1.10\jersey-server-3.1.10.jar;C:\Users\mubee\.m2\repository\org\glassfish\jersey\core\jersey-client\3.1.10\jersey-client-3.1.10.jar;C:\Users\mubee\.m2\repository\jakarta\validation\jakarta.validation-api\3.0.2\jakarta.validation-api-3.0.2.jar;C:\Users\mubee\.m2\repository\org\glassfish\jersey\ext\jersey-bean-validation\3.1.10\jersey-bean-validation-3.1.10.jar;C:\Users\mubee\.m2\repository\org\glassfish\expressly\expressly\5.0.0\expressly-5.0.0.jar;C:\Users\mubee\.m2\repository\org\glassfish\jersey\ext\jersey-spring6\3.1.10\jersey-spring6-3.1.10.jar;C:\Users\mubee\.m2\repository\org\glassfish\jersey\inject\jersey-hk2\3.1.10\jersey-hk2-3.1.10.jar;C:\Users\mubee\.m2\repository\org\glassfish\hk2\hk2-locator\3.0.6\hk2-locator-3.0.6.jar;C:\Users\mubee\.m2\repository\org\glassfish\hk2\external\aopalliance-repackaged\3.0.6\aopalliance-repackaged-3.0.6.jar;C:\Users\mubee\.m2\repository\org\javassist\javassist\3.30.2-GA\javassist-3.30.2-GA.jar;C:\Users\mubee\.m2\repository\org\glassfish\hk2\hk2\3.0.6\hk2-3.0.6.jar;C:\Users\mubee\.m2\repository\org\glassfish\hk2\hk2-utils\3.0.6\hk2-utils-3.0.6.jar;C:\Users\mubee\.m2\repository\org\glassfish\hk2\hk2-api\3.0.6\hk2-api-3.0.6.jar;C:\Users\mubee\.m2\repository\org\glassfish\hk2\hk2-core\3.0.6\hk2-core-3.0.6.jar;C:\Users\mubee\.m2\repository\org\glassfish\hk2\hk2-runlevel\3.0.6\hk2-runlevel-3.0.6.jar;C:\Users\mubee\.m2\repository\org\glassfish\hk2\class-model\3.0.6\class-model-3.0.6.jar;C:\Users\mubee\.m2\repository\org\ow2\asm\asm-commons\9.6\asm-commons-9.6.jar;C:\Users\mubee\.m2\repository\org\glassfish\hk2\spring-bridge\3.0.6\spring-bridge-3.0.6.jar;C:\Users\mubee\.m2\repository\org\glassfish\jersey\media\jersey-media-json-jackson\3.1.10\jersey-media-json-jackson-3.1.10.jar;C:\Users\mubee\.m2\repository\org\glassfish\jersey\ext\jersey-entity-filtering\3.1.10\jersey-entity-filtering-3.1.10.jar;C:\Users\mubee\.m2\repository\org\springframework\boot\spring-boot-starter-data-jpa\3.4.4\spring-boot-starter-data-jpa-3.4.4.jar;C:\Users\mubee\.m2\repository\org\springframework\boot\spring-boot-starter\3.4.4\spring-boot-starter-3.4.4.jar;C:\Users\mubee\.m2\repository\org\springframework\boot\spring-boot\3.4.4\spring-boot-3.4.4.jar;C:\Users\mubee\.m2\repository\org\springframework\boot\spring-boot-starter-logging\3.4.4\spring-boot-starter-logging-3.4.4.jar;C:\Users\mubee\.m2\repository\ch\qos\logback\logback-classic\1.5.18\logback-classic-1.5.18.jar;C:\Users\mubee\.m2\repository\ch\qos\logback\logback-core\1.5.18\logback-core-1.5.18.jar;C:\Users\mubee\.m2\repository\org\apache\logging\log4j\log4j-to-slf4j\2.24.3\log4j-to-slf4j-2.24.3.jar;C:\Users\mubee\.m2\repository\org\apache\logging\log4j\log4j-api\2.24.3\log4j-api-2.24.3.jar;C:\Users\mubee\.m2\repository\jakarta\annotation\jakarta.annotation-api\2.1.1\jakarta.annotation-api-2.1.1.jar;C:\Users\mubee\.m2\repository\org\yaml\snakeyaml\2.3\snakeyaml-2.3.jar;C:\Users\mubee\.m2\repository\org\hibernate\orm\hibernate-core\6.6.11.Final\hibernate-core-6.6.11.Final.jar;C:\Users\mubee\.m2\repository\jakarta\persistence\jakarta.persistence-api\3.1.0\jakarta.persistence-api-3.1.0.jar;C:\Users\mubee\.m2\repository\jakarta\transaction\jakarta.transaction-api\2.0.1\jakarta.transaction-api-2.0.1.jar;C:\Users\mubee\.m2\repository\org\jboss\logging\jboss-logging\3.6.1.Final\jboss-logging-3.6.1.Final.jar;C:\Users\mubee\.m2\repository\org\hibernate\common\hibernate-commons-annotations\7.0.3.Final\hibernate-commons-annotations-7.0.3.Final.jar;C:\Users\mubee\.m2\repository\io\smallrye\jandex\3.2.0\jandex-3.2.0.jar;C:\Users\mubee\.m2\repository\com\fasterxml\classmate\1.7.0\classmate-1.7.0.jar;C:\Users\mubee\.m2\repository\net\bytebuddy\byte-buddy\1.15.11\byte-buddy-1.15.11.jar;C:\Users\mubee\.m2\repository\org\glassfish\jaxb\jaxb-runtime\4.0.5\jaxb-runtime-4.0.5.jar;C:\Users\mubee\.m2\repository\org\glassfish\jaxb\jaxb-core\4.0.5\jaxb-core-4.0.5.jar;C:\Users\mubee\.m2\repository\org\glassfish\jaxb\txw2\4.0.5\txw2-4.0.5.jar;C:\Users\mubee\.m2\repository\com\sun\istack\istack-commons-runtime\4.1.2\istack-commons-runtime-4.1.2.jar;C:\Users\mubee\.m2\repository\jakarta\inject\jakarta.inject-api\2.0.1\jakarta.inject-api-2.0.1.jar;C:\Users\mubee\.m2\repository\org\antlr\antlr4-runtime\4.13.0\antlr4-runtime-4.13.0.jar;C:\Users\mubee\.m2\repository\org\springframework\data\spring-data-jpa\3.4.4\spring-data-jpa-3.4.4.jar;C:\Users\mubee\.m2\repository\org\springframework\data\spring-data-commons\3.4.4\spring-data-commons-3.4.4.jar;C:\Users\mubee\.m2\repository\org\springframework\spring-aspects\6.2.5\spring-aspects-6.2.5.jar;C:\Users\mubee\.m2\repository\org\aspectj\aspectjweaver\1.9.23\aspectjweaver-1.9.23.jar;C:\Users\mubee\.m2\repository\mysql\mysql-connector-java\8.0.30\mysql-connector-java-8.0.30.jar;C:\Users\mubee\.m2\repository\com\google\protobuf\protobuf-java\3.19.4\protobuf-java-3.19.4.jar;C:\Users\mubee\.m2\repository\com\h2database\h2\2.3.232\h2-2.3.232.jar;C:\Users\mubee\.m2\repository\org\springframework\boot\spring-boot-starter-jdbc\3.4.4\spring-boot-starter-jdbc-3.4.4.jar;C:\Users\mubee\.m2\repository\com\zaxxer\HikariCP\5.1.0\HikariCP-5.1.0.jar;C:\Users\mubee\.m2\repository\org\springframework\spring-jdbc\6.2.5\spring-jdbc-6.2.5.jar;C:\Users\mubee\.m2\repository\org\camunda\spin\camunda-spin-dataformat-all\7.23.0\camunda-spin-dataformat-all-7.23.0.jar;C:\Users\mubee\.m2\repository\org\camunda\spin\camunda-spin-core\7.23.0\camunda-spin-core-7.23.0.jar;C:\Users\mubee\.m2\repository\org\camunda\commons\camunda-commons-logging\7.23.0\camunda-commons-logging-7.23.0.jar;C:\Users\mubee\.m2\repository\org\slf4j\slf4j-api\2.0.17\slf4j-api-2.0.17.jar;C:\Users\mubee\.m2\repository\org\camunda\commons\camunda-commons-utils\7.23.0\camunda-commons-utils-7.23.0.jar;C:\Users\mubee\.m2\repository\org\camunda\bpm\camunda-engine-plugin-spin\7.23.0\camunda-engine-plugin-spin-7.23.0.jar;C:\Users\mubee\.m2\repository\org\springframework\boot\spring-boot-starter-test\3.4.4\spring-boot-starter-test-3.4.4.jar;C:\Users\mubee\.m2\repository\org\springframework\boot\spring-boot-test\3.4.4\spring-boot-test-3.4.4.jar;C:\Users\mubee\.m2\repository\org\springframework\boot\spring-boot-test-autoconfigure\3.4.4\spring-boot-test-autoconfigure-3.4.4.jar;C:\Users\mubee\.m2\repository\com\jayway\jsonpath\json-path\2.9.0\json-path-2.9.0.jar;C:\Users\mubee\.m2\repository\jakarta\xml\bind\jakarta.xml.bind-api\4.0.2\jakarta.xml.bind-api-4.0.2.jar;C:\Users\mubee\.m2\repository\jakarta\activation\jakarta.activation-api\2.1.3\jakarta.activation-api-2.1.3.jar;C:\Users\mubee\.m2\repository\net\minidev\json-smart\2.5.2\json-smart-2.5.2.jar;C:\Users\mubee\.m2\repository\net\minidev\accessors-smart\2.5.2\accessors-smart-2.5.2.jar;C:\Users\mubee\.m2\repository\org\ow2\asm\asm\9.7.1\asm-9.7.1.jar;C:\Users\mubee\.m2\repository\org\assertj\assertj-core\3.26.3\assertj-core-3.26.3.jar;C:\Users\mubee\.m2\repository\org\awaitility\awaitility\4.2.2\awaitility-4.2.2.jar;C:\Users\mubee\.m2\repository\org\hamcrest\hamcrest\2.2\hamcrest-2.2.jar;C:\Users\mubee\.m2\repository\org\junit\jupiter\junit-jupiter\5.11.4\junit-jupiter-5.11.4.jar;C:\Users\mubee\.m2\repository\org\junit\jupiter\junit-jupiter-api\5.11.4\junit-jupiter-api-5.11.4.jar;C:\Users\mubee\.m2\repository\org\opentest4j\opentest4j\1.3.0\opentest4j-1.3.0.jar;C:\Users\mubee\.m2\repository\org\junit\platform\junit-platform-commons\1.11.4\junit-platform-commons-1.11.4.jar;C:\Users\mubee\.m2\repository\org\apiguardian\apiguardian-api\1.1.2\apiguardian-api-1.1.2.jar;C:\Users\mubee\.m2\repository\org\junit\jupiter\junit-jupiter-params\5.11.4\junit-jupiter-params-5.11.4.jar;C:\Users\mubee\.m2\repository\org\junit\jupiter\junit-jupiter-engine\5.11.4\junit-jupiter-engine-5.11.4.jar;C:\Users\mubee\.m2\repository\org\junit\platform\junit-platform-engine\1.11.4\junit-platform-engine-1.11.4.jar;C:\Users\mubee\.m2\repository\org\mockito\mockito-core\5.14.2\mockito-core-5.14.2.jar;C:\Users\mubee\.m2\repository\net\bytebuddy\byte-buddy-agent\1.15.11\byte-buddy-agent-1.15.11.jar;C:\Users\mubee\.m2\repository\org\objenesis\objenesis\3.3\objenesis-3.3.jar;C:\Users\mubee\.m2\repository\org\mockito\mockito-junit-jupiter\5.14.2\mockito-junit-jupiter-5.14.2.jar;C:\Users\mubee\.m2\repository\org\skyscreamer\jsonassert\1.5.3\jsonassert-1.5.3.jar;C:\Users\mubee\.m2\repository\com\vaadin\external\google\android-json\0.0.20131108.vaadin1\android-json-0.0.20131108.vaadin1.jar;C:\Users\mubee\.m2\repository\org\springframework\spring-core\6.2.5\spring-core-6.2.5.jar;C:\Users\mubee\.m2\repository\org\springframework\spring-jcl\6.2.5\spring-jcl-6.2.5.jar;C:\Users\mubee\.m2\repository\org\springframework\spring-test\6.2.5\spring-test-6.2.5.jar;C:\Users\mubee\.m2\repository\org\xmlunit\xmlunit-core\2.10.0\xmlunit-core-2.10.0.jar;C:\Users\mubee\.m2\repository\org\camunda\bpm\camunda-bpm-junit5\7.23.0\camunda-bpm-junit5-7.23.0.jar;C:\Users\mubee\.m2\repository\org\camunda\bpm\dmn\camunda-dmn-junit5\7.23.0\camunda-dmn-junit5-7.23.0.jar;C:\Users\mubee\.m2\repository\org\camunda\bpm\camunda-bpm-assert\7.23.0\camunda-bpm-assert-7.23.0.jar;C:\Users\mubee\.m2\repository\org\camunda\community\process_test_coverage\camunda-process-test-coverage-junit5-platform-7\2.1.0\camunda-process-test-coverage-junit5-platform-7-2.1.0.jar;C:\Users\mubee\.m2\repository\org\camunda\community\process_test_coverage\camunda-process-test-coverage-engine-platform-7\2.1.0\camunda-process-test-coverage-engine-platform-7-2.1.0.jar;C:\Users\mubee\.m2\repository\org\camunda\community\process_test_coverage\camunda-process-test-coverage-core\2.1.0\camunda-process-test-coverage-core-2.1.0.jar;C:\Users\mubee\.m2\repository\com\google\code\gson\gson\2.11.0\gson-2.11.0.jar;C:\Users\mubee\.m2\repository\com\google\errorprone\error_prone_annotations\2.27.0\error_prone_annotations-2.27.0.jar;C:\Users\mubee\.m2\repository\org\camunda\community\process_test_coverage\camunda-process-test-coverage-report-generator\2.1.0\camunda-process-test-coverage-report-generator-2.1.0.jar;C:\Users\mubee\.m2\repository\io\github\microutils\kotlin-logging-jvm\3.0.0\kotlin-logging-jvm-3.0.0.jar;C:\Users\mubee\.m2\repository\org\jetbrains\kotlin\kotlin-stdlib-common\1.9.25\kotlin-stdlib-common-1.9.25.jar;C:\Users\mubee\.m2\repository\org\jetbrains\kotlin\kotlin-stdlib-jdk8\1.9.25\kotlin-stdlib-jdk8-1.9.25.jar;C:\Users\mubee\.m2\repository\org\jetbrains\kotlin\kotlin-stdlib\1.9.25\kotlin-stdlib-1.9.25.jar;C:\Users\mubee\.m2\repository\org\jetbrains\annotations\13.0\annotations-13.0.jar;C:\Users\mubee\.m2\repository\org\jetbrains\kotlin\kotlin-stdlib-jdk7\1.9.25\kotlin-stdlib-jdk7-1.9.25.jar;C:\Users\mubee\.m2\repository\org\camunda\bpm\extension\camunda-bpm-junit5\1.1.0\camunda-bpm-junit5-1.1.0.jar;C:\Users\mubee\.m2\repository\org\camunda\community\process_test_coverage\camunda-process-test-coverage-spring-test-platform-7\2.1.0\camunda-process-test-coverage-spring-test-platform-7-2.1.0.jar;C:\Users\mubee\.m2\repository\org\camunda\bpm\extension\camunda-bpm-assert-scenario\1.1.1\camunda-bpm-assert-scenario-1.1.1.jar;C:\Users\mubee\.m2\repository\org\slf4j\jul-to-slf4j\2.0.17\jul-to-slf4j-2.0.17.jar;C:\Users\mubee\.m2\repository\javax\xml\bind\jaxb-api\2.3.1\jaxb-api-2.3.1.jar;C:\Users\mubee\.m2\repository\javax\activation\javax.activation-api\1.2.0\javax.activation-api-1.2.0.jar;C:\Users\mubee\.m2\repository\org\springframework\spring-webmvc\6.2.5\spring-webmvc-6.2.5.jar;C:\Users\mubee\.m2\repository\org\springframework\spring-aop\6.2.5\spring-aop-6.2.5.jar;C:\Users\mubee\.m2\repository\org\springframework\spring-beans\6.2.5\spring-beans-6.2.5.jar;C:\Users\mubee\.m2\repository\org\springframework\spring-context\6.2.5\spring-context-6.2.5.jar;C:\Users\mubee\.m2\repository\io\micrometer\micrometer-observation\1.14.5\micrometer-observation-1.14.5.jar;C:\Users\mubee\.m2\repository\io\micrometer\micrometer-commons\1.14.5\micrometer-commons-1.14.5.jar;C:\Users\mubee\.m2\repository\org\springframework\spring-expression\6.2.5\spring-expression-6.2.5.jar;C:\Users\mubee\.m2\repository\org\springframework\spring-web\6.2.5\spring-web-6.2.5.jar;, sun.cpu.endian=little, hibernate.cdi.extensions=true, user.home=C:\Users\mubee, user.language=en, java.specification.vendor=Oracle Corporation, java.version.date=2024-07-16, java.home=C:\sts-4.26.0.RELEASE\plugins\org.eclipse.justj.openjdk.hotspot.jre.full.win32.x86_64_21.0.4.v20240802-1551\jre, file.separator=\, basedir=C:\Users\mubee\Documents\workspace-spring-tool-suite-4-4.26.0.RELEASE\order-creation, style.color=always, java.vm.compressedOopsMode=Zero based, line.separator=
, hibernate.persistenceUnitName=default, java.vm.specification.vendor=Oracle Corporation, java.specification.name=Java Platform API Specification, FILE_LOG_CHARSET=UTF-8, hibernate.transaction.coordinator_class=class org.hibernate.resource.transaction.backend.jdbc.internal.JdbcResourceLocalTransactionCoordinatorBuilderImpl, java.awt.headless=true, surefire.real.class.path=C:\Users\mubee\AppData\Local\Temp\surefire4274895907747244452\surefirebooter-20250503124815800_3.jar, jakarta.persistence.validation.mode=AUTO, hibernate.hbm2ddl.auto=create-drop, user.script=, sun.management.compiler=HotSpot 64-Bit Tiered Compilers, java.runtime.version=21.0.4+7-LTS, user.name=mubee, stdout.encoding=Cp1252, path.separator=;, os.version=10.0, java.runtime.name=OpenJDK Runtime Environment, file.encoding=UTF-8, java.vm.name=OpenJDK 64-Bit Server VM, java.vendor.version=Temurin-21.0.4+7, localRepository=C:\Users\mubee\.m2\repository, java.vendor.url.bug=https://github.com/adoptium/adoptium-support/issues, java.io.tmpdir=C:\Users\mubee\AppData\Local\Temp\, com.zaxxer.hikari.pool_number=1, java.version=21.0.4, hibernate.physical_naming_strategy=org.hibernate.boot.model.naming.CamelCaseToUnderscoresNamingStrategy, user.dir=C:\Users\mubee\Documents\workspace-spring-tool-suite-4-4.26.0.RELEASE\order-creation, os.arch=amd64, java.vm.specification.name=Java Virtual Machine Specification, PID=20360, sun.os.patch.level=, CONSOLE_LOG_CHARSET=UTF-8, hibernate.boot.CfgXmlAccessService.key=org.hibernate.boot.registry.StandardServiceRegistryBuilder$1@5a720cdf, native.encoding=Cp1252, java.library.path=C:\sts-4.26.0.RELEASE\plugins\org.eclipse.justj.openjdk.hotspot.jre.full.win32.x86_64_21.0.4.v20240802-1551\jre\bin;C:\WINDOWS\Sun\Java\bin;C:\WINDOWS\system32;C:\WINDOWS;C:/sts-4.26.0.RELEASE//plugins/org.eclipse.justj.openjdk.hotspot.jre.full.win32.x86_64_21.0.4.v20240802-1551/jre/bin/server;C:/sts-4.26.0.RELEASE//plugins/org.eclipse.justj.openjdk.hotspot.jre.full.win32.x86_64_21.0.4.v20240802-1551/jre/bin;C:\Users\mubee\Downloads\apache-maven-3.9.9-bin\apache-maven-3.9.9\bin;C:\Program Files\Java\jdk-21\bin;C:\Program Files\Git\cmd;C:\Program Files\nodejs\;C:\Program Files\dotnet\;C:\WINDOWS\system32;C:\WINDOWS;C:\WINDOWS\System32\Wbem;C:\WINDOWS\System32\WindowsPowerShell\v1.0\;C:\WINDOWS\System32\OpenSSH\;C:\Program Files\MySQL\MySQL Shell 8.0\bin\;C:\Users\mubee\AppData\Local\Microsoft\WindowsApps;C:\Users\mubee\AppData\Local\Programs\Microsoft VS Code\bin;C:\Program Files\MySQL\MySQL Server 8.0\bin;C:\Users\mubee\AppData\Roaming\npm;;C:\sts-4.26.0.RELEASE;;., stderr.encoding=Cp1252, java.vendor=Eclipse Adoptium, java.vm.info=mixed mode, java.vm.version=21.0.4+7-LTS, sun.io.unicode.encoding=UnicodeLittle, hibernate.archive.scanner=org.hibernate.boot.archive.scan.internal.DisabledScanner, hibernate.connection.datasource=HikariDataSource (HikariPool-1), java.class.version=65.0}
12:48:26.910 [main] DEBUG o.h.internal.SessionFactoryImpl - Session factory constructed with filter configurations : {}
12:48:26.914 [main] DEBUG o.h.v.i.x.config.ValidationXmlParser - Trying to load META-INF/validation.xml for XML based Validator configuration.
12:48:26.914 [main] DEBUG o.h.v.i.x.c.ResourceLoaderHelper - Trying to load META-INF/validation.xml via TCCL
12:48:26.914 [main] DEBUG o.h.v.i.x.c.ResourceLoaderHelper - Trying to load META-INF/validation.xml via Hibernate Validator's class loader
12:48:26.914 [main] DEBUG o.h.v.i.x.config.ValidationXmlParser - No META-INF/validation.xml found. Using annotation based configuration only.
12:48:26.914 [main] DEBUG o.h.v.i.e.r.TraversableResolvers - Found jakarta.persistence.Persistence on classpath containing 'getPersistenceUtil'. Assuming JPA 2 environment. Trying to instantiate JPA aware TraversableResolver
12:48:26.914 [main] DEBUG o.h.v.i.e.r.TraversableResolvers - Instantiated JPA aware TraversableResolver of type org.hibernate.validator.internal.engine.resolver.JPATraversableResolver.
12:48:26.915 [main] DEBUG o.h.v.m.ResourceBundleMessageInterpolator - Loaded expression factory via original TCCL
12:48:26.916 [main] DEBUG o.h.v.i.e.ValidatorFactoryConfigurationHelper - HV000252: Using org.hibernate.validator.internal.engine.DefaultPropertyNodeNameProvider as property node name provider.
12:48:26.916 [main] DEBUG o.h.v.i.e.ValidatorFactoryConfigurationHelper - HV000234: Using org.hibernate.validator.messageinterpolation.ResourceBundleMessageInterpolator as ValidatorFactory-scoped message interpolator.
12:48:26.916 [main] DEBUG o.h.v.i.e.ValidatorFactoryConfigurationHelper - HV000234: Using org.hibernate.validator.internal.engine.resolver.JPATraversableResolver as ValidatorFactory-scoped traversable resolver.
12:48:26.916 [main] DEBUG o.h.v.i.e.ValidatorFactoryConfigurationHelper - HV000234: Using org.hibernate.validator.internal.util.ExecutableParameterNameProvider as ValidatorFactory-scoped parameter name provider.
12:48:26.916 [main] DEBUG o.h.v.i.e.ValidatorFactoryConfigurationHelper - HV000234: Using org.hibernate.validator.internal.engine.DefaultClockProvider as ValidatorFactory-scoped clock provider.
12:48:26.916 [main] DEBUG o.h.v.i.e.ValidatorFactoryConfigurationHelper - HV000234: Using org.hibernate.validator.internal.engine.scripting.DefaultScriptEvaluatorFactory as ValidatorFactory-scoped script evaluator factory.
12:48:26.918 [main] DEBUG o.h.b.internal.ClassLoaderAccessImpl - Not known whether passed class name [com.digitiumitservices.boc.entity.Order] is safe
12:48:26.918 [main] DEBUG o.h.b.internal.ClassLoaderAccessImpl - No temp ClassLoader provided; using live ClassLoader for loading potentially unsafe class : com.digitiumitservices.boc.entity.Order
12:48:26.947 [main] DEBUG o.h.s.i.SessionFactoryServiceRegistryImpl - EventListenerRegistry access via ServiceRegistry is deprecated.  Use `sessionFactory.getEventEngine().getListenerRegistry()` instead
12:48:27.007 [main] DEBUG o.h.q.s.function.SqmFunctionRegistry - Registered SqmFunctionTemplate [NamedSqmFunctionTemplate(max)] under max; prior registration was null
12:48:27.007 [main] DEBUG o.h.q.s.function.SqmFunctionRegistry - Registered SqmFunctionTemplate [NamedSqmFunctionTemplate(min)] under min; prior registration was null
12:48:27.008 [main] DEBUG o.h.q.s.function.SqmFunctionRegistry - Registered SqmFunctionTemplate [NamedSqmFunctionTemplate(sum)] under sum; prior registration was null
12:48:27.008 [main] DEBUG o.h.q.s.function.SqmFunctionRegistry - Registered SqmFunctionTemplate [NamedSqmFunctionTemplate(avg)] under avg; prior registration was null
12:48:27.011 [main] DEBUG o.h.q.s.function.SqmFunctionRegistry - Registered SqmFunctionTemplate [org.hibernate.dialect.function.CountFunction@16bba8ae] under count; prior registration was null
12:48:27.012 [main] DEBUG o.h.q.s.function.SqmFunctionRegistry - Registered SqmFunctionTemplate [org.hibernate.dialect.function.EveryAnyEmulation@18791f7b] under every; prior registration was null
12:48:27.012 [main] DEBUG o.h.q.s.function.SqmFunctionRegistry - Registered SqmFunctionTemplate [org.hibernate.dialect.function.EveryAnyEmulation@5a816a78] under any; prior registration was null
12:48:27.013 [main] DEBUG o.h.q.s.function.SqmFunctionRegistry - Registered SqmFunctionTemplate [NamedSqmFunctionTemplate(floor)] under floor; prior registration was null
12:48:27.013 [main] DEBUG o.h.q.s.function.SqmFunctionRegistry - Registered SqmFunctionTemplate [NamedSqmFunctionTemplate(ceiling)] under ceiling; prior registration was null
12:48:27.013 [main] DEBUG o.h.q.s.function.SqmFunctionRegistry - Registered SqmFunctionTemplate [NamedSqmFunctionTemplate(mod)] under mod; prior registration was null
12:48:27.014 [main] DEBUG o.h.q.s.function.SqmFunctionRegistry - Registered SqmFunctionTemplate [NamedSqmFunctionTemplate(abs)] under abs; prior registration was null
12:48:27.014 [main] DEBUG o.h.q.s.function.SqmFunctionRegistry - Registered SqmFunctionTemplate [NamedSqmFunctionTemplate(sign)] under sign; prior registration was null
12:48:27.014 [main] DEBUG o.h.q.s.function.SqmFunctionRegistry - Registered SqmFunctionTemplate [NamedSqmFunctionTemplate(sqrt)] under sqrt; prior registration was null
12:48:27.014 [main] DEBUG o.h.q.s.function.SqmFunctionRegistry - Registered SqmFunctionTemplate [NamedSqmFunctionTemplate(ln)] under ln; prior registration was null
12:48:27.014 [main] DEBUG o.h.q.s.function.SqmFunctionRegistry - Registered SqmFunctionTemplate [NamedSqmFunctionTemplate(exp)] under exp; prior registration was null
12:48:27.014 [main] DEBUG o.h.q.s.function.SqmFunctionRegistry - Registered SqmFunctionTemplate [NamedSqmFunctionTemplate(power)] under power; prior registration was null
12:48:27.014 [main] DEBUG o.h.q.s.function.SqmFunctionRegistry - Registered SqmFunctionTemplate [NamedSqmFunctionTemplate(round)] under round; prior registration was null
12:48:27.015 [main] DEBUG o.h.q.s.function.SqmFunctionRegistry - Registered SqmFunctionTemplate [NamedSqmFunctionTemplate(sin)] under sin; prior registration was null
12:48:27.015 [main] DEBUG o.h.q.s.function.SqmFunctionRegistry - Registered SqmFunctionTemplate [NamedSqmFunctionTemplate(cos)] under cos; prior registration was null
12:48:27.015 [main] DEBUG o.h.q.s.function.SqmFunctionRegistry - Registered SqmFunctionTemplate [NamedSqmFunctionTemplate(tan)] under tan; prior registration was null
12:48:27.015 [main] DEBUG o.h.q.s.function.SqmFunctionRegistry - Registered SqmFunctionTemplate [NamedSqmFunctionTemplate(asin)] under asin; prior registration was null
12:48:27.015 [main] DEBUG o.h.q.s.function.SqmFunctionRegistry - Registered SqmFunctionTemplate [NamedSqmFunctionTemplate(acos)] under acos; prior registration was null
12:48:27.015 [main] DEBUG o.h.q.s.function.SqmFunctionRegistry - Registered SqmFunctionTemplate [NamedSqmFunctionTemplate(atan)] under atan; prior registration was null
12:48:27.015 [main] DEBUG o.h.q.s.function.SqmFunctionRegistry - Registered SqmFunctionTemplate [NamedSqmFunctionTemplate(atan2)] under atan2; prior registration was null
12:48:27.018 [main] DEBUG o.h.q.s.function.SqmFunctionRegistry - Registered SqmFunctionTemplate [org.hibernate.query.sqm.function.PatternBasedSqmFunctionDescriptor@3dd4f91d] under sinh; prior registration was null
12:48:27.018 [main] DEBUG o.h.q.s.function.SqmFunctionRegistry - Registered SqmFunctionTemplate [org.hibernate.query.sqm.function.PatternBasedSqmFunctionDescriptor@4a65ce06] under cosh; prior registration was null
12:48:27.018 [main] DEBUG o.h.q.s.function.SqmFunctionRegistry - Registered SqmFunctionTemplate [org.hibernate.query.sqm.function.PatternBasedSqmFunctionDescriptor@30a0a440] under tanh; prior registration was null
12:48:27.018 [main] DEBUG o.h.q.s.function.SqmFunctionRegistry - Registered SqmFunctionTemplate [org.hibernate.query.sqm.function.PatternBasedSqmFunctionDescriptor@116c43d4] under pi; prior registration was null
12:48:27.018 [main] DEBUG o.h.q.s.function.SqmFunctionRegistry - Registered SqmFunctionTemplate [org.hibernate.query.sqm.function.PatternBasedSqmFunctionDescriptor@b6a5cf5] under log; prior registration was null
12:48:27.019 [main] DEBUG o.h.q.s.function.SqmFunctionRegistry - Registered SqmFunctionTemplate [NamedSqmFunctionTemplate(coalesce)] under coalesce; prior registration was null
12:48:27.019 [main] DEBUG o.h.q.s.function.SqmFunctionRegistry - Registered SqmFunctionTemplate [NamedSqmFunctionTemplate(nullif)] under nullif; prior registration was null
12:48:27.019 [main] DEBUG o.h.q.s.function.SqmFunctionRegistry - Registered SqmFunctionTemplate [NamedSqmFunctionTemplate(left)] under left; prior registration was null
12:48:27.019 [main] DEBUG o.h.q.s.function.SqmFunctionRegistry - Registered SqmFunctionTemplate [NamedSqmFunctionTemplate(right)] under right; prior registration was null
12:48:27.019 [main] DEBUG o.h.q.s.function.SqmFunctionRegistry - Registered SqmFunctionTemplate [NamedSqmFunctionTemplate(replace)] under replace; prior registration was null
12:48:27.020 [main] DEBUG o.h.q.s.function.SqmFunctionRegistry - Registered SqmFunctionTemplate [NamedSqmFunctionTemplate(concat)] under concat; prior registration was null
12:48:27.020 [main] DEBUG o.h.q.s.function.SqmFunctionRegistry - Registered SqmFunctionTemplate [NamedSqmFunctionTemplate(lower)] under lower; prior registration was null
12:48:27.020 [main] DEBUG o.h.q.s.function.SqmFunctionRegistry - Registered SqmFunctionTemplate [NamedSqmFunctionTemplate(upper)] under upper; prior registration was null
12:48:27.020 [main] DEBUG o.h.q.s.function.SqmFunctionRegistry - Registered SqmFunctionTemplate [NamedSqmFunctionTemplate(substring)] under substring; prior registration was null
12:48:27.020 [main] DEBUG o.h.q.s.function.SqmFunctionRegistry - Registered SqmFunctionTemplate [NamedSqmFunctionTemplate(locate)] under locate; prior registration was null
12:48:27.020 [main] DEBUG o.h.q.s.function.SqmFunctionRegistry - Registered SqmFunctionTemplate [NamedSqmFunctionTemplate(character_length)] under character_length; prior registration was null
12:48:27.020 [main] DEBUG o.h.q.s.function.SqmFunctionRegistry - Registering alternate key : length -> character_length
12:48:27.021 [main] DEBUG o.h.q.s.function.SqmFunctionRegistry - Registered SqmFunctionTemplate [org.hibernate.dialect.function.LocatePositionEmulation@77095c8c] under position; prior registration was null
12:48:27.023 [main] DEBUG o.h.q.s.function.SqmFunctionRegistry - Registered SqmFunctionTemplate [org.hibernate.dialect.function.InsertSubstringOverlayEmulation@4b45016d] under overlay; prior registration was null
12:48:27.024 [main] DEBUG o.h.q.s.function.SqmFunctionRegistry - Registered SqmFunctionTemplate [org.hibernate.dialect.function.TrimFunction@3e9053b3] under trim; prior registration was null
12:48:27.025 [main] DEBUG o.h.q.s.function.SqmFunctionRegistry - Registered SqmFunctionTemplate [org.hibernate.dialect.function.CastFunction@685dceb8] under cast; prior registration was null
12:48:27.025 [main] DEBUG o.h.q.s.function.SqmFunctionRegistry - Registered SqmFunctionTemplate [org.hibernate.query.sqm.function.PatternBasedSqmFunctionDescriptor@7f3616d2] under collate; prior registration was null
12:48:27.026 [main] DEBUG o.h.q.s.function.SqmFunctionRegistry - Registered SqmFunctionTemplate [org.hibernate.dialect.function.ExtractFunction@2bf3ec4a] under extract; prior registration was null
12:48:27.026 [main] DEBUG o.h.q.s.function.SqmFunctionRegistry - Registered SqmFunctionTemplate [NamedSqmFunctionTemplate(least)] under least; prior registration was null
12:48:27.026 [main] DEBUG o.h.q.s.function.SqmFunctionRegistry - Registered SqmFunctionTemplate [NamedSqmFunctionTemplate(greatest)] under greatest; prior registration was null
12:48:27.027 [main] DEBUG o.h.q.s.function.SqmFunctionRegistry - Registered SqmFunctionTemplate [org.hibernate.dialect.function.CoalesceIfnullEmulation@76bfecef] under ifnull; prior registration was null
12:48:27.027 [main] DEBUG o.h.q.s.function.SqmFunctionRegistry - Registered SqmFunctionTemplate [NamedSqmFunctionTemplate(lpad)] under lpad; prior registration was null
12:48:27.027 [main] DEBUG o.h.q.s.function.SqmFunctionRegistry - Registered SqmFunctionTemplate [NamedSqmFunctionTemplate(rpad)] under rpad; prior registration was null
12:48:27.028 [main] DEBUG o.h.q.s.function.SqmFunctionRegistry - Registered SqmFunctionTemplate [org.hibernate.dialect.function.LpadRpadPadEmulation@316a682b] under pad; prior registration was null
12:48:27.029 [main] DEBUG o.h.q.s.function.SqmFunctionRegistry - Registered SqmFunctionTemplate [org.hibernate.dialect.function.CastStrEmulation@7105d271] under str; prior registration was null
12:48:27.032 [main] DEBUG o.h.q.s.function.SqmFunctionRegistry - Registered SqmFunctionTemplate [org.hibernate.dialect.function.FormatFunction@6b8de9dc] under format; prior registration was null
12:48:27.033 [main] DEBUG o.h.q.s.function.SqmFunctionRegistry - Registered SqmFunctionTemplate [org.hibernate.dialect.function.TimestampaddFunction@4a83740e] under timestampadd; prior registration was null
12:48:27.034 [main] DEBUG o.h.q.s.function.SqmFunctionRegistry - Registered SqmFunctionTemplate [org.hibernate.dialect.function.TimestampdiffFunction@6fcf3192] under timestampdiff; prior registration was null
12:48:27.034 [main] DEBUG o.h.q.s.function.SqmFunctionRegistry - Registering alternate key : dateadd -> timestampadd
12:48:27.035 [main] DEBUG o.h.q.s.function.SqmFunctionRegistry - Registering alternate key : datediff -> timestampdiff
12:48:27.036 [main] DEBUG o.h.q.s.function.SqmFunctionRegistry - Registered SqmFunctionTemplate [org.hibernate.dialect.function.CurrentFunction@1acf7db2] under current_date; prior registration was null
12:48:27.036 [main] DEBUG o.h.q.s.function.SqmFunctionRegistry - Registered SqmFunctionTemplate [org.hibernate.dialect.function.CurrentFunction@252da8f] under current_time; prior registration was null
12:48:27.037 [main] DEBUG o.h.q.s.function.SqmFunctionRegistry - Registered SqmFunctionTemplate [org.hibernate.dialect.function.CurrentFunction@3a973b5e] under current_timestamp; prior registration was null
12:48:27.037 [main] DEBUG o.h.q.s.function.SqmFunctionRegistry - Registering alternate key : current date -> current_date
12:48:27.037 [main] DEBUG o.h.q.s.function.SqmFunctionRegistry - Registering alternate key : current time -> current_time
12:48:27.037 [main] DEBUG o.h.q.s.function.SqmFunctionRegistry - Registering alternate key : current timestamp -> current_timestamp
12:48:27.037 [main] DEBUG o.h.q.s.function.SqmFunctionRegistry - Registered SqmFunctionTemplate [org.hibernate.dialect.function.CurrentFunction@6225c800] under local_date; prior registration was null
12:48:27.037 [main] DEBUG o.h.q.s.function.SqmFunctionRegistry - Registered SqmFunctionTemplate [org.hibernate.dialect.function.CurrentFunction@3e60b1b] under local_time; prior registration was null
12:48:27.037 [main] DEBUG o.h.q.s.function.SqmFunctionRegistry - Registered SqmFunctionTemplate [org.hibernate.dialect.function.CurrentFunction@17f43f4a] under local_datetime; prior registration was null
12:48:27.037 [main] DEBUG o.h.q.s.function.SqmFunctionRegistry - Registered SqmFunctionTemplate [org.hibernate.dialect.function.CurrentFunction@143abb21] under offset_datetime; prior registration was null
12:48:27.037 [main] DEBUG o.h.q.s.function.SqmFunctionRegistry - Registering alternate key : local date -> local_date
12:48:27.037 [main] DEBUG o.h.q.s.function.SqmFunctionRegistry - Registering alternate key : local time -> local_time
12:48:27.037 [main] DEBUG o.h.q.s.function.SqmFunctionRegistry - Registering alternate key : local datetime -> local_datetime
12:48:27.037 [main] DEBUG o.h.q.s.function.SqmFunctionRegistry - Registering alternate key : offset datetime -> offset_datetime
12:48:27.037 [main] DEBUG o.h.q.s.function.SqmFunctionRegistry - Registered SqmFunctionTemplate [org.hibernate.dialect.function.CurrentFunction@5813046e] under instant; prior registration was null
12:48:27.037 [main] DEBUG o.h.q.s.function.SqmFunctionRegistry - Registering alternate key : current_instant -> instant
12:48:27.038 [main] DEBUG o.h.q.s.function.SqmFunctionRegistry - Registered SqmFunctionTemplate [org.hibernate.dialect.function.SqlFunction@5c74025e] under sql; prior registration was null
12:48:27.038 [main] DEBUG o.h.q.s.function.SqmFunctionRegistry - Registered SqmFunctionTemplate [NamedSqmFunctionTemplate(max)] under max; prior registration was NamedSqmFunctionTemplate(max)
12:48:27.039 [main] DEBUG o.h.q.s.function.SqmFunctionRegistry - Registered SqmFunctionTemplate [NamedSqmFunctionTemplate(min)] under min; prior registration was NamedSqmFunctionTemplate(min)
12:48:27.039 [main] DEBUG o.h.q.s.function.SqmFunctionRegistry - Registered SqmFunctionTemplate [NamedSqmFunctionTemplate(sum)] under sum; prior registration was NamedSqmFunctionTemplate(sum)
12:48:27.039 [main] DEBUG o.h.q.s.function.SqmFunctionRegistry - Registered SqmFunctionTemplate [NamedSqmFunctionTemplate(avg)] under avg; prior registration was NamedSqmFunctionTemplate(avg)
12:48:27.039 [main] DEBUG o.h.q.s.function.SqmFunctionRegistry - Registered SqmFunctionTemplate [org.hibernate.dialect.function.CountFunction@4467c026] under count; prior registration was org.hibernate.dialect.function.CountFunction@16bba8ae
12:48:27.040 [main] DEBUG o.h.q.s.function.SqmFunctionRegistry - Registered SqmFunctionTemplate [org.hibernate.dialect.function.AvgFunction@11c95035] under avg; prior registration was NamedSqmFunctionTemplate(avg)
12:48:27.040 [main] DEBUG o.h.q.s.function.SqmFunctionRegistry - Registered SqmFunctionTemplate [NamedSqmFunctionTemplate(pi)] under pi; prior registration was org.hibernate.query.sqm.function.PatternBasedSqmFunctionDescriptor@116c43d4
12:48:27.040 [main] DEBUG o.h.q.s.function.SqmFunctionRegistry - Registered SqmFunctionTemplate [NamedSqmFunctionTemplate(cot)] under cot; prior registration was null
12:48:27.040 [main] DEBUG o.h.q.s.function.SqmFunctionRegistry - Registered SqmFunctionTemplate [NamedSqmFunctionTemplate(radians)] under radians; prior registration was null
12:48:27.040 [main] DEBUG o.h.q.s.function.SqmFunctionRegistry - Registered SqmFunctionTemplate [NamedSqmFunctionTemplate(degrees)] under degrees; prior registration was null
12:48:27.040 [main] DEBUG o.h.q.s.function.SqmFunctionRegistry - Registered SqmFunctionTemplate [NamedSqmFunctionTemplate(log10)] under log10; prior registration was null
12:48:27.040 [main] DEBUG o.h.q.s.function.SqmFunctionRegistry - Registered SqmFunctionTemplate [org.hibernate.query.sqm.function.PatternBasedSqmFunctionDescriptor@64dd94ed] under mod; prior registration was NamedSqmFunctionTemplate(mod)
12:48:27.040 [main] DEBUG o.h.q.s.function.SqmFunctionRegistry - Registered SqmFunctionTemplate [NamedSqmFunctionTemplate(rand)] under rand; prior registration was null
12:48:27.040 [main] DEBUG o.h.q.s.function.SqmFunctionRegistry - Registered SqmFunctionTemplate [NamedSqmFunctionTemplate(soundex)] under soundex; prior registration was null
12:48:27.040 [main] DEBUG o.h.q.s.function.SqmFunctionRegistry - Registered SqmFunctionTemplate [NamedSqmFunctionTemplate(translate)] under translate; prior registration was null
12:48:27.040 [main] DEBUG o.h.q.s.function.SqmFunctionRegistry - Registered SqmFunctionTemplate [NamedSqmFunctionTemplate(bitand)] under bitand; prior registration was null
12:48:27.040 [main] DEBUG o.h.q.s.function.SqmFunctionRegistry - Registered SqmFunctionTemplate [NamedSqmFunctionTemplate(bitor)] under bitor; prior registration was null
12:48:27.041 [main] DEBUG o.h.q.s.function.SqmFunctionRegistry - Registered SqmFunctionTemplate [NamedSqmFunctionTemplate(bitxor)] under bitxor; prior registration was null
12:48:27.041 [main] DEBUG o.h.q.s.function.SqmFunctionRegistry - Registered SqmFunctionTemplate [NamedSqmFunctionTemplate(bitnot)] under bitnot; prior registration was null
12:48:27.041 [main] DEBUG o.h.q.s.function.SqmFunctionRegistry - Registered SqmFunctionTemplate [NamedSqmFunctionTemplate(bit_and)] under bit_and; prior registration was null
12:48:27.041 [main] DEBUG o.h.q.s.function.SqmFunctionRegistry - Registered SqmFunctionTemplate [NamedSqmFunctionTemplate(bit_or)] under bit_or; prior registration was null
12:48:27.041 [main] DEBUG o.h.q.s.function.SqmFunctionRegistry - Registered SqmFunctionTemplate [NamedSqmFunctionTemplate(day)] under day; prior registration was null
12:48:27.041 [main] DEBUG o.h.q.s.function.SqmFunctionRegistry - Registered SqmFunctionTemplate [NamedSqmFunctionTemplate(month)] under month; prior registration was null
12:48:27.041 [main] DEBUG o.h.q.s.function.SqmFunctionRegistry - Registered SqmFunctionTemplate [NamedSqmFunctionTemplate(year)] under year; prior registration was null
12:48:27.041 [main] DEBUG o.h.q.s.function.SqmFunctionRegistry - Registered SqmFunctionTemplate [NamedSqmFunctionTemplate(hour)] under hour; prior registration was null
12:48:27.041 [main] DEBUG o.h.q.s.function.SqmFunctionRegistry - Registered SqmFunctionTemplate [NamedSqmFunctionTemplate(minute)] under minute; prior registration was null
12:48:27.041 [main] DEBUG o.h.q.s.function.SqmFunctionRegistry - Registered SqmFunctionTemplate [NamedSqmFunctionTemplate(second)] under second; prior registration was null
12:48:27.041 [main] DEBUG o.h.q.s.function.SqmFunctionRegistry - Registered SqmFunctionTemplate [NamedSqmFunctionTemplate(microsecond)] under microsecond; prior registration was null
12:48:27.041 [main] DEBUG o.h.q.s.function.SqmFunctionRegistry - Registered SqmFunctionTemplate [NamedSqmFunctionTemplate(day_of_week)] under day_of_week; prior registration was null
12:48:27.041 [main] DEBUG o.h.q.s.function.SqmFunctionRegistry - Registered SqmFunctionTemplate [NamedSqmFunctionTemplate(day_of_month)] under day_of_month; prior registration was null
12:48:27.041 [main] DEBUG o.h.q.s.function.SqmFunctionRegistry - Registering alternate key : day -> day_of_month
12:48:27.041 [main] DEBUG o.h.q.s.function.SqmFunctionRegistry - Registered SqmFunctionTemplate [NamedSqmFunctionTemplate(day_of_year)] under day_of_year; prior registration was null
12:48:27.041 [main] DEBUG o.h.q.s.function.SqmFunctionRegistry - Registered SqmFunctionTemplate [NamedSqmFunctionTemplate(week)] under week; prior registration was null
12:48:27.041 [main] DEBUG o.h.q.s.function.SqmFunctionRegistry - Registered SqmFunctionTemplate [NamedSqmFunctionTemplate(quarter)] under quarter; prior registration was null
12:48:27.041 [main] DEBUG o.h.q.s.function.SqmFunctionRegistry - Registered SqmFunctionTemplate [NamedSqmFunctionTemplate(monthname)] under monthname; prior registration was null
12:48:27.041 [main] DEBUG o.h.q.s.function.SqmFunctionRegistry - Registered SqmFunctionTemplate [NamedSqmFunctionTemplate(dayname)] under dayname; prior registration was null
12:48:27.041 [main] DEBUG o.h.q.s.function.SqmFunctionRegistry - Registered SqmFunctionTemplate [NamedSqmFunctionTemplate(localtime)] under localtime; prior registration was null
12:48:27.041 [main] DEBUG o.h.q.s.function.SqmFunctionRegistry - Registered SqmFunctionTemplate [NamedSqmFunctionTemplate(localtimestamp)] under localtimestamp; prior registration was null
12:48:27.041 [main] DEBUG o.h.q.s.function.SqmFunctionRegistry - Registered SqmFunctionTemplate [NamedSqmFunctionTemplate(localtime)] under local_time; prior registration was org.hibernate.dialect.function.CurrentFunction@3e60b1b
12:48:27.041 [main] DEBUG o.h.q.s.function.SqmFunctionRegistry - Registered SqmFunctionTemplate [NamedSqmFunctionTemplate(localtimestamp)] under local_datetime; prior registration was org.hibernate.dialect.function.CurrentFunction@17f43f4a
12:48:27.046 [main] DEBUG o.h.q.s.function.SqmFunctionRegistry - Registered SqmFunctionTemplate [org.hibernate.dialect.function.TruncFunction@534f4a65] under trunc; prior registration was null
12:48:27.046 [main] DEBUG o.h.q.s.function.SqmFunctionRegistry - Registering alternate key : truncate -> trunc
12:48:27.046 [main] DEBUG o.h.q.s.function.SqmFunctionRegistry - Registered SqmFunctionTemplate [org.hibernate.query.sqm.function.PatternBasedSqmFunctionDescriptor@8a0447e] under date_trunc; prior registration was null
12:48:27.046 [main] DEBUG o.h.q.s.function.SqmFunctionRegistry - Registered SqmFunctionTemplate [NamedSqmFunctionTemplate(bit_length)] under bit_length; prior registration was null
12:48:27.046 [main] DEBUG o.h.q.s.function.SqmFunctionRegistry - Registered SqmFunctionTemplate [NamedSqmFunctionTemplate(octet_length)] under octet_length; prior registration was null
12:48:27.046 [main] DEBUG o.h.q.s.function.SqmFunctionRegistry - Registered SqmFunctionTemplate [NamedSqmFunctionTemplate(ascii)] under ascii; prior registration was null
12:48:27.047 [main] DEBUG o.h.q.s.function.SqmFunctionRegistry - Registered SqmFunctionTemplate [NamedSqmFunctionTemplate(octet_length)] under octet_length; prior registration was NamedSqmFunctionTemplate(octet_length)
12:48:27.047 [main] DEBUG o.h.q.s.function.SqmFunctionRegistry - Registered SqmFunctionTemplate [NamedSqmFunctionTemplate(space)] under space; prior registration was null
12:48:27.047 [main] DEBUG o.h.q.s.function.SqmFunctionRegistry - Registered SqmFunctionTemplate [NamedSqmFunctionTemplate(repeat)] under repeat; prior registration was null
12:48:27.047 [main] DEBUG o.h.q.s.function.SqmFunctionRegistry - Registered SqmFunctionTemplate [NamedSqmFunctionTemplate(char)] under char; prior registration was null
12:48:27.047 [main] DEBUG o.h.q.s.function.SqmFunctionRegistry - Registering alternate key : chr -> char
12:48:27.047 [main] DEBUG o.h.q.s.function.SqmFunctionRegistry - Registered SqmFunctionTemplate [NamedSqmFunctionTemplate(instr)] under instr; prior registration was null
12:48:27.047 [main] DEBUG o.h.q.s.function.SqmFunctionRegistry - Registered SqmFunctionTemplate [NamedSqmFunctionTemplate(substr)] under substr; prior registration was null
12:48:27.047 [main] DEBUG o.h.q.s.function.SqmFunctionRegistry - Registered SqmFunctionTemplate [org.hibernate.query.sqm.function.PatternBasedSqmFunctionDescriptor@2505480a] under position; prior registration was org.hibernate.dialect.function.LocatePositionEmulation@77095c8c
12:48:27.047 [main] DEBUG o.h.q.s.function.SqmFunctionRegistry - Registered SqmFunctionTemplate [NamedSqmFunctionTemplate(ltrim)] under ltrim; prior registration was null
12:48:27.047 [main] DEBUG o.h.q.s.function.SqmFunctionRegistry - Registered SqmFunctionTemplate [NamedSqmFunctionTemplate(rtrim)] under rtrim; prior registration was null
12:48:27.047 [main] DEBUG o.h.q.s.function.SqmFunctionRegistry - Registered SqmFunctionTemplate [org.hibernate.query.sqm.function.PatternBasedSqmFunctionDescriptor@602854ed] under concat; prior registration was NamedSqmFunctionTemplate(concat)
12:48:27.047 [main] DEBUG o.h.q.s.function.SqmFunctionRegistry - Registered SqmFunctionTemplate [NamedSqmFunctionTemplate(curtime)] under curtime; prior registration was null
12:48:27.047 [main] DEBUG o.h.q.s.function.SqmFunctionRegistry - Registered SqmFunctionTemplate [NamedSqmFunctionTemplate(curdate)] under curdate; prior registration was null
12:48:27.047 [main] DEBUG o.h.q.s.function.SqmFunctionRegistry - Registered SqmFunctionTemplate [NamedSqmFunctionTemplate(now)] under now; prior registration was null
12:48:27.047 [main] DEBUG o.h.q.s.function.SqmFunctionRegistry - Registered SqmFunctionTemplate [NamedSqmFunctionTemplate(sysdate)] under sysdate; prior registration was null
12:48:27.047 [main] DEBUG o.h.q.s.function.SqmFunctionRegistry - Registered SqmFunctionTemplate [NamedSqmFunctionTemplate(insert)] under insert; prior registration was null
12:48:27.047 [main] DEBUG o.h.q.s.function.SqmFunctionRegistry - Registered SqmFunctionTemplate [NamedSqmFunctionTemplate(bool_and)] under bool_and; prior registration was null
12:48:27.048 [main] DEBUG o.h.q.s.function.SqmFunctionRegistry - Registering alternate key : every -> bool_and
12:48:27.048 [main] DEBUG o.h.q.s.function.SqmFunctionRegistry - Registered SqmFunctionTemplate [NamedSqmFunctionTemplate(bool_or)] under bool_or; prior registration was null
12:48:27.048 [main] DEBUG o.h.q.s.function.SqmFunctionRegistry - Registering alternate key : any -> bool_or
12:48:27.048 [main] DEBUG o.h.q.s.function.SqmFunctionRegistry - Registered SqmFunctionTemplate [NamedSqmFunctionTemplate(median)] under median; prior registration was null
12:48:27.048 [main] DEBUG o.h.q.s.function.SqmFunctionRegistry - Registered SqmFunctionTemplate [NamedSqmFunctionTemplate(stddev_pop)] under stddev_pop; prior registration was null
12:48:27.048 [main] DEBUG o.h.q.s.function.SqmFunctionRegistry - Registered SqmFunctionTemplate [NamedSqmFunctionTemplate(stddev_samp)] under stddev_samp; prior registration was null
12:48:27.048 [main] DEBUG o.h.q.s.function.SqmFunctionRegistry - Registered SqmFunctionTemplate [NamedSqmFunctionTemplate(var_pop)] under var_pop; prior registration was null
12:48:27.048 [main] DEBUG o.h.q.s.function.SqmFunctionRegistry - Registered SqmFunctionTemplate [NamedSqmFunctionTemplate(var_samp)] under var_samp; prior registration was null
12:48:27.048 [main] DEBUG o.h.q.s.function.SqmFunctionRegistry - Registered SqmFunctionTemplate [org.hibernate.dialect.function.FormatFunction@491d36ef] under format; prior registration was org.hibernate.dialect.function.FormatFunction@6b8de9dc
12:48:27.048 [main] DEBUG o.h.q.s.function.SqmFunctionRegistry - Registered SqmFunctionTemplate [NamedSqmFunctionTemplate(rownum)] under rownum; prior registration was null
12:48:27.048 [main] DEBUG o.h.q.s.function.SqmFunctionRegistry - Registered SqmFunctionTemplate [NamedSqmFunctionTemplate(row_number)] under row_number; prior registration was null
12:48:27.049 [main] DEBUG o.h.q.s.function.SqmFunctionRegistry - Registered SqmFunctionTemplate [NamedSqmFunctionTemplate(lag)] under lag; prior registration was null
12:48:27.049 [main] DEBUG o.h.q.s.function.SqmFunctionRegistry - Registered SqmFunctionTemplate [NamedSqmFunctionTemplate(lead)] under lead; prior registration was null
12:48:27.049 [main] DEBUG o.h.q.s.function.SqmFunctionRegistry - Registered SqmFunctionTemplate [NamedSqmFunctionTemplate(first_value)] under first_value; prior registration was null
12:48:27.049 [main] DEBUG o.h.q.s.function.SqmFunctionRegistry - Registered SqmFunctionTemplate [NamedSqmFunctionTemplate(last_value)] under last_value; prior registration was null
12:48:27.049 [main] DEBUG o.h.q.s.function.SqmFunctionRegistry - Registered SqmFunctionTemplate [NamedSqmFunctionTemplate(nth_value)] under nth_value; prior registration was null
12:48:27.050 [main] DEBUG o.h.q.s.function.SqmFunctionRegistry - Registered SqmFunctionTemplate [org.hibernate.dialect.function.ListaggFunction@2d4e6bb2] under listagg; prior registration was null
12:48:27.052 [main] DEBUG o.h.q.s.function.SqmFunctionRegistry - Registered SqmFunctionTemplate [org.hibernate.dialect.function.InverseDistributionFunction@15d41953] under mode; prior registration was null
12:48:27.052 [main] DEBUG o.h.q.s.function.SqmFunctionRegistry - Registered SqmFunctionTemplate [org.hibernate.dialect.function.InverseDistributionFunction@6e1e9a10] under percentile_cont; prior registration was null
12:48:27.052 [main] DEBUG o.h.q.s.function.SqmFunctionRegistry - Registered SqmFunctionTemplate [org.hibernate.dialect.function.InverseDistributionFunction@248e31a1] under percentile_disc; prior registration was null
12:48:27.053 [main] DEBUG o.h.q.s.function.SqmFunctionRegistry - Registered SqmFunctionTemplate [org.hibernate.dialect.function.HypotheticalSetFunction@549fc0b3] under rank; prior registration was null
12:48:27.053 [main] DEBUG o.h.q.s.function.SqmFunctionRegistry - Registered SqmFunctionTemplate [org.hibernate.dialect.function.HypotheticalSetFunction@4f091800] under dense_rank; prior registration was null
12:48:27.053 [main] DEBUG o.h.q.s.function.SqmFunctionRegistry - Registered SqmFunctionTemplate [org.hibernate.dialect.function.HypotheticalSetFunction@3d8d926f] under percent_rank; prior registration was null
12:48:27.053 [main] DEBUG o.h.q.s.function.SqmFunctionRegistry - Registered SqmFunctionTemplate [org.hibernate.dialect.function.HypotheticalSetFunction@73daf6a6] under cume_dist; prior registration was null
12:48:27.055 [main] DEBUG o.h.q.s.function.SqmFunctionRegistry - Registered SqmFunctionTemplate [org.hibernate.dialect.function.array.ArrayConstructorFunction@34b294c4] under array; prior registration was null
12:48:27.055 [main] DEBUG o.h.q.s.function.SqmFunctionRegistry - Registered SqmFunctionTemplate [org.hibernate.dialect.function.array.ArrayConstructorFunction@7b01f056] under array_list; prior registration was null
12:48:27.056 [main] DEBUG o.h.q.s.function.SqmFunctionRegistry - Registered SqmFunctionTemplate [org.hibernate.dialect.function.array.ArrayAggFunction@31cae1e4] under array_agg; prior registration was null
12:48:27.060 [main] DEBUG o.h.q.s.function.SqmFunctionRegistry - Registered SqmFunctionTemplate [org.hibernate.dialect.function.array.H2ArrayPositionFunction@435b944c] under array_position; prior registration was null
12:48:27.066 [main] DEBUG o.h.q.s.function.SqmFunctionRegistry - Registered SqmFunctionTemplate [org.hibernate.dialect.function.array.H2ArrayPositionsFunction@14abde3e] under array_positions; prior registration was null
12:48:27.068 [main] DEBUG o.h.q.s.function.SqmFunctionRegistry - Registered SqmFunctionTemplate [org.hibernate.dialect.function.array.H2ArrayPositionsFunction@18ea9bec] under array_positions_list; prior registration was null
12:48:27.068 [main] DEBUG o.h.q.s.function.SqmFunctionRegistry - Registered SqmFunctionTemplate [org.hibernate.query.sqm.function.PatternBasedSqmFunctionDescriptor@2dacaa7f] under array_length; prior registration was null
12:48:27.069 [main] DEBUG o.h.q.s.function.SqmFunctionRegistry - Registered SqmFunctionTemplate [org.hibernate.dialect.function.DynamicDispatchFunction@2c5157c9] under length; prior registration was null
12:48:27.070 [main] DEBUG o.h.q.s.function.SqmFunctionRegistry - Registered SqmFunctionTemplate [org.hibernate.dialect.function.array.ArrayConcatFunction@5739b804] under array_concat; prior registration was null
12:48:27.071 [main] DEBUG o.h.q.s.function.SqmFunctionRegistry - Registered SqmFunctionTemplate [org.hibernate.dialect.function.array.ArrayConcatElementFunction@4e22fdc0] under array_prepend; prior registration was null
12:48:27.071 [main] DEBUG o.h.q.s.function.SqmFunctionRegistry - Registered SqmFunctionTemplate [org.hibernate.dialect.function.array.ArrayConcatElementFunction@74de1e9d] under array_append; prior registration was null
12:48:27.073 [main] DEBUG o.h.q.s.function.SqmFunctionRegistry - Registered SqmFunctionTemplate [org.hibernate.dialect.function.array.H2ArrayContainsFunction@79fa9f97] under array_contains; prior registration was null
12:48:27.073 [main] DEBUG o.h.q.s.function.SqmFunctionRegistry - Registered SqmFunctionTemplate [org.hibernate.dialect.function.array.H2ArrayContainsFunction@400cb9ef] under array_contains_nullable; prior registration was null
12:48:27.075 [main] DEBUG o.h.q.s.function.SqmFunctionRegistry - Registered SqmFunctionTemplate [org.hibernate.dialect.function.array.H2ArrayIncludesFunction@4d00b076] under array_includes; prior registration was null
12:48:27.075 [main] DEBUG o.h.q.s.function.SqmFunctionRegistry - Registered SqmFunctionTemplate [org.hibernate.dialect.function.array.H2ArrayIncludesFunction@66f62b8c] under array_includes_nullable; prior registration was null
12:48:27.076 [main] DEBUG o.h.q.s.function.SqmFunctionRegistry - Registered SqmFunctionTemplate [org.hibernate.dialect.function.array.H2ArrayIntersectsFunction@4bd1541f] under array_intersects; prior registration was null
12:48:27.076 [main] DEBUG o.h.q.s.function.SqmFunctionRegistry - Registered SqmFunctionTemplate [org.hibernate.dialect.function.array.H2ArrayIntersectsFunction@78f18a87] under array_intersects_nullable; prior registration was null
12:48:27.076 [main] DEBUG o.h.q.s.function.SqmFunctionRegistry - Registering alternate key : array_overlaps -> array_intersects
12:48:27.076 [main] DEBUG o.h.q.s.function.SqmFunctionRegistry - Registering alternate key : array_overlaps_nullable -> array_intersects_nullable
12:48:27.077 [main] DEBUG o.h.q.s.function.SqmFunctionRegistry - Registered SqmFunctionTemplate [org.hibernate.query.sqm.function.PatternBasedSqmFunctionDescriptor@6eb06667] under array_get; prior registration was null
12:48:27.078 [main] DEBUG o.h.q.s.function.SqmFunctionRegistry - Registered SqmFunctionTemplate [org.hibernate.dialect.function.array.H2ArraySetFunction@47db20e0] under array_set; prior registration was null
12:48:27.078 [main] DEBUG o.h.q.s.function.SqmFunctionRegistry - Registered SqmFunctionTemplate [org.hibernate.dialect.function.array.H2ArrayRemoveFunction@3c9e169f] under array_remove; prior registration was null
12:48:27.078 [main] DEBUG o.h.q.s.function.SqmFunctionRegistry - Registered SqmFunctionTemplate [org.hibernate.dialect.function.array.H2ArrayRemoveIndexFunction@5d59ad49] under array_remove_index; prior registration was null
12:48:27.079 [main] DEBUG o.h.q.s.function.SqmFunctionRegistry - Registered SqmFunctionTemplate [org.hibernate.query.sqm.function.PatternBasedSqmFunctionDescriptor@78a03662] under array_slice; prior registration was null
12:48:27.079 [main] DEBUG o.h.q.s.function.SqmFunctionRegistry - Registered SqmFunctionTemplate [org.hibernate.dialect.function.array.H2ArrayReplaceFunction@673d73da] under array_replace; prior registration was null
12:48:27.079 [main] DEBUG o.h.q.s.function.SqmFunctionRegistry - Registered SqmFunctionTemplate [org.hibernate.query.sqm.function.PatternBasedSqmFunctionDescriptor@5125558b] under array_trim; prior registration was null
12:48:27.080 [main] DEBUG o.h.q.s.function.SqmFunctionRegistry - Registered SqmFunctionTemplate [org.hibernate.dialect.function.array.H2ArrayFillFunction@3ec6bc6f] under array_fill; prior registration was null
12:48:27.080 [main] DEBUG o.h.q.s.function.SqmFunctionRegistry - Registered SqmFunctionTemplate [org.hibernate.dialect.function.array.H2ArrayFillFunction@4b6c5fa2] under array_fill_list; prior registration was null
12:48:27.080 [main] DEBUG o.h.q.s.function.SqmFunctionRegistry - Registered SqmFunctionTemplate [org.hibernate.dialect.function.array.H2ArrayToStringFunction@5259469d] under array_to_string; prior registration was null
12:48:27.082 [main] DEBUG org.hibernate.HQL_FUNCTIONS - abs(NUMERIC arg)
12:48:27.082 [main] DEBUG org.hibernate.HQL_FUNCTIONS - Double acos(NUMERIC arg)
12:48:27.082 [main] DEBUG org.hibernate.HQL_FUNCTIONS - Boolean any(BOOLEAN predicate)
12:48:27.082 [main] DEBUG org.hibernate.HQL_FUNCTIONS - array( ... )
12:48:27.082 [main] DEBUG org.hibernate.HQL_FUNCTIONS - array_agg(arg)
12:48:27.082 [main] DEBUG org.hibernate.HQL_FUNCTIONS - array_append( ... )
12:48:27.082 [main] DEBUG org.hibernate.HQL_FUNCTIONS - array_concat( ... )
12:48:27.082 [main] DEBUG org.hibernate.HQL_FUNCTIONS - Boolean array_contains(ARRAY haystackArray, OBJECT needleElementOrArray)
12:48:27.082 [main] DEBUG org.hibernate.HQL_FUNCTIONS - Boolean array_contains_nullable(ARRAY haystackArray, OBJECT needleElementOrArray)
12:48:27.082 [main] DEBUG org.hibernate.HQL_FUNCTIONS - array_fill(OBJECT element, INTEGER elementCount)
12:48:27.082 [main] DEBUG org.hibernate.HQL_FUNCTIONS - array_fill_list(OBJECT element, INTEGER elementCount)
12:48:27.082 [main] DEBUG org.hibernate.HQL_FUNCTIONS - array_get(ARRAY array, INTEGER index)
12:48:27.082 [main] DEBUG org.hibernate.HQL_FUNCTIONS - Boolean array_includes(ARRAY haystackArray, OBJECT needleArray)
12:48:27.082 [main] DEBUG org.hibernate.HQL_FUNCTIONS - Boolean array_includes_nullable(ARRAY haystackArray, OBJECT needleArray)
12:48:27.082 [main] DEBUG org.hibernate.HQL_FUNCTIONS - Boolean array_intersects(ARRAY array0, OBJECT array1)
12:48:27.082 [main] DEBUG org.hibernate.HQL_FUNCTIONS - Boolean array_intersects_nullable(ARRAY array0, OBJECT array1)
12:48:27.082 [main] DEBUG org.hibernate.HQL_FUNCTIONS - Integer array_length(ARRAY array)
12:48:27.082 [main] DEBUG org.hibernate.HQL_FUNCTIONS - array_list( ... )
12:48:27.082 [main] DEBUG org.hibernate.HQL_FUNCTIONS - Boolean array_overlaps(ARRAY array0, OBJECT array1)
12:48:27.082 [main] DEBUG org.hibernate.HQL_FUNCTIONS - Boolean array_overlaps_nullable(ARRAY array0, OBJECT array1)
12:48:27.082 [main] DEBUG org.hibernate.HQL_FUNCTIONS - Integer array_position(ARRAY array, OBJECT element[, INTEGER startPosition])
12:48:27.082 [main] DEBUG org.hibernate.HQL_FUNCTIONS - int[] array_positions(ARRAY array, OBJECT element)
12:48:27.082 [main] DEBUG org.hibernate.HQL_FUNCTIONS - List array_positions_list(ARRAY array, OBJECT element)
12:48:27.082 [main] DEBUG org.hibernate.HQL_FUNCTIONS - array_prepend( ... )
12:48:27.082 [main] DEBUG org.hibernate.HQL_FUNCTIONS - array_remove( ... )
12:48:27.082 [main] DEBUG org.hibernate.HQL_FUNCTIONS - array_remove_index( ... )
12:48:27.082 [main] DEBUG org.hibernate.HQL_FUNCTIONS - array_replace( ... )
12:48:27.082 [main] DEBUG org.hibernate.HQL_FUNCTIONS - array_set( ... )
12:48:27.082 [main] DEBUG org.hibernate.HQL_FUNCTIONS - array_slice(ARRAY array, INTEGER start, INTEGER end)
12:48:27.082 [main] DEBUG org.hibernate.HQL_FUNCTIONS - String array_to_string( ... )
12:48:27.082 [main] DEBUG org.hibernate.HQL_FUNCTIONS - array_trim(ARRAY array, INTEGER elementsToRemove)
12:48:27.082 [main] DEBUG org.hibernate.HQL_FUNCTIONS - Integer ascii(STRING arg)
12:48:27.082 [main] DEBUG org.hibernate.HQL_FUNCTIONS - Double asin(NUMERIC arg)
12:48:27.082 [main] DEBUG org.hibernate.HQL_FUNCTIONS - Double atan(NUMERIC arg)
12:48:27.082 [main] DEBUG org.hibernate.HQL_FUNCTIONS - Double atan2(NUMERIC arg0, NUMERIC arg1)
12:48:27.082 [main] DEBUG org.hibernate.HQL_FUNCTIONS - avg(NUMERIC arg)
12:48:27.082 [main] DEBUG org.hibernate.HQL_FUNCTIONS - bit_and(arg)
12:48:27.082 [main] DEBUG org.hibernate.HQL_FUNCTIONS - Integer bit_length(STRING_OR_CLOB arg)
12:48:27.082 [main] DEBUG org.hibernate.HQL_FUNCTIONS - bit_or(arg)
12:48:27.082 [main] DEBUG org.hibernate.HQL_FUNCTIONS - bitand(arg0, arg1)
12:48:27.082 [main] DEBUG org.hibernate.HQL_FUNCTIONS - bitnot(arg)
12:48:27.082 [main] DEBUG org.hibernate.HQL_FUNCTIONS - bitor(arg0, arg1)
12:48:27.082 [main] DEBUG org.hibernate.HQL_FUNCTIONS - bitxor(arg0, arg1)
12:48:27.082 [main] DEBUG org.hibernate.HQL_FUNCTIONS - Boolean bool_and(BOOLEAN predicate)
12:48:27.082 [main] DEBUG org.hibernate.HQL_FUNCTIONS - Boolean bool_or(BOOLEAN predicate)
12:48:27.082 [main] DEBUG org.hibernate.HQL_FUNCTIONS - cast(arg as Type)
12:48:27.082 [main] DEBUG org.hibernate.HQL_FUNCTIONS - ceiling(NUMERIC arg)
12:48:27.082 [main] DEBUG org.hibernate.HQL_FUNCTIONS - Character char(INTEGER arg)
12:48:27.082 [main] DEBUG org.hibernate.HQL_FUNCTIONS - Integer character_length(STRING_OR_CLOB arg)
12:48:27.082 [main] DEBUG org.hibernate.HQL_FUNCTIONS - Character chr(INTEGER arg)
12:48:27.082 [main] DEBUG org.hibernate.HQL_FUNCTIONS - coalesce(arg0[, arg1[, ...]])
12:48:27.082 [main] DEBUG org.hibernate.HQL_FUNCTIONS - String collate(STRING string as COLLATION collation)
12:48:27.082 [main] DEBUG org.hibernate.HQL_FUNCTIONS - String concat(STRING string0[, STRING string1[, ...]])
12:48:27.082 [main] DEBUG org.hibernate.HQL_FUNCTIONS - Double cos(NUMERIC arg)
12:48:27.082 [main] DEBUG org.hibernate.HQL_FUNCTIONS - Double cosh(NUMERIC arg)
12:48:27.082 [main] DEBUG org.hibernate.HQL_FUNCTIONS - Double cot(NUMERIC arg)
12:48:27.082 [main] DEBUG org.hibernate.HQL_FUNCTIONS - Long count([distinct ]{arg|*})
12:48:27.082 [main] DEBUG org.hibernate.HQL_FUNCTIONS - Double cume_dist([arg0[, ...]])
12:48:27.082 [main] DEBUG org.hibernate.HQL_FUNCTIONS - Date curdate()
12:48:27.082 [main] DEBUG org.hibernate.HQL_FUNCTIONS - Date current date
12:48:27.082 [main] DEBUG org.hibernate.HQL_FUNCTIONS - Time current time
12:48:27.082 [main] DEBUG org.hibernate.HQL_FUNCTIONS - Timestamp current timestamp
12:48:27.082 [main] DEBUG org.hibernate.HQL_FUNCTIONS - Date current_date
12:48:27.082 [main] DEBUG org.hibernate.HQL_FUNCTIONS - Instant current_instant
12:48:27.082 [main] DEBUG org.hibernate.HQL_FUNCTIONS - Time current_time
12:48:27.082 [main] DEBUG org.hibernate.HQL_FUNCTIONS - Timestamp current_timestamp
12:48:27.082 [main] DEBUG org.hibernate.HQL_FUNCTIONS - Time curtime()
12:48:27.082 [main] DEBUG org.hibernate.HQL_FUNCTIONS - date_trunc(STRING field, TEMPORAL datetime)
12:48:27.082 [main] DEBUG org.hibernate.HQL_FUNCTIONS - dateadd(TEMPORAL_UNIT field, INTEGER magnitude, TEMPORAL datetime)
12:48:27.083 [main] DEBUG org.hibernate.HQL_FUNCTIONS - Long|Double datediff(TEMPORAL_UNIT field, TEMPORAL start, TEMPORAL end)
12:48:27.083 [main] DEBUG org.hibernate.HQL_FUNCTIONS - Integer day(DATE arg)
12:48:27.083 [main] DEBUG org.hibernate.HQL_FUNCTIONS - Integer day_of_month(DATE arg)
12:48:27.083 [main] DEBUG org.hibernate.HQL_FUNCTIONS - Integer day_of_week(DATE arg)
12:48:27.083 [main] DEBUG org.hibernate.HQL_FUNCTIONS - Integer day_of_year(DATE arg)
12:48:27.083 [main] DEBUG org.hibernate.HQL_FUNCTIONS - String dayname(DATE arg)
12:48:27.083 [main] DEBUG org.hibernate.HQL_FUNCTIONS - Double degrees(NUMERIC arg)
12:48:27.083 [main] DEBUG org.hibernate.HQL_FUNCTIONS - Long dense_rank([arg0[, ...]])
12:48:27.083 [main] DEBUG org.hibernate.HQL_FUNCTIONS - Boolean every(BOOLEAN predicate)
12:48:27.083 [main] DEBUG org.hibernate.HQL_FUNCTIONS - Double exp(NUMERIC arg)
12:48:27.083 [main] DEBUG org.hibernate.HQL_FUNCTIONS - extract(TEMPORAL_UNIT field from TEMPORAL arg)
12:48:27.083 [main] DEBUG org.hibernate.HQL_FUNCTIONS - first_valueANY value
12:48:27.083 [main] DEBUG org.hibernate.HQL_FUNCTIONS - floor(NUMERIC arg)
12:48:27.083 [main] DEBUG org.hibernate.HQL_FUNCTIONS - String format(TEMPORAL datetime as STRING pattern)
12:48:27.083 [main] DEBUG org.hibernate.HQL_FUNCTIONS - greatest(COMPARABLE arg0, COMPARABLE arg1[, arg2[, ...]])
12:48:27.083 [main] DEBUG org.hibernate.HQL_FUNCTIONS - Integer hour(TIME arg)
12:48:27.083 [main] DEBUG org.hibernate.HQL_FUNCTIONS - ifnull(arg0, arg1)
12:48:27.083 [main] DEBUG org.hibernate.HQL_FUNCTIONS - String insert(STRING string, INTEGER start, INTEGER length, STRING replacement)
12:48:27.083 [main] DEBUG org.hibernate.HQL_FUNCTIONS - Instant instant
12:48:27.083 [main] DEBUG org.hibernate.HQL_FUNCTIONS - Integer instr(STRING string, STRING pattern[, INTEGER start[, INTEGER occurrence]])
12:48:27.083 [main] DEBUG org.hibernate.HQL_FUNCTIONS - lagANY value[, INTEGER offset[, ANY default]]
12:48:27.083 [main] DEBUG org.hibernate.HQL_FUNCTIONS - last_valueANY value
12:48:27.083 [main] DEBUG org.hibernate.HQL_FUNCTIONS - leadANY value[, INTEGER offset[, ANY default]]
12:48:27.083 [main] DEBUG org.hibernate.HQL_FUNCTIONS - least(COMPARABLE arg0, COMPARABLE arg1[, arg2[, ...]])
12:48:27.083 [main] DEBUG org.hibernate.HQL_FUNCTIONS - String left(STRING string, INTEGER length)
12:48:27.083 [main] DEBUG org.hibernate.HQL_FUNCTIONS - length
12:48:27.083 [main] DEBUG org.hibernate.HQL_FUNCTIONS - String listagg(STRING arg0, STRING arg1)
12:48:27.083 [main] DEBUG org.hibernate.HQL_FUNCTIONS - Double ln(NUMERIC arg)
12:48:27.083 [main] DEBUG org.hibernate.HQL_FUNCTIONS - LocalDate local date
12:48:27.083 [main] DEBUG org.hibernate.HQL_FUNCTIONS - LocalDateTime local datetime
12:48:27.083 [main] DEBUG org.hibernate.HQL_FUNCTIONS - LocalTime local time
12:48:27.083 [main] DEBUG org.hibernate.HQL_FUNCTIONS - LocalDate local_date
12:48:27.083 [main] DEBUG org.hibernate.HQL_FUNCTIONS - LocalDateTime local_datetime
12:48:27.083 [main] DEBUG org.hibernate.HQL_FUNCTIONS - LocalTime local_time
12:48:27.083 [main] DEBUG org.hibernate.HQL_FUNCTIONS - Time localtime
12:48:27.083 [main] DEBUG org.hibernate.HQL_FUNCTIONS - Timestamp localtimestamp
12:48:27.083 [main] DEBUG org.hibernate.HQL_FUNCTIONS - Integer locate(STRING pattern, STRING string[, INTEGER start])
12:48:27.083 [main] DEBUG org.hibernate.HQL_FUNCTIONS - Double log(NUMERIC base, NUMERIC arg)
12:48:27.083 [main] DEBUG org.hibernate.HQL_FUNCTIONS - Double log10(NUMERIC arg)
12:48:27.083 [main] DEBUG org.hibernate.HQL_FUNCTIONS - String lower(STRING string)
12:48:27.083 [main] DEBUG org.hibernate.HQL_FUNCTIONS - String lpad(STRING string, INTEGER length[, STRING padding])
12:48:27.083 [main] DEBUG org.hibernate.HQL_FUNCTIONS - String ltrim(STRING string)
12:48:27.083 [main] DEBUG org.hibernate.HQL_FUNCTIONS - max(COMPARABLE arg)
12:48:27.083 [main] DEBUG org.hibernate.HQL_FUNCTIONS - Double median(NUMERIC arg)
12:48:27.083 [main] DEBUG org.hibernate.HQL_FUNCTIONS - Integer microsecond(TIME arg)
12:48:27.083 [main] DEBUG org.hibernate.HQL_FUNCTIONS - min(COMPARABLE arg)
12:48:27.083 [main] DEBUG org.hibernate.HQL_FUNCTIONS - Integer minute(TIME arg)
12:48:27.083 [main] DEBUG org.hibernate.HQL_FUNCTIONS - Integer mod(INTEGER arg0, INTEGER arg1)
12:48:27.083 [main] DEBUG org.hibernate.HQL_FUNCTIONS - mode()
12:48:27.083 [main] DEBUG org.hibernate.HQL_FUNCTIONS - Integer month(DATE arg)
12:48:27.083 [main] DEBUG org.hibernate.HQL_FUNCTIONS - String monthname(DATE arg)
12:48:27.083 [main] DEBUG org.hibernate.HQL_FUNCTIONS - Timestamp now()
12:48:27.083 [main] DEBUG org.hibernate.HQL_FUNCTIONS - nth_valueANY value, INTEGER nth
12:48:27.083 [main] DEBUG org.hibernate.HQL_FUNCTIONS - nullif(arg0, arg1)
12:48:27.083 [main] DEBUG org.hibernate.HQL_FUNCTIONS - Integer octet_length(STRING_OR_CLOB arg)
12:48:27.083 [main] DEBUG org.hibernate.HQL_FUNCTIONS - OffsetDateTime offset datetime
12:48:27.083 [main] DEBUG org.hibernate.HQL_FUNCTIONS - OffsetDateTime offset_datetime
12:48:27.083 [main] DEBUG org.hibernate.HQL_FUNCTIONS - String overlay(STRING string placing STRING replacement from INTEGER start[ for INTEGER length])
12:48:27.083 [main] DEBUG org.hibernate.HQL_FUNCTIONS - String pad(STRING string with INTEGER length {leading|trailing}[ STRING character])
12:48:27.083 [main] DEBUG org.hibernate.HQL_FUNCTIONS - Double percent_rank([arg0[, ...]])
12:48:27.083 [main] DEBUG org.hibernate.HQL_FUNCTIONS - percentile_cont(NUMERIC arg)
12:48:27.083 [main] DEBUG org.hibernate.HQL_FUNCTIONS - percentile_disc(NUMERIC arg)
12:48:27.083 [main] DEBUG org.hibernate.HQL_FUNCTIONS - Double pi
12:48:27.083 [main] DEBUG org.hibernate.HQL_FUNCTIONS - Integer position(STRING pattern in STRING string)
12:48:27.083 [main] DEBUG org.hibernate.HQL_FUNCTIONS - Double power(NUMERIC arg0, NUMERIC arg1)
12:48:27.083 [main] DEBUG org.hibernate.HQL_FUNCTIONS - Integer quarter(DATE arg)
12:48:27.083 [main] DEBUG org.hibernate.HQL_FUNCTIONS - Double radians(NUMERIC arg)
12:48:27.083 [main] DEBUG org.hibernate.HQL_FUNCTIONS - Double rand([INTEGER seed])
12:48:27.083 [main] DEBUG org.hibernate.HQL_FUNCTIONS - Long rank([arg0[, ...]])
12:48:27.083 [main] DEBUG org.hibernate.HQL_FUNCTIONS - String repeat(STRING string, INTEGER times)
12:48:27.083 [main] DEBUG org.hibernate.HQL_FUNCTIONS - String replace(STRING string, STRING pattern, STRING replacement)
12:48:27.083 [main] DEBUG org.hibernate.HQL_FUNCTIONS - String right(STRING string, INTEGER length)
12:48:27.083 [main] DEBUG org.hibernate.HQL_FUNCTIONS - round(NUMERIC number[, INTEGER places])
12:48:27.083 [main] DEBUG org.hibernate.HQL_FUNCTIONS - Long row_number()
12:48:27.083 [main] DEBUG org.hibernate.HQL_FUNCTIONS - Long rownum()
12:48:27.083 [main] DEBUG org.hibernate.HQL_FUNCTIONS - String rpad(STRING string, INTEGER length[, STRING padding])
12:48:27.083 [main] DEBUG org.hibernate.HQL_FUNCTIONS - String rtrim(STRING string)
12:48:27.083 [main] DEBUG org.hibernate.HQL_FUNCTIONS - Integer second(TIME arg)
12:48:27.083 [main] DEBUG org.hibernate.HQL_FUNCTIONS - Integer sign(NUMERIC arg)
12:48:27.083 [main] DEBUG org.hibernate.HQL_FUNCTIONS - Double sin(NUMERIC arg)
12:48:27.083 [main] DEBUG org.hibernate.HQL_FUNCTIONS - Double sinh(NUMERIC arg)
12:48:27.083 [main] DEBUG org.hibernate.HQL_FUNCTIONS - String soundex(arg)
12:48:27.083 [main] DEBUG org.hibernate.HQL_FUNCTIONS - String space(INTEGER arg)
12:48:27.083 [main] DEBUG org.hibernate.HQL_FUNCTIONS - Object sql
12:48:27.083 [main] DEBUG org.hibernate.HQL_FUNCTIONS - Double sqrt(NUMERIC arg)
12:48:27.083 [main] DEBUG org.hibernate.HQL_FUNCTIONS - Double stddev_pop(NUMERIC arg)
12:48:27.083 [main] DEBUG org.hibernate.HQL_FUNCTIONS - Double stddev_samp(NUMERIC arg)
12:48:27.083 [main] DEBUG org.hibernate.HQL_FUNCTIONS - String str(arg)
12:48:27.083 [main] DEBUG org.hibernate.HQL_FUNCTIONS - String substr(STRING string, INTEGER start[, INTEGER length])
12:48:27.083 [main] DEBUG org.hibernate.HQL_FUNCTIONS - String substring(STRING string{ from|,} INTEGER start[{ for|,} INTEGER length])
12:48:27.083 [main] DEBUG org.hibernate.HQL_FUNCTIONS - sum(arg)
12:48:27.083 [main] DEBUG org.hibernate.HQL_FUNCTIONS - Timestamp sysdate
12:48:27.083 [main] DEBUG org.hibernate.HQL_FUNCTIONS - Double tan(NUMERIC arg)
12:48:27.083 [main] DEBUG org.hibernate.HQL_FUNCTIONS - Double tanh(NUMERIC arg)
12:48:27.083 [main] DEBUG org.hibernate.HQL_FUNCTIONS - timestampadd(TEMPORAL_UNIT field, INTEGER magnitude, TEMPORAL datetime)
12:48:27.083 [main] DEBUG org.hibernate.HQL_FUNCTIONS - Long|Double timestampdiff(TEMPORAL_UNIT field, TEMPORAL start, TEMPORAL end)
12:48:27.084 [main] DEBUG org.hibernate.HQL_FUNCTIONS - String translate(STRING arg0, STRING arg1, STRING arg2)
12:48:27.084 [main] DEBUG org.hibernate.HQL_FUNCTIONS - String trim([[{leading|trailing|both} ][STRING arg0 ]from] STRING arg1)
12:48:27.084 [main] DEBUG org.hibernate.HQL_FUNCTIONS - trunc( ... )
12:48:27.084 [main] DEBUG org.hibernate.HQL_FUNCTIONS - truncate( ... )
12:48:27.084 [main] DEBUG org.hibernate.HQL_FUNCTIONS - String upper(STRING string)
12:48:27.084 [main] DEBUG org.hibernate.HQL_FUNCTIONS - Double var_pop(NUMERIC arg)
12:48:27.084 [main] DEBUG org.hibernate.HQL_FUNCTIONS - Double var_samp(NUMERIC arg)
12:48:27.084 [main] DEBUG org.hibernate.HQL_FUNCTIONS - Integer week(DATE arg)
12:48:27.084 [main] DEBUG org.hibernate.HQL_FUNCTIONS - Integer year(DATE arg)
12:48:27.090 [main] DEBUG org.hibernate.orm.query.plan.cache - Starting QueryInterpretationCache(2048)
12:48:27.182 [main] DEBUG o.h.s.i.SessionFactoryServiceRegistryImpl - EventListenerRegistry access via ServiceRegistry is deprecated.  Use `sessionFactory.getEventEngine().getListenerRegistry()` instead
12:48:27.183 [main] DEBUG o.h.e.i.EntityCopyObserverFactoryInitiator - Configured EntityCopyObserver strategy: disallow
12:48:27.280 [main] DEBUG o.h.b.internal.ClassLoaderAccessImpl - Not known whether passed class name [com.digitiumitservices.boc.entity.Order] is safe
12:48:27.280 [main] DEBUG o.h.b.internal.ClassLoaderAccessImpl - No temp ClassLoader provided; using live ClassLoader for loading potentially unsafe class : com.digitiumitservices.boc.entity.Order
12:48:27.470 [main] DEBUG o.h.b.i.b.BytecodeProviderImpl - HHH000513: Unable to create the ReflectionOptimizer for [com.digitiumitservices.boc.entity.Order]: private accessor [customer]
12:48:27.473 [main] INFO  o.h.m.i.EntityInstantiatorPojoStandard - HHH000182: No default (no-argument) constructor for class: com.digitiumitservices.boc.entity.Order (class must be instantiated by Interceptor)
12:48:27.511 [main] DEBUG o.h.orm.model.mapping.creation - Starting post-init callbacks
12:48:27.511 [main] DEBUG o.h.orm.model.mapping.creation - Starting PostInitCallbackEntry : Entity(com.digitiumitservices.boc.entity.Order) `staticFetchableList` generator
12:48:27.609 [main] DEBUG org.hibernate.orm.sql.ast.create - Created new SQL alias : o1_0
12:48:27.612 [main] DEBUG org.hibernate.orm.sql.ast.create - Registration of TableGroup [StandardTableGroup(com.digitiumitservices.boc.entity.Order)] with identifierForTableGroup [com.digitiumitservices.boc.entity.Order] for NavigablePath [com.digitiumitservices.boc.entity.Order] 
12:48:27.625 [main] DEBUG org.hibernate.orm.results.graph.AST - DomainResult Graph:
 \-EntityResultImpl [com.digitiumitservices.boc.entity.Order]
 |  +-BasicFetch [com.digitiumitservices.boc.entity.Order.customer]
 |  +-BasicFetch [com.digitiumitservices.boc.entity.Order.product]
 |  \-BasicFetch [com.digitiumitservices.boc.entity.Order.quantity]

12:48:27.628 [main] DEBUG org.hibernate.orm.sql.ast.tree - SQL AST Tree:
    SelectStatement {
      FromClause {
        StandardTableGroup (o1 : com.digitiumitservices.boc.entity.Order) {
          primaryTableReference : orders_list as o1_0
        }
      }
    }

12:48:27.634 [main] DEBUG o.h.p.entity.AbstractEntityPersister - Static SQL for entity: com.digitiumitservices.boc.entity.Order
12:48:27.635 [main] DEBUG o.h.p.entity.AbstractEntityPersister -  Version select: select order_id from orders_list where order_id=?
12:48:27.635 [main] DEBUG o.h.p.entity.AbstractEntityPersister -  Insert (0): insert into orders_list (customer,product,quantity,order_id) values (?,?,?,?)
12:48:27.635 [main] DEBUG o.h.p.entity.AbstractEntityPersister -  Update (0): update orders_list set customer=?,product=?,quantity=? where order_id=?
12:48:27.635 [main] DEBUG o.h.p.entity.AbstractEntityPersister -  Delete (0): delete from orders_list where order_id=?
12:48:27.660 [main] INFO  o.h.e.t.j.p.i.JtaPlatformInitiator - HHH000489: No JTA platform available (set 'hibernate.transaction.jta.platform' to enable JTA platform integration)
12:48:27.660 [main] DEBUG o.h.type.spi.TypeConfiguration$Scope - Scoping TypeConfiguration [org.hibernate.type.spi.TypeConfiguration@41a940a9] to SessionFactoryImplementor [org.hibernate.internal.SessionFactoryImpl@49e8f283]
12:48:27.661 [main] DEBUG o.h.q.named.NamedObjectRepository - Checking 0 named HQL queries
12:48:27.661 [main] DEBUG o.h.q.named.NamedObjectRepository - Checking 0 named SQL queries
12:48:27.675 [main] DEBUG org.hibernate.SQL - drop table if exists orders_list cascade 
12:48:27.680 [main] DEBUG org.hibernate.SQL - create table orders_list (quantity integer not null, customer varchar(255), order_id varchar(255) not null, product varchar(255), primary key (order_id))
12:48:27.686 [main] DEBUG o.h.internal.SessionFactoryRegistry - Initializing SessionFactoryRegistry : org.hibernate.internal.SessionFactoryRegistry@1569f8a6
12:48:27.686 [main] DEBUG o.h.internal.SessionFactoryRegistry - Registering SessionFactory: 142f8fd0-e6ab-4e75-a9b4-9be384d9c3dd (<unnamed>)
12:48:27.686 [main] DEBUG o.h.internal.SessionFactoryRegistry - Not binding SessionFactory to JNDI, no JNDI name configured
12:48:27.686 [main] DEBUG o.h.internal.SessionFactoryImpl - Instantiated SessionFactory
12:48:27.686 [main] INFO  o.s.o.j.LocalContainerEntityManagerFactoryBean - Initialized JPA EntityManagerFactory for persistence unit 'default'
12:48:27.890 [main] DEBUG o.h.s.internal.StatisticsInitiator - Statistics initialized [enabled=false]
12:48:28.246 [main] INFO  org.camunda.bpm.engine.cfg - ENGINE-12003 Plugin 'CompositeProcessEnginePlugin[genericPropertiesConfiguration, camundaProcessEngineConfiguration, camundaDatasourceConfiguration, camundaHistoryConfiguration, camundaMetricsConfiguration, camundaAuthorizationConfiguration, failedJobConfiguration, camundaConfiguration, disableDeploymentResourcePattern, eventPublisherPlugin, ApplicationContextClassloaderSwitchPlugin, SpringBootSpinProcessEnginePlugin]' activated on process engine 'default'
12:48:28.248 [main] INFO  org.camunda.bpm.spring.boot - STARTER-SB020 ProcessApplication enabled: autoDeployment via springConfiguration#deploymentResourcePattern is disabled
12:48:28.250 [main] INFO  o.c.b.s.b.s.e.EventPublisherPlugin - EVENTING-001: Initialized Camunda Spring Boot Eventing Engine Plugin.
12:48:28.250 [main] INFO  o.c.b.s.b.s.e.EventPublisherPlugin - EVENTING-003: Task events will be published as Spring Events.
12:48:28.250 [main] INFO  o.c.b.s.b.s.e.EventPublisherPlugin - EVENTING-005: Execution events will be published as Spring Events.
12:48:28.250 [main] INFO  o.c.b.s.b.s.e.EventPublisherPlugin - EVENTING-009: Listeners will not be invoked if a skipCustomListeners API parameter is set to true by user.
12:48:28.253 [main] INFO  o.c.b.s.b.s.e.EventPublisherPlugin - EVENTING-007: History events will be published as Spring events.
12:48:28.255 [main] INFO  org.camunda.spin - SPIN-01010 Discovered Spin data format provider: org.camunda.spin.impl.json.jackson.format.JacksonJsonDataFormatProvider[name = application/json]
12:48:28.256 [main] INFO  org.camunda.spin - SPIN-01010 Discovered Spin data format provider: org.camunda.spin.impl.xml.dom.format.DomXmlDataFormatProvider[name = application/xml]
12:48:28.266 [main] INFO  org.camunda.spin - SPIN-01009 Discovered Spin data format: org.camunda.spin.impl.xml.dom.format.DomXmlDataFormat[name = application/xml]
12:48:28.266 [main] INFO  org.camunda.spin - SPIN-01009 Discovered Spin data format: org.camunda.spin.impl.json.jackson.format.JacksonJsonDataFormat[name = application/json]
12:48:28.272 [main] INFO  org.camunda.bpm.dmn.feel.scala - FEEL/SCALA-01001 Spin value mapper detected
12:48:29.114 [main] DEBUG o.h.e.t.internal.TransactionImpl - On TransactionImpl creation, JpaCompliance#isJpaTransactionComplianceEnabled == false
12:48:29.114 [main] DEBUG o.h.e.t.internal.TransactionImpl - begin
12:48:29.154 [main] INFO  org.camunda.bpm.engine.persistence - ENGINE-03016 Performing database operation 'create' on component 'engine' with resource 'org/camunda/bpm/engine/db/create/activiti.h2.create.engine.sql'
12:48:29.175 [main] INFO  org.camunda.bpm.engine.persistence - ENGINE-03016 Performing database operation 'create' on component 'history' with resource 'org/camunda/bpm/engine/db/create/activiti.h2.create.history.sql'
12:48:29.181 [main] INFO  org.camunda.bpm.engine.persistence - ENGINE-03016 Performing database operation 'create' on component 'identity' with resource 'org/camunda/bpm/engine/db/create/activiti.h2.create.identity.sql'
12:48:29.188 [main] INFO  org.camunda.bpm.engine.persistence - ENGINE-03016 Performing database operation 'create' on component 'case.engine' with resource 'org/camunda/bpm/engine/db/create/activiti.h2.create.case.engine.sql'
12:48:29.191 [main] INFO  org.camunda.bpm.engine.persistence - ENGINE-03016 Performing database operation 'create' on component 'case.history' with resource 'org/camunda/bpm/engine/db/create/activiti.h2.create.case.history.sql'
12:48:29.193 [main] INFO  org.camunda.bpm.engine.persistence - ENGINE-03016 Performing database operation 'create' on component 'decision.engine' with resource 'org/camunda/bpm/engine/db/create/activiti.h2.create.decision.engine.sql'
12:48:29.203 [main] INFO  org.camunda.bpm.engine.persistence - ENGINE-03016 Performing database operation 'create' on component 'decision.history' with resource 'org/camunda/bpm/engine/db/create/activiti.h2.create.decision.history.sql'
12:48:29.204 [main] DEBUG o.h.e.t.internal.TransactionImpl - committing
12:48:29.207 [main] DEBUG o.h.e.t.internal.TransactionImpl - On TransactionImpl creation, JpaCompliance#isJpaTransactionComplianceEnabled == false
12:48:29.207 [main] DEBUG o.h.e.t.internal.TransactionImpl - begin
12:48:29.214 [main] INFO  org.camunda.bpm.engine.persistence - ENGINE-03067 No history level property found in database
12:48:29.214 [main] INFO  org.camunda.bpm.engine.persistence - ENGINE-03065 Creating historyLevel property in database for level: HistoryLevelFull(name=full, id=3)
12:48:29.217 [main] DEBUG o.h.e.t.internal.TransactionImpl - committing
12:48:29.217 [main] DEBUG o.h.e.t.internal.TransactionImpl - On TransactionImpl creation, JpaCompliance#isJpaTransactionComplianceEnabled == false
12:48:29.217 [main] DEBUG o.h.e.t.internal.TransactionImpl - begin
12:48:29.223 [main] DEBUG o.h.e.t.internal.TransactionImpl - committing
12:48:29.224 [main] INFO  org.camunda.bpm.engine - ENGINE-00001 Process Engine default created.
12:48:29.231 [main] WARN  o.s.b.a.o.j.JpaBaseConfiguration$JpaWebConfiguration - spring.jpa.open-in-view is enabled by default. Therefore, database queries may be performed during view rendering. Explicitly configure spring.jpa.open-in-view to disable this warning
12:48:29.319 [main] INFO  o.c.b.s.b.s.r.CamundaJerseyResourceConfig - Configuring camunda rest api.
12:48:29.377 [main] INFO  o.c.b.s.b.s.r.CamundaJerseyResourceConfig - Finished configuring camunda rest api.
12:48:29.686 [main] DEBUG o.h.v.m.ResourceBundleMessageInterpolator - Loaded expression factory via original TCCL
12:48:29.689 [main] DEBUG o.h.v.i.e.AbstractConfigurationImpl - Setting custom MessageInterpolator of type org.springframework.validation.beanvalidation.LocaleContextMessageInterpolator
12:48:29.690 [main] DEBUG o.h.v.i.e.AbstractConfigurationImpl - Setting custom ConstraintValidatorFactory of type org.springframework.validation.beanvalidation.SpringConstraintValidatorFactory
12:48:29.691 [main] DEBUG o.h.v.i.x.config.ValidationXmlParser - Trying to load META-INF/validation.xml for XML based Validator configuration.
12:48:29.692 [main] DEBUG o.h.v.i.x.c.ResourceLoaderHelper - Trying to load META-INF/validation.xml via user class loader
12:48:29.692 [main] DEBUG o.h.v.i.x.c.ResourceLoaderHelper - Trying to load META-INF/validation.xml via TCCL
12:48:29.692 [main] DEBUG o.h.v.i.x.c.ResourceLoaderHelper - Trying to load META-INF/validation.xml via Hibernate Validator's class loader
12:48:29.692 [main] DEBUG o.h.v.i.x.config.ValidationXmlParser - No META-INF/validation.xml found. Using annotation based configuration only.
12:48:29.692 [main] DEBUG o.h.v.i.e.r.TraversableResolvers - Found jakarta.persistence.Persistence on classpath containing 'getPersistenceUtil'. Assuming JPA 2 environment. Trying to instantiate JPA aware TraversableResolver
12:48:29.692 [main] DEBUG o.h.v.i.e.r.TraversableResolvers - Instantiated JPA aware TraversableResolver of type org.hibernate.validator.internal.engine.resolver.JPATraversableResolver.
12:48:29.693 [main] DEBUG o.h.v.i.e.ValidatorFactoryConfigurationHelper - HV000252: Using org.hibernate.validator.internal.engine.DefaultPropertyNodeNameProvider as property node name provider.
12:48:29.693 [main] DEBUG o.h.v.i.e.ValidatorFactoryConfigurationHelper - HV000234: Using org.springframework.validation.beanvalidation.LocaleContextMessageInterpolator as ValidatorFactory-scoped message interpolator.
12:48:29.693 [main] DEBUG o.h.v.i.e.ValidatorFactoryConfigurationHelper - HV000234: Using org.hibernate.validator.internal.engine.resolver.JPATraversableResolver as ValidatorFactory-scoped traversable resolver.
12:48:29.693 [main] DEBUG o.h.v.i.e.ValidatorFactoryConfigurationHelper - HV000234: Using org.hibernate.validator.internal.util.ExecutableParameterNameProvider as ValidatorFactory-scoped parameter name provider.
12:48:29.693 [main] DEBUG o.h.v.i.e.ValidatorFactoryConfigurationHelper - HV000234: Using org.hibernate.validator.internal.engine.DefaultClockProvider as ValidatorFactory-scoped clock provider.
12:48:29.693 [main] DEBUG o.h.v.i.e.ValidatorFactoryConfigurationHelper - HV000234: Using org.hibernate.validator.internal.engine.scripting.DefaultScriptEvaluatorFactory as ValidatorFactory-scoped script evaluator factory.
12:48:29.835 [main] DEBUG _.s.w.s.HandlerMapping.Mappings - 
	o.s.b.a.w.s.e.BasicErrorController:
	{ [/error]}: error(HttpServletRequest)
	{ [/error], produces [text/html]}: errorHtml(HttpServletRequest,HttpServletResponse)
12:48:29.856 [main] DEBUG _.s.w.s.HandlerMapping.Mappings - 'viewControllerHandlerMapping' {/=ParameterizableViewController [view=org.springframework.web.servlet.view.RedirectView: [RedirectView]; URL [/camunda/app/]]}
12:48:29.860 [main] DEBUG _.s.w.s.HandlerMapping.Mappings - 'beanNameHandlerMapping' {}
12:48:29.982 [main] DEBUG _.s.w.s.HandlerMapping.Mappings - 'resourceHandlerMapping' {/webjars/**=ResourceHttpRequestHandler [classpath [META-INF/resources/webjars/]], /**=ResourceHttpRequestHandler [classpath [META-INF/resources/], classpath [resources/], classpath [static/], classpath [public/], ServletContext [/]], /camunda/lib/**=ResourceHttpRequestHandler [classpath [META-INF/resources/webjars/camunda/lib/]], /camunda/api/**=ResourceHttpRequestHandler [classpath [api/]], /camunda/app/**=ResourceHttpRequestHandler [classpath [META-INF/resources/webjars/camunda/app/]], /camunda/assets/**=ResourceHttpRequestHandler [classpath [META-INF/resources/webjars/camunda/assets/]], /camunda/favicon.ico=ResourceHttpRequestHandler [classpath [META-INF/resources/webjars/camunda/]]}
12:48:30.399 [main] INFO  org.camunda.bpm.container - ENGINE-08024 Found processes.xml file at file:/C:/Users/mubee/Documents/workspace-spring-tool-suite-4-4.26.0.RELEASE/order-creation/target/classes/META-INF/processes.xml
12:48:30.400 [main] INFO  org.camunda.bpm.container - ENGINE-08025 Detected empty processes.xml file, using default values
12:48:30.409 [main] INFO  org.camunda.bpm.container - ENGINE-08023 Deployment summary for process archive 'order-creation': 

        Bulk Order Creation.bpmn
        process.bpmn

12:48:30.409 [main] DEBUG o.h.e.t.internal.TransactionImpl - On TransactionImpl creation, JpaCompliance#isJpaTransactionComplianceEnabled == false
12:48:30.410 [main] DEBUG o.h.e.t.internal.TransactionImpl - begin
12:48:30.420 [main] DEBUG o.h.e.t.internal.TransactionImpl - On TransactionImpl creation, JpaCompliance#isJpaTransactionComplianceEnabled == false
12:48:30.420 [main] DEBUG o.h.e.t.internal.TransactionImpl - begin
12:48:30.422 [main] DEBUG o.h.e.t.internal.TransactionImpl - committing
12:48:30.483 [main] INFO  org.camunda.bpm.application - ENGINE-07021 ProcessApplication 'order-creation' registered for DB deployments [1]. Will execute process definitions 

        BulkOrderCreationProcess[version: 1, id: BulkOrderCreationProcess:1:4]
        order-creation[version: 1, id: order-creation:1:7]
Deployment does not provide any case definitions.
12:48:30.488 [main] DEBUG o.h.e.t.internal.TransactionImpl - committing
12:48:30.497 [main] INFO  org.camunda.bpm.container - ENGINE-08050 Process application order-creation successfully deployed
12:48:30.498 [main] INFO  c.d.boc.ProcessScenarioTest - Started ProcessScenarioTest in 6.913 seconds (process running for 14.466)
12:48:31.384 [main] INFO  o.c.c.p.s.p.ProcessEngineCoverageTestExecutionListener - testHappyPath test method coverage is NaN
]]></system-out>
    <system-err><![CDATA[Mockito is currently self-attaching to enable the inline-mock-maker. This will no longer work in future releases of the JDK. Please add Mockito as an agent to your build what is described in Mockito's documentation: https://javadoc.io/doc/org.mockito/mockito-core/latest/org/mockito/Mockito.html#0.3
WARNING: A Java agent has been loaded dynamically (C:\Users\mubee\.m2\repository\net\bytebuddy\byte-buddy-agent\1.15.11\byte-buddy-agent-1.15.11.jar)
WARNING: If a serviceability tool is in use, please run with -XX:+EnableDynamicAgentLoading to hide this warning
WARNING: If a serviceability tool is not in use, please run with -Djdk.instrument.traceUsage for more information
WARNING: Dynamic loading of agents will be disallowed by default in a future release
]]></system-err>
  </testcase>
</testsuite>